2023-07-11 17:50:13.749 [info] Reading sessions from keychain...
2023-07-11 17:50:13.749 [info] Getting sessions for all scopes...
2023-07-11 17:50:13.749 [info] Getting sessions for user:email...
2023-07-11 17:50:13.749 [info] Got stored sessions!
2023-07-11 17:50:13.749 [info] Got 1 verified sessions.
2023-07-11 17:50:13.749 [info] Got 1 sessions for ...
2023-07-11 17:50:13.749 [info] Got 0 sessions for user:email...
2023-07-11 17:50:13.787 [info] Getting sessions for all scopes...
2023-07-11 17:50:13.787 [info] Got 1 sessions for ...
2023-07-11 17:50:13.893 [info] Getting sessions for all scopes...
2023-07-11 17:50:13.893 [info] Got 1 sessions for ...
2023-07-11 17:50:26.960 [info] Reading sessions from keychain...
2023-07-11 17:50:26.960 [info] Getting sessions for all scopes...
2023-07-11 17:50:26.960 [info] Getting sessions for user:email...
2023-07-11 17:50:26.960 [info] Got stored sessions!
2023-07-11 17:50:26.960 [info] Got 1 verified sessions.
2023-07-11 17:50:26.960 [info] Got 1 sessions for ...
2023-07-11 17:50:26.960 [info] Got 0 sessions for user:email...
2023-07-11 17:50:26.960 [info] Getting sessions for all scopes...
2023-07-11 17:50:26.960 [info] Got 1 sessions for ...
2023-07-11 17:50:27.182 [info] Getting sessions for all scopes...
2023-07-11 17:50:27.183 [info] Got 1 sessions for ...
