2023-07-20 20:03:17.386 [info] Added views:workbench.panel.markers.view in workbench.panel.markers
2023-07-20 20:03:17.386 [info] Added views:workbench.panel.output in workbench.panel.output
2023-07-20 20:03:17.386 [info] Added views:terminal in terminal
2023-07-20 20:03:17.386 [info] Added views:outline in workbench.view.explorer
2023-07-20 20:03:17.386 [info] Added views:workbench.scm in workbench.view.scm
2023-07-20 20:03:17.386 [info] Added views:workbench.view.search in workbench.view.search
2023-07-20 20:03:17.386 [info] Added views:timeline in workbench.view.explorer
2023-07-20 20:03:17.386 [info] Added views:workbench.explorer.openEditorsView,workbench.explorer.emptyView in workbench.view.explorer
2023-07-20 20:03:17.841 [info] Added views:workbench.debug.welcome in workbench.view.debug
2023-07-20 20:03:18.234 [info] Added views:liveshare.session in workbench.view.extension.liveshare
2023-07-20 20:03:19.087 [info] Added views:workbench.panel.repl.view in workbench.panel.repl
2023-07-20 20:03:34.361 [info] Added views:workbench.panel.markers.view in workbench.panel.markers
2023-07-20 20:03:34.361 [info] Added views:workbench.panel.output in workbench.panel.output
2023-07-20 20:03:34.361 [info] Added views:terminal in terminal
2023-07-20 20:03:34.361 [info] Added views:outline in workbench.view.explorer
2023-07-20 20:03:34.361 [info] Added views:workbench.scm in workbench.view.scm
2023-07-20 20:03:34.361 [info] Added views:workbench.view.search in workbench.view.search
2023-07-20 20:03:34.361 [info] Added views:timeline in workbench.view.explorer
2023-07-20 20:03:34.361 [info] Added views:workbench.explorer.openEditorsView,workbench.explorer.fileView in workbench.view.explorer
2023-07-20 20:03:34.808 [info] Added views:liveshare.session in workbench.view.extension.liveshare
2023-07-20 20:03:35.052 [info] Added views:workbench.debug.variablesView,workbench.debug.watchExpressionsView,workbench.debug.callStackView,workbench.debug.breakPointsView in workbench.view.debug
2023-07-20 20:03:35.577 [info] Added views:workbench.panel.repl.view in workbench.panel.repl
2023-07-20 20:03:35.581 [info] Removed views:workbench.debug.breakPointsView,workbench.debug.callStackView,workbench.debug.watchExpressionsView,workbench.debug.variablesView from workbench.view.debug
2023-07-20 20:03:35.583 [info] Added views:workbench.debug.welcome in workbench.view.debug
