2023-07-20 20:03:20.177 [info] Reading sessions from keychain...
2023-07-20 20:03:20.177 [info] Getting sessions for all scopes...
2023-07-20 20:03:20.177 [info] Getting sessions for user:email...
2023-07-20 20:03:20.193 [info] Got stored sessions!
2023-07-20 20:03:20.193 [info] Got 1 verified sessions.
2023-07-20 20:03:20.193 [info] Got 1 sessions for ...
2023-07-20 20:03:20.196 [info] Got 0 sessions for user:email...
2023-07-20 20:03:20.418 [info] Getting sessions for all scopes...
2023-07-20 20:03:20.418 [info] Got 1 sessions for ...
2023-07-20 20:03:35.701 [info] Reading sessions from keychain...
2023-07-20 20:03:35.701 [info] Getting sessions for all scopes...
2023-07-20 20:03:35.701 [info] Got stored sessions!
2023-07-20 20:03:35.701 [info] Got 1 verified sessions.
2023-07-20 20:03:35.702 [info] Got 1 sessions for ...
2023-07-20 20:03:35.702 [info] Getting sessions for user:email...
2023-07-20 20:03:35.702 [info] Got 0 sessions for user:email...
2023-07-20 20:03:35.702 [info] Getting sessions for all scopes...
2023-07-20 20:03:35.702 [info] Got 1 sessions for ...
2023-07-20 20:03:36.016 [info] Getting sessions for all scopes...
2023-07-20 20:03:36.016 [info] Got 1 sessions for ...
