2023-07-25 11:54:08.657 [info] Log level: Info
2023-07-25 11:54:08.657 [info] Validating found git in: "git"
2023-07-25 11:54:08.657 [info] Using git "2.41.0" from "git"
2023-07-25 11:54:08.657 [info] > git rev-parse --show-toplevel [15ms]
2023-07-25 11:54:08.657 [info] > git rev-parse --git-dir --git-common-dir [6ms]
2023-07-25 11:54:08.657 [info] Open repository: /mnt/data69/hewol/aerOS/aerOS-pfetch
2023-07-25 11:54:08.657 [info] > git config --get commit.template [41ms]
2023-07-25 11:54:08.657 [info] > git rev-parse --show-toplevel [73ms]
2023-07-25 11:54:08.723 [info] > git for-each-ref --format=%(refname)%00%(upstream:short)%00%(objectname)%00%(upstream:track)%00%(upstream:remotename)%00%(upstream:remoteref) refs/heads/master refs/remotes/master [26ms]
2023-07-25 11:54:08.774 [info] > git status -z -uall [25ms]
2023-07-25 11:54:08.854 [info] > git config --get commit.template [46ms]
2023-07-25 11:54:08.874 [info] > git for-each-ref --format=%(refname)%00%(upstream:short)%00%(objectname)%00%(upstream:track)%00%(upstream:remotename)%00%(upstream:remoteref) refs/heads/master refs/remotes/master [32ms]
2023-07-25 11:54:08.914 [info] > git status -z -uall [24ms]
2023-07-25 11:54:09.150 [info] > git check-ignore -v -z --stdin [2ms]
2023-07-25 11:54:09.525 [info] > git fetch [964ms]
2023-07-25 11:54:09.553 [info] > git config --get commit.template [12ms]
2023-07-25 11:54:09.559 [info] > git for-each-ref --format=%(refname)%00%(upstream:short)%00%(objectname)%00%(upstream:track)%00%(upstream:remotename)%00%(upstream:remoteref) refs/heads/master refs/remotes/master [7ms]
2023-07-25 11:54:09.589 [info] > git status -z -uall [20ms]
2023-07-25 11:54:09.886 [info] > git show --textconv :Makefile [10ms]
2023-07-25 11:54:09.898 [info] > git ls-files --stage -- /mnt/data69/hewol/aerOS/aerOS-pfetch/Makefile [12ms]
2023-07-25 11:54:09.912 [info] > git cat-file -s 6ec291da0f6cccdd14f4e350662afa1eae1baf52 [7ms]
2023-07-25 11:54:10.780 [info] > git config --get commit.template [17ms]
2023-07-25 11:54:10.799 [info] > git for-each-ref --format=%(refname)%00%(upstream:short)%00%(objectname)%00%(upstream:track)%00%(upstream:remotename)%00%(upstream:remoteref) refs/heads/master refs/remotes/master [5ms]
2023-07-25 11:54:10.821 [info] > git status -z -uall [13ms]
2023-07-25 11:54:11.131 [info] > git ls-files --stage -- /mnt/data69/hewol/aerOS/aerOS-pfetch/Makefile [14ms]
2023-07-25 11:54:11.153 [info] > git cat-file -s 6ec291da0f6cccdd14f4e350662afa1eae1baf52 [11ms]
2023-07-25 11:54:11.187 [info] > git show --textconv :Makefile [9ms]
2023-07-25 11:54:13.338 [info] > git show --textconv :LICENSE.md [46ms]
2023-07-25 11:54:13.342 [info] > git ls-files --stage -- /mnt/data69/hewol/aerOS/aerOS-pfetch/LICENSE.md [5ms]
2023-07-25 11:54:13.385 [info] > git cat-file -s 6867a5b23b97c4cbfe11b9468b1cc9966d6ce4a9 [1ms]
2023-07-25 11:54:14.441 [info] > git ls-files --stage -- /mnt/data69/hewol/aerOS/aerOS-pfetch/pfetch [18ms]
2023-07-25 11:54:14.459 [info] > git show --textconv :pfetch [52ms]
2023-07-25 11:54:14.466 [info] > git cat-file -s d47b8788b56a14580359551b62c2421447b0fc1a [8ms]
2023-07-25 11:57:57.087 [info] > git fetch [878ms]
2023-07-25 11:57:57.116 [info] > git config --get commit.template [14ms]
2023-07-25 11:57:57.119 [info] > git for-each-ref --format=%(refname)%00%(upstream:short)%00%(objectname)%00%(upstream:track)%00%(upstream:remotename)%00%(upstream:remoteref) refs/heads/master refs/remotes/master [9ms]
2023-07-25 11:57:57.136 [info] > git status -z -uall [11ms]
2023-07-25 11:57:58.192 [info] > git config --get commit.template [16ms]
2023-07-25 11:57:58.197 [info] > git for-each-ref --format=%(refname)%00%(upstream:short)%00%(objectname)%00%(upstream:track)%00%(upstream:remotename)%00%(upstream:remoteref) refs/heads/master refs/remotes/master [7ms]
2023-07-25 11:57:58.206 [info] > git status -z -uall [4ms]
2023-07-25 11:57:58.270 [info] > git ls-files --stage -- /mnt/data69/hewol/aerOS/aerOS-pfetch/pfetch [2ms]
2023-07-25 11:57:58.279 [info] > git cat-file -s d47b8788b56a14580359551b62c2421447b0fc1a [3ms]
2023-07-25 11:57:58.292 [info] > git show --textconv :pfetch [4ms]
2023-07-25 12:00:26.878 [info] > git config --get commit.template [12ms]
2023-07-25 12:00:26.882 [info] > git for-each-ref --format=%(refname)%00%(upstream:short)%00%(objectname)%00%(upstream:track)%00%(upstream:remotename)%00%(upstream:remoteref) refs/heads/master refs/remotes/master [10ms]
2023-07-25 12:00:26.900 [info] > git status -z -uall [10ms]
2023-07-25 12:01:24.214 [info] > git fetch [873ms]
2023-07-25 12:01:24.232 [info] > git config --get commit.template [7ms]
2023-07-25 12:01:24.237 [info] > git for-each-ref --format=%(refname)%00%(upstream:short)%00%(objectname)%00%(upstream:track)%00%(upstream:remotename)%00%(upstream:remoteref) refs/heads/master refs/remotes/master [6ms]
2023-07-25 12:01:24.247 [info] > git status -z -uall [4ms]
2023-07-25 12:01:25.357 [info] > git config --get commit.template [16ms]
2023-07-25 12:01:25.360 [info] > git for-each-ref --format=%(refname)%00%(upstream:short)%00%(objectname)%00%(upstream:track)%00%(upstream:remotename)%00%(upstream:remoteref) refs/heads/master refs/remotes/master [6ms]
2023-07-25 12:01:25.373 [info] > git status -z -uall [6ms]
2023-07-25 12:01:25.437 [info] > git ls-files --stage -- /mnt/data69/hewol/aerOS/aerOS-pfetch/pfetch [6ms]
2023-07-25 12:01:25.444 [info] > git cat-file -s d47b8788b56a14580359551b62c2421447b0fc1a [1ms]
2023-07-25 12:01:25.453 [info] > git show --textconv :pfetch [3ms]
2023-07-25 12:02:11.446 [info] > git config --get commit.template [13ms]
2023-07-25 12:02:11.455 [info] > git for-each-ref --format=%(refname)%00%(upstream:short)%00%(objectname)%00%(upstream:track)%00%(upstream:remotename)%00%(upstream:remoteref) refs/heads/master refs/remotes/master [9ms]
2023-07-25 12:02:11.474 [info] > git status -z -uall [9ms]
2023-07-25 12:06:40.100 [info] > git fetch [905ms]
2023-07-25 12:06:40.115 [info] > git config --get commit.template [6ms]
2023-07-25 12:06:40.116 [info] > git for-each-ref --format=%(refname)%00%(upstream:short)%00%(objectname)%00%(upstream:track)%00%(upstream:remotename)%00%(upstream:remoteref) refs/heads/master refs/remotes/master [2ms]
2023-07-25 12:06:40.126 [info] > git status -z -uall [5ms]
2023-07-25 12:06:41.211 [info] > git for-each-ref --format=%(refname)%00%(upstream:short)%00%(objectname)%00%(upstream:track)%00%(upstream:remotename)%00%(upstream:remoteref) refs/heads/master refs/remotes/master [14ms]
2023-07-25 12:06:41.211 [info] > git config --get commit.template [30ms]
2023-07-25 12:06:41.226 [info] > git status -z -uall [6ms]
2023-07-25 12:06:41.270 [info] > git ls-files --stage -- /mnt/data69/hewol/aerOS/aerOS-pfetch/pfetch [2ms]
2023-07-25 12:06:41.276 [info] > git cat-file -s d47b8788b56a14580359551b62c2421447b0fc1a [2ms]
2023-07-25 12:06:41.285 [info] > git show --textconv :pfetch [3ms]
2023-07-25 12:07:30.534 [info] > git config --get commit.template [11ms]
2023-07-25 12:07:30.544 [info] > git for-each-ref --format=%(refname)%00%(upstream:short)%00%(objectname)%00%(upstream:track)%00%(upstream:remotename)%00%(upstream:remoteref) refs/heads/master refs/remotes/master [12ms]
2023-07-25 12:07:30.577 [info] > git status -z -uall [13ms]
2023-07-25 12:09:41.126 [info] > git fetch [977ms]
2023-07-25 12:09:41.167 [info] > git config --get commit.template [21ms]
2023-07-25 12:09:41.172 [info] > git for-each-ref --format=%(refname)%00%(upstream:short)%00%(objectname)%00%(upstream:track)%00%(upstream:remotename)%00%(upstream:remoteref) refs/heads/master refs/remotes/master [10ms]
2023-07-25 12:09:41.192 [info] > git status -z -uall [12ms]
2023-07-25 12:09:42.234 [info] > git config --get commit.template [16ms]
2023-07-25 12:09:42.241 [info] > git for-each-ref --format=%(refname)%00%(upstream:short)%00%(objectname)%00%(upstream:track)%00%(upstream:remotename)%00%(upstream:remoteref) refs/heads/master refs/remotes/master [9ms]
2023-07-25 12:09:42.250 [info] > git status -z -uall [4ms]
2023-07-25 12:09:42.330 [info] > git ls-files --stage -- /mnt/data69/hewol/aerOS/aerOS-pfetch/pfetch [6ms]
2023-07-25 12:09:42.352 [info] > git cat-file -s d47b8788b56a14580359551b62c2421447b0fc1a [9ms]
2023-07-25 12:09:42.370 [info] > git show --textconv :pfetch [2ms]
2023-07-25 12:09:55.461 [info] > git config --get commit.template [16ms]
2023-07-25 12:09:55.468 [info] > git for-each-ref --format=%(refname)%00%(upstream:short)%00%(objectname)%00%(upstream:track)%00%(upstream:remotename)%00%(upstream:remoteref) refs/heads/master refs/remotes/master [9ms]
2023-07-25 12:09:55.476 [info] > git status -z -uall [4ms]
2023-07-25 12:10:37.456 [info] > git show --textconv :.editorconfig [6ms]
2023-07-25 12:10:37.457 [info] > git ls-files --stage -- /mnt/data69/hewol/aerOS/aerOS-pfetch/.editorconfig [2ms]
2023-07-25 12:10:37.463 [info] > git cat-file -s 63b7c9fd89bbeb6edf42fb970209974a04022c05 [2ms]
2023-07-25 12:10:41.047 [info] > git check-ignore -v -z --stdin [7ms]
2023-07-25 12:10:41.454 [info] > git show --textconv :.github/workflows/main.yml [8ms]
2023-07-25 12:10:41.456 [info] > git ls-files --stage -- /mnt/data69/hewol/aerOS/aerOS-pfetch/.github/workflows/main.yml [3ms]
2023-07-25 12:10:41.466 [info] > git cat-file -s 87a06ab382a1305664a63784289e67e6056f9b6a [3ms]
2023-07-25 12:10:49.437 [info] > git show --textconv :LICENSE.md [7ms]
2023-07-25 12:10:49.438 [info] > git ls-files --stage -- /mnt/data69/hewol/aerOS/aerOS-pfetch/LICENSE.md [2ms]
2023-07-25 12:10:49.447 [info] > git cat-file -s 6867a5b23b97c4cbfe11b9468b1cc9966d6ce4a9 [3ms]
2023-07-25 12:12:42.156 [info] > git fetch [936ms]
2023-07-25 12:12:42.168 [info] > git config --get commit.template [6ms]
2023-07-25 12:12:42.170 [info] > git for-each-ref --format=%(refname)%00%(upstream:short)%00%(objectname)%00%(upstream:track)%00%(upstream:remotename)%00%(upstream:remoteref) refs/heads/master refs/remotes/master [2ms]
2023-07-25 12:12:42.177 [info] > git status -z -uall [3ms]
2023-07-25 12:12:43.260 [info] > git config --get commit.template [11ms]
2023-07-25 12:12:43.264 [info] > git for-each-ref --format=%(refname)%00%(upstream:short)%00%(objectname)%00%(upstream:track)%00%(upstream:remotename)%00%(upstream:remoteref) refs/heads/master refs/remotes/master [4ms]
2023-07-25 12:12:43.272 [info] > git status -z -uall [4ms]
2023-07-25 12:12:43.345 [info] > git ls-files --stage -- /mnt/data69/hewol/aerOS/aerOS-pfetch/pfetch [7ms]
2023-07-25 12:12:43.350 [info] > git ls-files --stage -- /mnt/data69/hewol/aerOS/aerOS-pfetch/LICENSE.md [6ms]
2023-07-25 12:12:43.356 [info] > git cat-file -s d47b8788b56a14580359551b62c2421447b0fc1a [7ms]
2023-07-25 12:12:43.362 [info] > git cat-file -s 6867a5b23b97c4cbfe11b9468b1cc9966d6ce4a9 [7ms]
2023-07-25 12:12:43.369 [info] > git show --textconv :pfetch [8ms]
2023-07-25 12:12:43.370 [info] > git show --textconv :LICENSE.md [3ms]
2023-07-25 12:15:43.157 [info] > git fetch [932ms]
2023-07-25 12:15:43.173 [info] > git config --get commit.template [7ms]
2023-07-25 12:15:43.175 [info] > git for-each-ref --format=%(refname)%00%(upstream:short)%00%(objectname)%00%(upstream:track)%00%(upstream:remotename)%00%(upstream:remoteref) refs/heads/master refs/remotes/master [3ms]
2023-07-25 12:15:43.185 [info] > git status -z -uall [3ms]
2023-07-25 12:15:44.264 [info] > git config --get commit.template [13ms]
2023-07-25 12:15:44.289 [info] > git for-each-ref --format=%(refname)%00%(upstream:short)%00%(objectname)%00%(upstream:track)%00%(upstream:remotename)%00%(upstream:remoteref) refs/heads/master refs/remotes/master [8ms]
2023-07-25 12:15:44.299 [info] > git status -z -uall [4ms]
2023-07-25 12:15:44.371 [info] > git ls-files --stage -- /mnt/data69/hewol/aerOS/aerOS-pfetch/pfetch [18ms]
2023-07-25 12:15:44.387 [info] > git ls-files --stage -- /mnt/data69/hewol/aerOS/aerOS-pfetch/LICENSE.md [18ms]
2023-07-25 12:15:44.396 [info] > git cat-file -s d47b8788b56a14580359551b62c2421447b0fc1a [11ms]
2023-07-25 12:15:44.403 [info] > git cat-file -s 6867a5b23b97c4cbfe11b9468b1cc9966d6ce4a9 [8ms]
2023-07-25 12:15:44.406 [info] > git show --textconv :pfetch [4ms]
2023-07-25 12:15:44.415 [info] > git show --textconv :LICENSE.md [3ms]
2023-07-25 12:16:34.604 [info] > git config --get commit.template [36ms]
2023-07-25 12:16:34.629 [info] > git for-each-ref --format=%(refname)%00%(upstream:short)%00%(objectname)%00%(upstream:track)%00%(upstream:remotename)%00%(upstream:remoteref) refs/heads/master refs/remotes/master [29ms]
2023-07-25 12:16:34.672 [info] > git status -z -uall [24ms]
2023-07-25 12:17:41.665 [info] > git config --get commit.template [12ms]
2023-07-25 12:17:41.669 [info] > git for-each-ref --format=%(refname)%00%(upstream:short)%00%(objectname)%00%(upstream:track)%00%(upstream:remotename)%00%(upstream:remoteref) refs/heads/master refs/remotes/master [5ms]
2023-07-25 12:17:41.690 [info] > git status -z -uall [7ms]
2023-07-25 12:19:20.809 [info] > git fetch [1022ms]
2023-07-25 12:19:20.869 [info] > git config --get commit.template [19ms]
2023-07-25 12:19:20.872 [info] > git for-each-ref --format=%(refname)%00%(upstream:short)%00%(objectname)%00%(upstream:track)%00%(upstream:remotename)%00%(upstream:remoteref) refs/heads/master refs/remotes/master [5ms]
2023-07-25 12:19:20.891 [info] > git status -z -uall [10ms]
2023-07-25 12:19:22.035 [info] > git ls-files --stage -- /mnt/data69/hewol/aerOS/aerOS-pfetch/pfetch [37ms]
2023-07-25 12:19:22.080 [info] > git ls-files --stage -- /mnt/data69/hewol/aerOS/aerOS-pfetch/LICENSE.md [52ms]
2023-07-25 12:19:22.097 [info] > git cat-file -s d47b8788b56a14580359551b62c2421447b0fc1a [34ms]
2023-07-25 12:19:22.099 [info] > git cat-file -s 6867a5b23b97c4cbfe11b9468b1cc9966d6ce4a9 [4ms]
2023-07-25 12:19:22.161 [info] > git show --textconv :pfetch [18ms]
2023-07-25 12:19:22.168 [info] > git show --textconv :LICENSE.md [9ms]
2023-07-25 12:20:59.303 [info] > git config --get commit.template [16ms]
2023-07-25 12:20:59.314 [info] > git for-each-ref --format=%(refname)%00%(upstream:short)%00%(objectname)%00%(upstream:track)%00%(upstream:remotename)%00%(upstream:remoteref) refs/heads/master refs/remotes/master [14ms]
2023-07-25 12:20:59.332 [info] > git status -z -uall [5ms]
2023-07-25 12:21:23.478 [info] > git config --get commit.template [20ms]
2023-07-25 12:21:23.490 [info] > git for-each-ref --format=%(refname)%00%(upstream:short)%00%(objectname)%00%(upstream:track)%00%(upstream:remotename)%00%(upstream:remoteref) refs/heads/master refs/remotes/master [11ms]
2023-07-25 12:21:23.510 [info] > git status -z -uall [12ms]
2023-07-25 12:21:42.417 [info] > git config --get commit.template [27ms]
2023-07-25 12:21:42.425 [info] > git for-each-ref --format=%(refname)%00%(upstream:short)%00%(objectname)%00%(upstream:track)%00%(upstream:remotename)%00%(upstream:remoteref) refs/heads/master refs/remotes/master [13ms]
2023-07-25 12:21:42.442 [info] > git status -z -uall [7ms]
2023-07-25 12:22:21.839 [info] > git fetch [917ms]
2023-07-25 12:22:21.850 [info] > git config --get commit.template [6ms]
2023-07-25 12:22:21.852 [info] > git for-each-ref --format=%(refname)%00%(upstream:short)%00%(objectname)%00%(upstream:track)%00%(upstream:remotename)%00%(upstream:remoteref) refs/heads/master refs/remotes/master [3ms]
2023-07-25 12:22:21.859 [info] > git status -z -uall [3ms]
2023-07-25 12:22:22.946 [info] > git config --get commit.template [17ms]
2023-07-25 12:22:22.957 [info] > git for-each-ref --format=%(refname)%00%(upstream:short)%00%(objectname)%00%(upstream:track)%00%(upstream:remotename)%00%(upstream:remoteref) refs/heads/master refs/remotes/master [14ms]
2023-07-25 12:22:23.000 [info] > git status -z -uall [18ms]
2023-07-25 12:22:23.043 [info] > git ls-files --stage -- /mnt/data69/hewol/aerOS/aerOS-pfetch/pfetch [11ms]
2023-07-25 12:22:23.051 [info] > git ls-files --stage -- /mnt/data69/hewol/aerOS/aerOS-pfetch/LICENSE.md [8ms]
2023-07-25 12:22:23.057 [info] > git cat-file -s d47b8788b56a14580359551b62c2421447b0fc1a [8ms]
2023-07-25 12:22:23.064 [info] > git cat-file -s 6867a5b23b97c4cbfe11b9468b1cc9966d6ce4a9 [8ms]
2023-07-25 12:22:23.070 [info] > git show --textconv :pfetch [6ms]
2023-07-25 12:22:23.074 [info] > git show --textconv :LICENSE.md [4ms]
2023-07-25 12:22:58.431 [info] > git config --get commit.template [11ms]
2023-07-25 12:22:58.436 [info] > git for-each-ref --format=%(refname)%00%(upstream:short)%00%(objectname)%00%(upstream:track)%00%(upstream:remotename)%00%(upstream:remoteref) refs/heads/master refs/remotes/master [6ms]
2023-07-25 12:22:58.446 [info] > git status -z -uall [5ms]
2023-07-25 12:27:42.846 [info] > git fetch [940ms]
2023-07-25 12:27:42.908 [info] > git config --get commit.template [22ms]
2023-07-25 12:27:42.912 [info] > git for-each-ref --format=%(refname)%00%(upstream:short)%00%(objectname)%00%(upstream:track)%00%(upstream:remotename)%00%(upstream:remoteref) refs/heads/master refs/remotes/master [12ms]
2023-07-25 12:27:42.928 [info] > git status -z -uall [6ms]
2023-07-25 12:27:44.041 [info] > git ls-files --stage -- /mnt/data69/hewol/aerOS/aerOS-pfetch/pfetch [16ms]
2023-07-25 12:27:44.056 [info] > git ls-files --stage -- /mnt/data69/hewol/aerOS/aerOS-pfetch/LICENSE.md [20ms]
2023-07-25 12:27:44.065 [info] > git cat-file -s d47b8788b56a14580359551b62c2421447b0fc1a [11ms]
2023-07-25 12:27:44.072 [info] > git cat-file -s 6867a5b23b97c4cbfe11b9468b1cc9966d6ce4a9 [8ms]
2023-07-25 12:27:44.097 [info] > git show --textconv :pfetch [15ms]
2023-07-25 12:27:44.105 [info] > git show --textconv :LICENSE.md [9ms]
2023-07-25 12:30:17.405 [info] > git config --get commit.template [17ms]
2023-07-25 12:30:17.409 [info] > git for-each-ref --format=%(refname)%00%(upstream:short)%00%(objectname)%00%(upstream:track)%00%(upstream:remotename)%00%(upstream:remoteref) refs/heads/master refs/remotes/master [9ms]
2023-07-25 12:30:17.420 [info] > git status -z -uall [6ms]
2023-07-25 12:30:43.852 [info] > git fetch [894ms]
2023-07-25 12:30:43.863 [info] > git config --get commit.template [5ms]
2023-07-25 12:30:43.866 [info] > git for-each-ref --format=%(refname)%00%(upstream:short)%00%(objectname)%00%(upstream:track)%00%(upstream:remotename)%00%(upstream:remoteref) refs/heads/master refs/remotes/master [3ms]
2023-07-25 12:30:43.873 [info] > git status -z -uall [3ms]
2023-07-25 12:30:44.937 [info] > git config --get commit.template [7ms]
2023-07-25 12:30:44.940 [info] > git for-each-ref --format=%(refname)%00%(upstream:short)%00%(objectname)%00%(upstream:track)%00%(upstream:remotename)%00%(upstream:remoteref) refs/heads/master refs/remotes/master [3ms]
2023-07-25 12:30:44.951 [info] > git status -z -uall [5ms]
2023-07-25 12:30:45.030 [info] > git ls-files --stage -- /mnt/data69/hewol/aerOS/aerOS-pfetch/pfetch [7ms]
2023-07-25 12:30:45.036 [info] > git ls-files --stage -- /mnt/data69/hewol/aerOS/aerOS-pfetch/LICENSE.md [7ms]
2023-07-25 12:30:45.043 [info] > git cat-file -s d47b8788b56a14580359551b62c2421447b0fc1a [8ms]
2023-07-25 12:30:45.051 [info] > git cat-file -s 6867a5b23b97c4cbfe11b9468b1cc9966d6ce4a9 [9ms]
2023-07-25 12:30:45.060 [info] > git show --textconv :pfetch [10ms]
2023-07-25 12:30:45.068 [info] > git show --textconv :LICENSE.md [8ms]
2023-07-25 12:33:10.823 [info] > git config --get commit.template [12ms]
2023-07-25 12:33:10.846 [info] > git for-each-ref --format=%(refname)%00%(upstream:short)%00%(objectname)%00%(upstream:track)%00%(upstream:remotename)%00%(upstream:remoteref) refs/heads/master refs/remotes/master [4ms]
2023-07-25 12:33:10.864 [info] > git status -z -uall [6ms]
2023-07-25 12:33:15.911 [info] > git config --get commit.template [17ms]
2023-07-25 12:33:15.918 [info] > git for-each-ref --format=%(refname)%00%(upstream:short)%00%(objectname)%00%(upstream:track)%00%(upstream:remotename)%00%(upstream:remoteref) refs/heads/master refs/remotes/master [9ms]
2023-07-25 12:33:15.926 [info] > git status -z -uall [3ms]
2023-07-25 12:33:27.931 [info] > git config --get commit.template [19ms]
2023-07-25 12:33:27.935 [info] > git for-each-ref --format=%(refname)%00%(upstream:short)%00%(objectname)%00%(upstream:track)%00%(upstream:remotename)%00%(upstream:remoteref) refs/heads/master refs/remotes/master [5ms]
2023-07-25 12:33:27.958 [info] > git status -z -uall [8ms]
2023-07-25 12:33:52.580 [info] > git config --get commit.template [16ms]
2023-07-25 12:33:52.583 [info] > git for-each-ref --format=%(refname)%00%(upstream:short)%00%(objectname)%00%(upstream:track)%00%(upstream:remotename)%00%(upstream:remoteref) refs/heads/master refs/remotes/master [4ms]
2023-07-25 12:33:52.592 [info] > git status -z -uall [3ms]
2023-07-25 12:33:53.490 [info] > git fetch [937ms]
2023-07-25 12:33:53.526 [info] > git config --get commit.template [18ms]
2023-07-25 12:33:53.535 [info] > git for-each-ref --format=%(refname)%00%(upstream:short)%00%(objectname)%00%(upstream:track)%00%(upstream:remotename)%00%(upstream:remoteref) refs/heads/master refs/remotes/master [12ms]
2023-07-25 12:33:53.574 [info] > git status -z -uall [17ms]
2023-07-25 12:33:54.696 [info] > git ls-files --stage -- /mnt/data69/hewol/aerOS/aerOS-pfetch/pfetch [11ms]
2023-07-25 12:33:54.706 [info] > git ls-files --stage -- /mnt/data69/hewol/aerOS/aerOS-pfetch/LICENSE.md [10ms]
2023-07-25 12:33:54.715 [info] > git cat-file -s d47b8788b56a14580359551b62c2421447b0fc1a [11ms]
2023-07-25 12:33:54.724 [info] > git cat-file -s 6867a5b23b97c4cbfe11b9468b1cc9966d6ce4a9 [10ms]
2023-07-25 12:33:54.732 [info] > git show --textconv :pfetch [9ms]
2023-07-25 12:33:54.734 [info] > git show --textconv :LICENSE.md [2ms]
2023-07-25 12:34:57.334 [info] > git config --get commit.template [10ms]
2023-07-25 12:34:57.337 [info] > git for-each-ref --format=%(refname)%00%(upstream:short)%00%(objectname)%00%(upstream:track)%00%(upstream:remotename)%00%(upstream:remoteref) refs/heads/master refs/remotes/master [6ms]
2023-07-25 12:34:57.353 [info] > git status -z -uall [10ms]
2023-07-25 12:35:14.941 [info] > git config --get commit.template [17ms]
2023-07-25 12:35:14.952 [info] > git for-each-ref --format=%(refname)%00%(upstream:short)%00%(objectname)%00%(upstream:track)%00%(upstream:remotename)%00%(upstream:remoteref) refs/heads/master refs/remotes/master [13ms]
2023-07-25 12:35:14.988 [info] > git status -z -uall [13ms]
2023-07-25 12:35:32.559 [info] > git config --get commit.template [9ms]
2023-07-25 12:35:32.565 [info] > git for-each-ref --format=%(refname)%00%(upstream:short)%00%(objectname)%00%(upstream:track)%00%(upstream:remotename)%00%(upstream:remoteref) refs/heads/master refs/remotes/master [6ms]
2023-07-25 12:35:32.590 [info] > git status -z -uall [15ms]
2023-07-25 12:39:59.808 [info] > git fetch [984ms]
2023-07-25 12:39:59.824 [info] > git config --get commit.template [5ms]
2023-07-25 12:39:59.825 [info] > git for-each-ref --format=%(refname)%00%(upstream:short)%00%(objectname)%00%(upstream:track)%00%(upstream:remotename)%00%(upstream:remoteref) refs/heads/master refs/remotes/master [2ms]
2023-07-25 12:39:59.833 [info] > git status -z -uall [3ms]
2023-07-25 12:40:00.897 [info] > git config --get commit.template [12ms]
2023-07-25 12:40:00.901 [info] > git for-each-ref --format=%(refname)%00%(upstream:short)%00%(objectname)%00%(upstream:track)%00%(upstream:remotename)%00%(upstream:remoteref) refs/heads/master refs/remotes/master [6ms]
2023-07-25 12:40:00.910 [info] > git status -z -uall [4ms]
2023-07-25 12:40:00.992 [info] > git ls-files --stage -- /mnt/data69/hewol/aerOS/aerOS-pfetch/pfetch [7ms]
2023-07-25 12:40:00.999 [info] > git ls-files --stage -- /mnt/data69/hewol/aerOS/aerOS-pfetch/LICENSE.md [7ms]
2023-07-25 12:40:01.006 [info] > git cat-file -s d47b8788b56a14580359551b62c2421447b0fc1a [8ms]
2023-07-25 12:40:01.007 [info] > git cat-file -s 6867a5b23b97c4cbfe11b9468b1cc9966d6ce4a9 [2ms]
2023-07-25 12:40:01.018 [info] > git show --textconv :pfetch [4ms]
2023-07-25 12:40:01.033 [info] > git show --textconv :LICENSE.md [5ms]
2023-07-25 12:41:35.469 [info] > git config --get commit.template [14ms]
2023-07-25 12:41:35.478 [info] > git for-each-ref --format=%(refname)%00%(upstream:short)%00%(objectname)%00%(upstream:track)%00%(upstream:remotename)%00%(upstream:remoteref) refs/heads/master refs/remotes/master [10ms]
2023-07-25 12:41:35.491 [info] > git status -z -uall [5ms]
2023-07-25 12:41:42.313 [info] > git config --get commit.template [14ms]
2023-07-25 12:41:42.317 [info] > git for-each-ref --format=%(refname)%00%(upstream:short)%00%(objectname)%00%(upstream:track)%00%(upstream:remotename)%00%(upstream:remoteref) refs/heads/master refs/remotes/master [6ms]
2023-07-25 12:41:42.328 [info] > git status -z -uall [6ms]
2023-07-25 12:41:48.336 [info] > git config --get commit.template [17ms]
2023-07-25 12:41:48.345 [info] > git for-each-ref --format=%(refname)%00%(upstream:short)%00%(objectname)%00%(upstream:track)%00%(upstream:remotename)%00%(upstream:remoteref) refs/heads/master refs/remotes/master [10ms]
2023-07-25 12:41:48.374 [info] > git status -z -uall [14ms]
2023-07-25 12:42:33.202 [info] > git config --get commit.template [18ms]
2023-07-25 12:42:33.208 [info] > git for-each-ref --format=%(refname)%00%(upstream:short)%00%(objectname)%00%(upstream:track)%00%(upstream:remotename)%00%(upstream:remoteref) refs/heads/master refs/remotes/master [7ms]
2023-07-25 12:42:33.224 [info] > git status -z -uall [7ms]
2023-07-25 12:42:38.262 [info] > git config --get commit.template [17ms]
2023-07-25 12:42:38.270 [info] > git for-each-ref --format=%(refname)%00%(upstream:short)%00%(objectname)%00%(upstream:track)%00%(upstream:remotename)%00%(upstream:remoteref) refs/heads/master refs/remotes/master [10ms]
2023-07-25 12:42:38.279 [info] > git status -z -uall [4ms]
2023-07-25 12:43:24.898 [info] > git config --get commit.template [8ms]
2023-07-25 12:43:24.901 [info] > git for-each-ref --format=%(refname)%00%(upstream:short)%00%(objectname)%00%(upstream:track)%00%(upstream:remotename)%00%(upstream:remoteref) refs/heads/master refs/remotes/master [4ms]
2023-07-25 12:43:24.926 [info] > git status -z -uall [18ms]
2023-07-25 12:43:25.732 [info] > git fetch [856ms]
2023-07-25 12:43:25.743 [info] > git config --get commit.template [6ms]
2023-07-25 12:43:25.745 [info] > git for-each-ref --format=%(refname)%00%(upstream:short)%00%(objectname)%00%(upstream:track)%00%(upstream:remotename)%00%(upstream:remoteref) refs/heads/master refs/remotes/master [3ms]
2023-07-25 12:43:25.752 [info] > git status -z -uall [3ms]
2023-07-25 12:43:26.941 [info] > git ls-files --stage -- /mnt/data69/hewol/aerOS/aerOS-pfetch/pfetch [17ms]
2023-07-25 12:43:26.953 [info] > git ls-files --stage -- /mnt/data69/hewol/aerOS/aerOS-pfetch/LICENSE.md [14ms]
2023-07-25 12:43:26.971 [info] > git cat-file -s d47b8788b56a14580359551b62c2421447b0fc1a [20ms]
2023-07-25 12:43:26.981 [info] > git cat-file -s 6867a5b23b97c4cbfe11b9468b1cc9966d6ce4a9 [10ms]
2023-07-25 12:43:26.991 [info] > git show --textconv :pfetch [11ms]
2023-07-25 12:43:26.994 [info] > git show --textconv :LICENSE.md [3ms]
2023-07-25 12:43:29.973 [info] > git config --get commit.template [22ms]
2023-07-25 12:43:29.979 [info] > git for-each-ref --format=%(refname)%00%(upstream:short)%00%(objectname)%00%(upstream:track)%00%(upstream:remotename)%00%(upstream:remoteref) refs/heads/master refs/remotes/master [7ms]
2023-07-25 12:43:29.991 [info] > git status -z -uall [5ms]
2023-07-25 12:44:44.307 [info] > git config --get commit.template [15ms]
2023-07-25 12:44:44.314 [info] > git for-each-ref --format=%(refname)%00%(upstream:short)%00%(objectname)%00%(upstream:track)%00%(upstream:remotename)%00%(upstream:remoteref) refs/heads/master refs/remotes/master [7ms]
2023-07-25 12:44:44.336 [info] > git status -z -uall [8ms]
2023-07-25 12:45:07.607 [info] > git config --get commit.template [13ms]
2023-07-25 12:45:07.611 [info] > git for-each-ref --format=%(refname)%00%(upstream:short)%00%(objectname)%00%(upstream:track)%00%(upstream:remotename)%00%(upstream:remoteref) refs/heads/master refs/remotes/master [4ms]
2023-07-25 12:45:07.624 [info] > git status -z -uall [7ms]
2023-07-25 12:46:14.629 [info] > git config --get commit.template [9ms]
2023-07-25 12:46:14.635 [info] > git for-each-ref --format=%(refname)%00%(upstream:short)%00%(objectname)%00%(upstream:track)%00%(upstream:remotename)%00%(upstream:remoteref) refs/heads/master refs/remotes/master [6ms]
2023-07-25 12:46:14.651 [info] > git status -z -uall [9ms]
2023-07-25 12:46:27.644 [info] > git fetch [882ms]
2023-07-25 12:46:27.657 [info] > git for-each-ref --format=%(refname)%00%(upstream:short)%00%(objectname)%00%(upstream:track)%00%(upstream:remotename)%00%(upstream:remoteref) refs/heads/master refs/remotes/master [3ms]
2023-07-25 12:46:27.657 [info] > git config --get commit.template [8ms]
2023-07-25 12:46:27.665 [info] > git status -z -uall [3ms]
2023-07-25 12:46:28.734 [info] > git config --get commit.template [8ms]
2023-07-25 12:46:28.739 [info] > git for-each-ref --format=%(refname)%00%(upstream:short)%00%(objectname)%00%(upstream:track)%00%(upstream:remotename)%00%(upstream:remoteref) refs/heads/master refs/remotes/master [6ms]
2023-07-25 12:46:28.755 [info] > git status -z -uall [6ms]
2023-07-25 12:46:28.845 [info] > git ls-files --stage -- /mnt/data69/hewol/aerOS/aerOS-pfetch/pfetch [17ms]
2023-07-25 12:46:28.858 [info] > git ls-files --stage -- /mnt/data69/hewol/aerOS/aerOS-pfetch/LICENSE.md [15ms]
2023-07-25 12:46:28.869 [info] > git cat-file -s d47b8788b56a14580359551b62c2421447b0fc1a [14ms]
2023-07-25 12:46:28.881 [info] > git cat-file -s 6867a5b23b97c4cbfe11b9468b1cc9966d6ce4a9 [13ms]
2023-07-25 12:46:28.888 [info] > git show --textconv :pfetch [8ms]
2023-07-25 12:46:28.891 [info] > git show --textconv :LICENSE.md [3ms]
2023-07-25 12:46:56.450 [info] > git config --get commit.template [16ms]
2023-07-25 12:46:56.454 [info] > git for-each-ref --format=%(refname)%00%(upstream:short)%00%(objectname)%00%(upstream:track)%00%(upstream:remotename)%00%(upstream:remoteref) refs/heads/master refs/remotes/master [6ms]
2023-07-25 12:46:56.464 [info] > git status -z -uall [4ms]
2023-07-25 12:47:22.048 [info] > git config --get commit.template [26ms]
2023-07-25 12:47:22.075 [info] > git for-each-ref --format=%(refname)%00%(upstream:short)%00%(objectname)%00%(upstream:track)%00%(upstream:remotename)%00%(upstream:remoteref) refs/heads/master refs/remotes/master [30ms]
2023-07-25 12:47:22.108 [info] > git status -z -uall [16ms]
2023-07-25 12:49:28.613 [info] > git fetch [905ms]
2023-07-25 12:49:28.630 [info] > git config --get commit.template [8ms]
2023-07-25 12:49:28.633 [info] > git for-each-ref --format=%(refname)%00%(upstream:short)%00%(objectname)%00%(upstream:track)%00%(upstream:remotename)%00%(upstream:remoteref) refs/heads/master refs/remotes/master [4ms]
2023-07-25 12:49:28.645 [info] > git status -z -uall [4ms]
2023-07-25 12:49:29.717 [info] > git config --get commit.template [16ms]
2023-07-25 12:49:29.719 [info] > git for-each-ref --format=%(refname)%00%(upstream:short)%00%(objectname)%00%(upstream:track)%00%(upstream:remotename)%00%(upstream:remoteref) refs/heads/master refs/remotes/master [3ms]
2023-07-25 12:49:29.731 [info] > git status -z -uall [5ms]
2023-07-25 12:49:29.862 [info] > git ls-files --stage -- /mnt/data69/hewol/aerOS/aerOS-pfetch/pfetch [5ms]
2023-07-25 12:49:29.872 [info] > git ls-files --stage -- /mnt/data69/hewol/aerOS/aerOS-pfetch/LICENSE.md [10ms]
2023-07-25 12:49:29.878 [info] > git cat-file -s d47b8788b56a14580359551b62c2421447b0fc1a [7ms]
2023-07-25 12:49:29.885 [info] > git cat-file -s 6867a5b23b97c4cbfe11b9468b1cc9966d6ce4a9 [8ms]
2023-07-25 12:49:29.889 [info] > git show --textconv :pfetch [5ms]
2023-07-25 12:49:29.898 [info] > git show --textconv :LICENSE.md [3ms]
2023-07-25 12:51:23.346 [info] > git config --get commit.template [10ms]
2023-07-25 12:51:23.354 [info] > git for-each-ref --format=%(refname)%00%(upstream:short)%00%(objectname)%00%(upstream:track)%00%(upstream:remotename)%00%(upstream:remoteref) refs/heads/master refs/remotes/master [8ms]
2023-07-25 12:51:23.376 [info] > git status -z -uall [6ms]
2023-07-25 12:52:29.603 [info] > git fetch [931ms]
2023-07-25 12:52:29.614 [info] > git config --get commit.template [5ms]
2023-07-25 12:52:29.616 [info] > git for-each-ref --format=%(refname)%00%(upstream:short)%00%(objectname)%00%(upstream:track)%00%(upstream:remotename)%00%(upstream:remoteref) refs/heads/master refs/remotes/master [2ms]
2023-07-25 12:52:29.624 [info] > git status -z -uall [4ms]
2023-07-25 12:52:30.709 [info] > git config --get commit.template [17ms]
2023-07-25 12:52:30.716 [info] > git for-each-ref --format=%(refname)%00%(upstream:short)%00%(objectname)%00%(upstream:track)%00%(upstream:remotename)%00%(upstream:remoteref) refs/heads/master refs/remotes/master [9ms]
2023-07-25 12:52:30.723 [info] > git status -z -uall [3ms]
2023-07-25 12:52:30.798 [info] > git ls-files --stage -- /mnt/data69/hewol/aerOS/aerOS-pfetch/pfetch [8ms]
2023-07-25 12:52:30.812 [info] > git ls-files --stage -- /mnt/data69/hewol/aerOS/aerOS-pfetch/LICENSE.md [14ms]
2023-07-25 12:52:30.820 [info] > git cat-file -s d47b8788b56a14580359551b62c2421447b0fc1a [13ms]
2023-07-25 12:52:30.830 [info] > git cat-file -s 6867a5b23b97c4cbfe11b9468b1cc9966d6ce4a9 [11ms]
2023-07-25 12:52:30.838 [info] > git show --textconv :pfetch [9ms]
2023-07-25 12:52:30.840 [info] > git show --textconv :LICENSE.md [2ms]
2023-07-25 12:52:35.865 [info] > git config --get commit.template [14ms]
2023-07-25 12:52:35.870 [info] > git for-each-ref --format=%(refname)%00%(upstream:short)%00%(objectname)%00%(upstream:track)%00%(upstream:remotename)%00%(upstream:remoteref) refs/heads/master refs/remotes/master [6ms]
2023-07-25 12:52:35.887 [info] > git status -z -uall [7ms]
2023-07-25 12:53:07.203 [info] > git config --get commit.template [17ms]
2023-07-25 12:53:07.208 [info] > git for-each-ref --format=%(refname)%00%(upstream:short)%00%(objectname)%00%(upstream:track)%00%(upstream:remotename)%00%(upstream:remoteref) refs/heads/master refs/remotes/master [8ms]
2023-07-25 12:53:07.216 [info] > git status -z -uall [3ms]
2023-07-25 12:55:30.661 [info] > git fetch [1018ms]
2023-07-25 12:55:30.673 [info] > git config --get commit.template [6ms]
2023-07-25 12:55:30.674 [info] > git for-each-ref --format=%(refname)%00%(upstream:short)%00%(objectname)%00%(upstream:track)%00%(upstream:remotename)%00%(upstream:remoteref) refs/heads/master refs/remotes/master [2ms]
2023-07-25 12:55:30.682 [info] > git status -z -uall [3ms]
2023-07-25 12:55:31.769 [info] > git config --get commit.template [17ms]
2023-07-25 12:55:31.776 [info] > git for-each-ref --format=%(refname)%00%(upstream:short)%00%(objectname)%00%(upstream:track)%00%(upstream:remotename)%00%(upstream:remoteref) refs/heads/master refs/remotes/master [9ms]
2023-07-25 12:55:31.786 [info] > git status -z -uall [4ms]
2023-07-25 12:55:31.845 [info] > git ls-files --stage -- /mnt/data69/hewol/aerOS/aerOS-pfetch/pfetch [6ms]
2023-07-25 12:55:31.850 [info] > git ls-files --stage -- /mnt/data69/hewol/aerOS/aerOS-pfetch/LICENSE.md [6ms]
2023-07-25 12:55:31.856 [info] > git cat-file -s d47b8788b56a14580359551b62c2421447b0fc1a [7ms]
2023-07-25 12:55:31.862 [info] > git cat-file -s 6867a5b23b97c4cbfe11b9468b1cc9966d6ce4a9 [7ms]
2023-07-25 12:55:31.868 [info] > git show --textconv :pfetch [7ms]
2023-07-25 12:55:31.870 [info] > git show --textconv :LICENSE.md [2ms]
2023-07-25 12:56:11.886 [info] > git config --get commit.template [15ms]
2023-07-25 12:56:11.891 [info] > git for-each-ref --format=%(refname)%00%(upstream:short)%00%(objectname)%00%(upstream:track)%00%(upstream:remotename)%00%(upstream:remoteref) refs/heads/master refs/remotes/master [6ms]
2023-07-25 12:56:11.901 [info] > git status -z -uall [4ms]
2023-07-25 12:56:29.570 [info] > git config --get commit.template [10ms]
2023-07-25 12:56:29.576 [info] > git for-each-ref --format=%(refname)%00%(upstream:short)%00%(objectname)%00%(upstream:track)%00%(upstream:remotename)%00%(upstream:remoteref) refs/heads/master refs/remotes/master [7ms]
2023-07-25 12:56:29.594 [info] > git status -z -uall [4ms]
2023-07-25 12:56:36.996 [info] > git config --get commit.template [19ms]
2023-07-25 12:56:37.006 [info] > git for-each-ref --format=%(refname)%00%(upstream:short)%00%(objectname)%00%(upstream:track)%00%(upstream:remotename)%00%(upstream:remoteref) refs/heads/master refs/remotes/master [12ms]
2023-07-25 12:56:37.024 [info] > git status -z -uall [8ms]
2023-07-25 12:56:48.690 [info] > git config --get commit.template [11ms]
2023-07-25 12:56:48.697 [info] > git for-each-ref --format=%(refname)%00%(upstream:short)%00%(objectname)%00%(upstream:track)%00%(upstream:remotename)%00%(upstream:remoteref) refs/heads/master refs/remotes/master [8ms]
2023-07-25 12:56:48.714 [info] > git status -z -uall [4ms]
2023-07-25 12:56:56.879 [info] > git config --get commit.template [20ms]
2023-07-25 12:56:56.888 [info] > git for-each-ref --format=%(refname)%00%(upstream:short)%00%(objectname)%00%(upstream:track)%00%(upstream:remotename)%00%(upstream:remoteref) refs/heads/master refs/remotes/master [10ms]
2023-07-25 12:56:56.913 [info] > git status -z -uall [11ms]
2023-07-25 12:57:09.383 [info] > git config --get commit.template [13ms]
2023-07-25 12:57:09.387 [info] > git for-each-ref --format=%(refname)%00%(upstream:short)%00%(objectname)%00%(upstream:track)%00%(upstream:remotename)%00%(upstream:remoteref) refs/heads/master refs/remotes/master [6ms]
2023-07-25 12:57:09.395 [info] > git status -z -uall [4ms]
2023-07-25 12:57:15.359 [info] > git config --get commit.template [15ms]
2023-07-25 12:57:15.362 [info] > git for-each-ref --format=%(refname)%00%(upstream:short)%00%(objectname)%00%(upstream:track)%00%(upstream:remotename)%00%(upstream:remoteref) refs/heads/master refs/remotes/master [4ms]
2023-07-25 12:57:15.382 [info] > git status -z -uall [8ms]
2023-07-25 12:57:23.572 [info] > git config --get commit.template [8ms]
2023-07-25 12:57:23.574 [info] > git for-each-ref --format=%(refname)%00%(upstream:short)%00%(objectname)%00%(upstream:track)%00%(upstream:remotename)%00%(upstream:remoteref) refs/heads/master refs/remotes/master [3ms]
2023-07-25 12:57:23.591 [info] > git status -z -uall [5ms]
2023-07-25 12:57:33.119 [info] > git config --get commit.template [16ms]
2023-07-25 12:57:33.121 [info] > git for-each-ref --format=%(refname)%00%(upstream:short)%00%(objectname)%00%(upstream:track)%00%(upstream:remotename)%00%(upstream:remoteref) refs/heads/master refs/remotes/master [2ms]
2023-07-25 12:57:33.136 [info] > git status -z -uall [9ms]
2023-07-25 12:57:40.741 [info] > git config --get commit.template [10ms]
2023-07-25 12:57:40.745 [info] > git for-each-ref --format=%(refname)%00%(upstream:short)%00%(objectname)%00%(upstream:track)%00%(upstream:remotename)%00%(upstream:remoteref) refs/heads/master refs/remotes/master [6ms]
2023-07-25 12:57:40.761 [info] > git status -z -uall [4ms]
2023-07-25 12:57:57.405 [info] > git config --get commit.template [8ms]
2023-07-25 12:57:57.409 [info] > git for-each-ref --format=%(refname)%00%(upstream:short)%00%(objectname)%00%(upstream:track)%00%(upstream:remotename)%00%(upstream:remoteref) refs/heads/master refs/remotes/master [6ms]
2023-07-25 12:57:57.430 [info] > git status -z -uall [12ms]
2023-07-25 12:58:08.512 [info] > git config --get commit.template [18ms]
2023-07-25 12:58:08.525 [info] > git for-each-ref --format=%(refname)%00%(upstream:short)%00%(objectname)%00%(upstream:track)%00%(upstream:remotename)%00%(upstream:remoteref) refs/heads/master refs/remotes/master [15ms]
2023-07-25 12:58:08.546 [info] > git status -z -uall [7ms]
2023-07-25 12:58:20.677 [info] > git config --get commit.template [11ms]
2023-07-25 12:58:20.680 [info] > git for-each-ref --format=%(refname)%00%(upstream:short)%00%(objectname)%00%(upstream:track)%00%(upstream:remotename)%00%(upstream:remoteref) refs/heads/master refs/remotes/master [4ms]
2023-07-25 12:58:20.694 [info] > git status -z -uall [5ms]
2023-07-25 12:58:36.038 [info] > git config --get commit.template [16ms]
2023-07-25 12:58:36.040 [info] > git for-each-ref --format=%(refname)%00%(upstream:short)%00%(objectname)%00%(upstream:track)%00%(upstream:remotename)%00%(upstream:remoteref) refs/heads/master refs/remotes/master [3ms]
2023-07-25 12:58:36.052 [info] > git status -z -uall [4ms]
2023-07-25 12:58:37.023 [info] > git fetch [1016ms]
2023-07-25 12:58:37.034 [info] > git config --get commit.template [5ms]
2023-07-25 12:58:37.036 [info] > git for-each-ref --format=%(refname)%00%(upstream:short)%00%(objectname)%00%(upstream:track)%00%(upstream:remotename)%00%(upstream:remoteref) refs/heads/master refs/remotes/master [3ms]
2023-07-25 12:58:37.043 [info] > git status -z -uall [3ms]
2023-07-25 12:58:38.269 [info] > git ls-files --stage -- /mnt/data69/hewol/aerOS/aerOS-pfetch/pfetch [13ms]
2023-07-25 12:58:38.276 [info] > git ls-files --stage -- /mnt/data69/hewol/aerOS/aerOS-pfetch/LICENSE.md [7ms]
2023-07-25 12:58:38.286 [info] > git cat-file -s d47b8788b56a14580359551b62c2421447b0fc1a [11ms]
2023-07-25 12:58:38.293 [info] > git cat-file -s 6867a5b23b97c4cbfe11b9468b1cc9966d6ce4a9 [8ms]
2023-07-25 12:58:38.305 [info] > git show --textconv :pfetch [13ms]
2023-07-25 12:58:38.307 [info] > git show --textconv :LICENSE.md [3ms]
2023-07-25 12:58:42.538 [info] > git config --get commit.template [35ms]
2023-07-25 12:58:42.554 [info] > git for-each-ref --format=%(refname)%00%(upstream:short)%00%(objectname)%00%(upstream:track)%00%(upstream:remotename)%00%(upstream:remoteref) refs/heads/master refs/remotes/master [19ms]
2023-07-25 12:58:42.574 [info] > git status -z -uall [4ms]
2023-07-25 12:58:47.625 [info] > git config --get commit.template [26ms]
2023-07-25 12:58:47.632 [info] > git for-each-ref --format=%(refname)%00%(upstream:short)%00%(objectname)%00%(upstream:track)%00%(upstream:remotename)%00%(upstream:remoteref) refs/heads/master refs/remotes/master [14ms]
2023-07-25 12:58:47.653 [info] > git status -z -uall [7ms]
2023-07-25 12:58:52.690 [info] > git config --get commit.template [18ms]
2023-07-25 12:58:52.698 [info] > git for-each-ref --format=%(refname)%00%(upstream:short)%00%(objectname)%00%(upstream:track)%00%(upstream:remotename)%00%(upstream:remoteref) refs/heads/master refs/remotes/master [10ms]
2023-07-25 12:58:52.708 [info] > git status -z -uall [4ms]
2023-07-25 12:59:08.182 [info] > git config --get commit.template [16ms]
2023-07-25 12:59:08.188 [info] > git for-each-ref --format=%(refname)%00%(upstream:short)%00%(objectname)%00%(upstream:track)%00%(upstream:remotename)%00%(upstream:remoteref) refs/heads/master refs/remotes/master [7ms]
2023-07-25 12:59:08.204 [info] > git status -z -uall [4ms]
2023-07-25 12:59:26.072 [info] > git config --get commit.template [12ms]
2023-07-25 12:59:26.105 [info] > git for-each-ref --format=%(refname)%00%(upstream:short)%00%(objectname)%00%(upstream:track)%00%(upstream:remotename)%00%(upstream:remoteref) refs/heads/master refs/remotes/master [12ms]
2023-07-25 12:59:26.127 [info] > git status -z -uall [7ms]
2023-07-25 12:59:42.202 [info] > git config --get commit.template [23ms]
2023-07-25 12:59:42.208 [info] > git for-each-ref --format=%(refname)%00%(upstream:short)%00%(objectname)%00%(upstream:track)%00%(upstream:remotename)%00%(upstream:remoteref) refs/heads/master refs/remotes/master [7ms]
2023-07-25 12:59:42.227 [info] > git status -z -uall [8ms]
2023-07-25 13:00:47.813 [info] > git ls-files --stage -- /mnt/data69/hewol/aerOS/aerOS-pfetch/pfetch [41ms]
2023-07-25 13:00:47.847 [info] > git config --get commit.template [114ms]
2023-07-25 13:00:47.893 [info] > git ls-files --stage -- /mnt/data69/hewol/aerOS/aerOS-pfetch/LICENSE.md [82ms]
2023-07-25 13:00:47.906 [info] > git for-each-ref --format=%(refname)%00%(upstream:short)%00%(objectname)%00%(upstream:track)%00%(upstream:remotename)%00%(upstream:remoteref) refs/heads/master refs/remotes/master [14ms]
2023-07-25 13:00:47.918 [info] > git cat-file -s ea275cf36d36ec873b3a2a7a50cd87990b5d36a0 [73ms]
2023-07-25 13:00:47.921 [info] > git cat-file -s 6867a5b23b97c4cbfe11b9468b1cc9966d6ce4a9 [16ms]
2023-07-25 13:00:47.926 [info] > git status -z -uall [8ms]
2023-07-25 13:00:47.976 [info] > git show --textconv :pfetch [0ms]
2023-07-25 13:00:48.085 [info] > git show --textconv :LICENSE.md [61ms]
2023-07-25 13:10:17.198 [info] > git ls-files --stage -- /mnt/data69/hewol/aerOS/aerOS-pfetch/pfetch [24ms]
2023-07-25 13:10:17.221 [info] > git config --get commit.template [70ms]
2023-07-25 13:10:17.231 [info] > git ls-files --stage -- /mnt/data69/hewol/aerOS/aerOS-pfetch/LICENSE.md [41ms]
2023-07-25 13:10:17.335 [info] > git cat-file -s 6867a5b23b97c4cbfe11b9468b1cc9966d6ce4a9 [11ms]
2023-07-25 13:10:17.343 [info] > git for-each-ref --format=%(refname)%00%(upstream:short)%00%(objectname)%00%(upstream:track)%00%(upstream:remotename)%00%(upstream:remoteref) refs/heads/master refs/remotes/master [113ms]
2023-07-25 13:10:17.366 [info] > git cat-file -s ea275cf36d36ec873b3a2a7a50cd87990b5d36a0 [145ms]
2023-07-25 13:10:17.406 [info] > git status -z -uall [40ms]
2023-07-25 13:10:17.435 [info] > git show --textconv :LICENSE.md [38ms]
2023-07-25 13:10:17.436 [info] > git show --textconv :pfetch [30ms]
2023-07-25 13:10:18.080 [info] > git fetch [946ms]
2023-07-25 13:10:18.109 [info] > git config --get commit.template [14ms]
2023-07-25 13:10:18.112 [info] > git for-each-ref --format=%(refname)%00%(upstream:short)%00%(objectname)%00%(upstream:track)%00%(upstream:remotename)%00%(upstream:remoteref) refs/heads/master refs/remotes/master [4ms]
2023-07-25 13:10:18.126 [info] > git status -z -uall [8ms]
2023-07-25 13:10:19.284 [info] > git ls-files --stage -- /mnt/data69/hewol/aerOS/aerOS-pfetch/pfetch [27ms]
2023-07-25 13:10:19.304 [info] > git ls-files --stage -- /mnt/data69/hewol/aerOS/aerOS-pfetch/LICENSE.md [22ms]
