2023-07-14 16:24:50.567 [info] Extension host with pid 5717 started
2023-07-14 16:24:51.182 [info] ExtensionService#_doActivateExtension vscode.emmet, startup: false, activationEvent: 'onLanguage'
2023-07-14 16:24:51.232 [info] ExtensionService#_doActivateExtension vscode.github-authentication, startup: false, activationEvent: 'onAuthenticationRequest:github'
2023-07-14 16:24:51.412 [info] ExtensionService#_doActivateExtension vscode.git-base, startup: true, activationEvent: '*', root cause: vscode.git
2023-07-14 16:24:51.419 [info] ExtensionService#_doActivateExtension icrawl.discord-vscode, startup: true, activationEvent: '*'
2023-07-14 16:24:51.666 [info] ExtensionService#_doActivateExtension vscode.git, startup: true, activationEvent: '*'
2023-07-14 16:24:51.910 [info] ExtensionService#_doActivateExtension vscode.github, startup: true, activationEvent: '*'
2023-07-14 16:24:52.331 [info] Eager extensions activated
2023-07-14 16:24:52.335 [info] ExtensionService#_doActivateExtension vscode.microsoft-authentication, startup: false, activationEvent: 'onAuthenticationRequest:microsoft'
2023-07-14 16:24:52.415 [info] ExtensionService#_doActivateExtension vscode.debug-auto-launch, startup: false, activationEvent: 'onStartupFinished'
2023-07-14 16:24:52.428 [info] ExtensionService#_doActivateExtension vscode.merge-conflict, startup: false, activationEvent: 'onStartupFinished'
2023-07-14 16:24:52.646 [error] TypeError: Cannot read properties of null (reading 'write')
	at IPCTransport.send (/home/debarka/.vscode/extensions/icrawl.discord-vscode-5.8.0/dist/extension.js:2:24881)
	at /home/debarka/.vscode/extensions/icrawl.discord-vscode-5.8.0/dist/extension.js:2:24968
	at new Promise (<anonymous>)
	at IPCTransport.close (/home/debarka/.vscode/extensions/icrawl.discord-vscode-5.8.0/dist/extension.js:2:24925)
	at RPCClient.destroy (/home/debarka/.vscode/extensions/icrawl.discord-vscode-5.8.0/dist/extension.js:2:18626)
	at login (/home/debarka/.vscode/extensions/icrawl.discord-vscode-5.8.0/dist/extension.js:2:149260)
	at process.processTicksAndRejections (node:internal/process/task_queues:96:5)
	at async activate (/home/debarka/.vscode/extensions/icrawl.discord-vscode-5.8.0/dist/extension.js:2:151363)
	at async w.n (/opt/visual-studio-code/resources/app/out/vs/workbench/api/node/extensionHostProcess.js:99:6194)
	at async w.m (/opt/visual-studio-code/resources/app/out/vs/workbench/api/node/extensionHostProcess.js:99:6157)
	at async w.l (/opt/visual-studio-code/resources/app/out/vs/workbench/api/node/extensionHostProcess.js:99:5614)
2023-07-14 16:25:06.722 [info] Extension host terminating: renderer closed the MessagePort
2023-07-14 16:25:06.735 [info] Extension host with pid 5717 exiting with code 0
