2023-07-23 17:38:06.448 [info] Log level: Info
2023-07-23 17:38:06.448 [info] Validating found git in: "git"
2023-07-23 17:38:06.448 [info] Using git "2.41.0" from "git"
2023-07-23 17:38:06.448 [info] > git rev-parse --show-toplevel [20ms]
2023-07-23 17:38:06.448 [info] > git rev-parse --git-dir --git-common-dir [4ms]
2023-07-23 17:38:06.448 [info] Open repository: /home/debarka/.config/.config-arch
2023-07-23 17:38:06.464 [info] > git fetch [155ms]
2023-07-23 17:38:06.464 [info] fatal: unable to access 'https://github.com/debarkak/.config-arch.git/': Could not resolve host: github.com
2023-07-23 17:38:06.554 [info] > git config --get commit.template [93ms]
2023-07-23 17:38:06.561 [info] > git config --get commit.template [8ms]
2023-07-23 17:38:06.613 [info] > git for-each-ref --format=%(refname)%00%(upstream:short)%00%(objectname)%00%(upstream:track)%00%(upstream:remotename)%00%(upstream:remoteref) refs/heads/main refs/remotes/main [21ms]
2023-07-23 17:38:06.629 [info] > git for-each-ref --format=%(refname)%00%(upstream:short)%00%(objectname)%00%(upstream:track)%00%(upstream:remotename)%00%(upstream:remoteref) refs/heads/main refs/remotes/main [20ms]
2023-07-23 17:38:06.631 [info] > git config --get commit.template [3ms]
2023-07-23 17:38:06.696 [info] > git for-each-ref --format=%(refname)%00%(upstream:short)%00%(objectname)%00%(upstream:track)%00%(upstream:remotename)%00%(upstream:remoteref) refs/heads/main refs/remotes/main [5ms]
2023-07-23 17:38:06.729 [info] > git status -z -uall [13ms]
2023-07-23 17:38:07.744 [info] > git check-ignore -v -z --stdin [3ms]
2023-07-23 17:38:16.289 [info] > git rev-parse --show-toplevel [2ms]
2023-07-23 17:38:16.289 [info] fatal: not a git repository (or any parent up to mount point /mnt)
Stopping at filesystem boundary (GIT_DISCOVERY_ACROSS_FILESYSTEM not set).
2023-07-23 17:41:06.673 [info] > git fetch [26ms]
2023-07-23 17:41:06.673 [info] fatal: unable to access 'https://github.com/debarkak/.config-arch.git/': Could not resolve host: github.com
2023-07-23 17:41:06.693 [info] > git config --get commit.template [10ms]
2023-07-23 17:41:06.694 [info] > git for-each-ref --format=%(refname)%00%(upstream:short)%00%(objectname)%00%(upstream:track)%00%(upstream:remotename)%00%(upstream:remoteref) refs/heads/main refs/remotes/main [3ms]
2023-07-23 17:41:06.702 [info] > git status -z -uall [2ms]
2023-07-23 17:41:07.767 [info] > git config --get commit.template [19ms]
2023-07-23 17:41:07.769 [info] > git for-each-ref --format=%(refname)%00%(upstream:short)%00%(objectname)%00%(upstream:track)%00%(upstream:remotename)%00%(upstream:remoteref) refs/heads/main refs/remotes/main [4ms]
2023-07-23 17:41:07.784 [info] > git status -z -uall [2ms]
2023-07-23 17:44:06.747 [info] > git fetch [27ms]
2023-07-23 17:44:06.747 [info] fatal: unable to access 'https://github.com/debarkak/.config-arch.git/': Could not resolve host: github.com
2023-07-23 17:44:06.774 [info] > git config --get commit.template [14ms]
2023-07-23 17:44:06.776 [info] > git for-each-ref --format=%(refname)%00%(upstream:short)%00%(objectname)%00%(upstream:track)%00%(upstream:remotename)%00%(upstream:remoteref) refs/heads/main refs/remotes/main [4ms]
2023-07-23 17:44:06.792 [info] > git status -z -uall [4ms]
2023-07-23 17:44:07.888 [info] > git config --get commit.template [15ms]
2023-07-23 17:44:07.890 [info] > git for-each-ref --format=%(refname)%00%(upstream:short)%00%(objectname)%00%(upstream:track)%00%(upstream:remotename)%00%(upstream:remoteref) refs/heads/main refs/remotes/main [4ms]
2023-07-23 17:44:07.904 [info] > git status -z -uall [4ms]
2023-07-23 17:51:23.164 [info] > git fetch [247974ms]
2023-07-23 17:51:23.165 [info] From https://github.com/debarkak/.config-arch
   b7285bed..2be3b04b  main       -> origin/main
2023-07-23 17:51:23.178 [info] > git config --get commit.template [6ms]
2023-07-23 17:51:23.178 [info] > git for-each-ref --format=%(refname)%00%(upstream:short)%00%(objectname)%00%(upstream:track)%00%(upstream:remotename)%00%(upstream:remoteref) refs/heads/main refs/remotes/main [2ms]
2023-07-23 17:51:23.185 [info] > git status -z -uall [2ms]
2023-07-23 17:51:24.367 [info] > git config --get commit.template [11ms]
2023-07-23 17:51:24.369 [info] > git for-each-ref --format=%(refname)%00%(upstream:short)%00%(objectname)%00%(upstream:track)%00%(upstream:remotename)%00%(upstream:remoteref) refs/heads/main refs/remotes/main [4ms]
2023-07-23 17:51:24.382 [info] > git status -z -uall [4ms]
2023-07-23 17:54:31.332 [info] > git fetch [5866ms]
2023-07-23 17:54:31.363 [info] > git config --get commit.template [16ms]
2023-07-23 17:54:31.365 [info] > git for-each-ref --format=%(refname)%00%(upstream:short)%00%(objectname)%00%(upstream:track)%00%(upstream:remotename)%00%(upstream:remoteref) refs/heads/main refs/remotes/main [4ms]
2023-07-23 17:54:31.375 [info] > git status -z -uall [3ms]
2023-07-23 17:54:32.427 [info] > git config --get commit.template [3ms]
2023-07-23 17:54:32.443 [info] > git for-each-ref --format=%(refname)%00%(upstream:short)%00%(objectname)%00%(upstream:track)%00%(upstream:remotename)%00%(upstream:remoteref) refs/heads/main refs/remotes/main [5ms]
2023-07-23 17:54:32.459 [info] > git status -z -uall [4ms]
2023-07-23 17:57:32.285 [info] > git fetch [891ms]
2023-07-23 17:57:32.334 [info] > git config --get commit.template [24ms]
2023-07-23 17:57:32.335 [info] > git for-each-ref --format=%(refname)%00%(upstream:short)%00%(objectname)%00%(upstream:track)%00%(upstream:remotename)%00%(upstream:remoteref) refs/heads/main refs/remotes/main [9ms]
2023-07-23 17:57:32.350 [info] > git status -z -uall [7ms]
2023-07-23 17:57:33.434 [info] > git config --get commit.template [25ms]
2023-07-23 17:57:33.435 [info] > git for-each-ref --format=%(refname)%00%(upstream:short)%00%(objectname)%00%(upstream:track)%00%(upstream:remotename)%00%(upstream:remoteref) refs/heads/main refs/remotes/main [5ms]
2023-07-23 17:57:33.453 [info] > git status -z -uall [3ms]
2023-07-23 18:01:00.680 [info] > git fetch [834ms]
2023-07-23 18:01:00.713 [info] > git config --get commit.template [16ms]
2023-07-23 18:01:00.715 [info] > git for-each-ref --format=%(refname)%00%(upstream:short)%00%(objectname)%00%(upstream:track)%00%(upstream:remotename)%00%(upstream:remoteref) refs/heads/main refs/remotes/main [4ms]
2023-07-23 18:01:00.731 [info] > git status -z -uall [4ms]
2023-07-23 18:01:01.781 [info] > git config --get commit.template [2ms]
2023-07-23 18:01:01.795 [info] > git for-each-ref --format=%(refname)%00%(upstream:short)%00%(objectname)%00%(upstream:track)%00%(upstream:remotename)%00%(upstream:remoteref) refs/heads/main refs/remotes/main [3ms]
2023-07-23 18:01:01.808 [info] > git status -z -uall [3ms]
2023-07-23 18:04:01.618 [info] > git fetch [864ms]
2023-07-23 18:04:01.630 [info] > git config --get commit.template [2ms]
2023-07-23 18:04:01.636 [info] > git for-each-ref --format=%(refname)%00%(upstream:short)%00%(objectname)%00%(upstream:track)%00%(upstream:remotename)%00%(upstream:remoteref) refs/heads/main refs/remotes/main [1ms]
2023-07-23 18:04:01.649 [info] > git status -z -uall [3ms]
2023-07-23 18:04:02.714 [info] > git config --get commit.template [13ms]
2023-07-23 18:04:02.715 [info] > git for-each-ref --format=%(refname)%00%(upstream:short)%00%(objectname)%00%(upstream:track)%00%(upstream:remotename)%00%(upstream:remoteref) refs/heads/main refs/remotes/main [2ms]
2023-07-23 18:04:02.730 [info] > git status -z -uall [7ms]
2023-07-23 18:07:07.945 [info] > git fetch [800ms]
2023-07-23 18:07:07.964 [info] > git config --get commit.template [3ms]
2023-07-23 18:07:07.980 [info] > git for-each-ref --format=%(refname)%00%(upstream:short)%00%(objectname)%00%(upstream:track)%00%(upstream:remotename)%00%(upstream:remoteref) refs/heads/main refs/remotes/main [4ms]
2023-07-23 18:07:08.000 [info] > git status -z -uall [5ms]
2023-07-23 18:07:09.076 [info] > git config --get commit.template [14ms]
2023-07-23 18:07:09.078 [info] > git for-each-ref --format=%(refname)%00%(upstream:short)%00%(objectname)%00%(upstream:track)%00%(upstream:remotename)%00%(upstream:remoteref) refs/heads/main refs/remotes/main [4ms]
2023-07-23 18:07:09.095 [info] > git status -z -uall [5ms]
