2023-07-23 11:42:43.287 [info] Log level: Info
2023-07-23 11:42:43.287 [info] Validating found git in: "git"
2023-07-23 11:42:43.287 [info] Using git "2.41.0" from "git"
2023-07-23 11:42:43.287 [info] > git rev-parse --show-toplevel [5ms]
2023-07-23 11:42:43.299 [info] > git rev-parse --git-dir --git-common-dir [15ms]
2023-07-23 11:42:43.332 [info] Open repository: /home/debarka/.config/.config-arch
2023-07-23 11:42:43.354 [info] > git config --get commit.template [9ms]
2023-07-23 11:42:43.393 [info] > git for-each-ref --format=%(refname)%00%(upstream:short)%00%(objectname)%00%(upstream:track)%00%(upstream:remotename)%00%(upstream:remoteref) refs/heads/main refs/remotes/main [14ms]
2023-07-23 11:42:43.408 [info] > git status -z -uall [5ms]
2023-07-23 11:42:43.453 [info] > git config --get commit.template [26ms]
2023-07-23 11:42:43.502 [info] > git for-each-ref --format=%(refname)%00%(upstream:short)%00%(objectname)%00%(upstream:track)%00%(upstream:remotename)%00%(upstream:remoteref) refs/heads/main refs/remotes/main [56ms]
2023-07-23 11:42:43.544 [info] > git status -z -uall [13ms]
2023-07-23 11:42:43.917 [info] > git check-ignore -v -z --stdin [2ms]
2023-07-23 11:42:44.204 [info] > git fetch [872ms]
2023-07-23 11:42:44.232 [info] > git config --get commit.template [15ms]
2023-07-23 11:42:44.239 [info] > git for-each-ref --format=%(refname)%00%(upstream:short)%00%(objectname)%00%(upstream:track)%00%(upstream:remotename)%00%(upstream:remoteref) refs/heads/main refs/remotes/main [8ms]
2023-07-23 11:42:44.260 [info] > git status -z -uall [11ms]
2023-07-23 11:42:45.318 [info] > git config --get commit.template [17ms]
2023-07-23 11:42:45.331 [info] > git for-each-ref --format=%(refname)%00%(upstream:short)%00%(objectname)%00%(upstream:track)%00%(upstream:remotename)%00%(upstream:remoteref) refs/heads/main refs/remotes/main [16ms]
2023-07-23 11:42:45.376 [info] > git status -z -uall [21ms]
