2023-08-11 14:57:58.781 [info] Extension host with pid 5047 started
2023-08-11 14:57:58.781 [info] Skipping acquiring lock for /home/debarka/.config/Code/User/workspaceStorage/76aeaa7a043ddaa5b92245bc3425ceef.
2023-08-11 14:57:58.900 [info] ExtensionService#_doActivateExtension vscode.git-base, startup: true, activationEvent: '*', root cause: vscode.git
2023-08-11 14:57:58.924 [info] ExtensionService#_doActivateExtension icrawl.discord-vscode, startup: true, activationEvent: '*'
2023-08-11 14:57:59.040 [info] ExtensionService#_doActivateExtension vscode.git, startup: true, activationEvent: '*'
2023-08-11 14:57:59.177 [info] ExtensionService#_doActivateExtension vscode.github, startup: true, activationEvent: '*'
2023-08-11 14:57:59.356 [info] ExtensionService#_doActivateExtension vscode.github-authentication, startup: false, activationEvent: 'onAuthenticationRequest:github'
2023-08-11 14:57:59.578 [info] ExtensionService#_doActivateExtension vscode.microsoft-authentication, startup: false, activationEvent: 'onAuthenticationRequest:microsoft'
2023-08-11 14:57:59.678 [info] Eager extensions activated
2023-08-11 14:57:59.722 [info] ExtensionService#_doActivateExtension vscode.debug-auto-launch, startup: false, activationEvent: 'onStartupFinished'
2023-08-11 14:57:59.729 [info] ExtensionService#_doActivateExtension vscode.merge-conflict, startup: false, activationEvent: 'onStartupFinished'
2023-08-11 14:58:00.690 [error] TypeError: Cannot read properties of null (reading 'write')
	at IPCTransport.send (/home/debarka/.vscode/extensions/icrawl.discord-vscode-5.8.0/dist/extension.js:2:24881)
	at /home/debarka/.vscode/extensions/icrawl.discord-vscode-5.8.0/dist/extension.js:2:24968
	at new Promise (<anonymous>)
	at IPCTransport.close (/home/debarka/.vscode/extensions/icrawl.discord-vscode-5.8.0/dist/extension.js:2:24925)
	at RPCClient.destroy (/home/debarka/.vscode/extensions/icrawl.discord-vscode-5.8.0/dist/extension.js:2:18626)
	at login (/home/debarka/.vscode/extensions/icrawl.discord-vscode-5.8.0/dist/extension.js:2:149260)
	at process.processTicksAndRejections (node:internal/process/task_queues:96:5)
	at async activate (/home/debarka/.vscode/extensions/icrawl.discord-vscode-5.8.0/dist/extension.js:2:151363)
	at async p.n (/opt/visual-studio-code/resources/app/out/vs/workbench/api/node/extensionHostProcess.js:102:6206)
	at async p.m (/opt/visual-studio-code/resources/app/out/vs/workbench/api/node/extensionHostProcess.js:102:6169)
	at async p.l (/opt/visual-studio-code/resources/app/out/vs/workbench/api/node/extensionHostProcess.js:102:5626)
2023-08-11 14:58:24.778 [info] Extension host terminating: renderer closed the MessagePort
2023-08-11 14:58:24.795 [info] Extension host with pid 5047 exiting with code 0
