2023-06-02T05:47:16.832Z - info: [ui] [AppStore] loading 0 repositories from store
2023-06-02T05:47:16.908Z - info: [ui] [Welcome] no sign in step found. ignoring...
2023-06-02T05:47:16.914Z - info: [ui] launching: 3.2.1-linux1 (Linux 6.3.5-zen1-1-zen)
2023-06-02T05:47:16.916Z - info: [ui] execPath: '/opt/github-desktop/github-desktop'
2023-06-02T05:47:16.966Z - info: [ui] [Welcome] no sign in step found. ignoring...
2023-06-02T05:47:17.023Z - info: [ui] [Welcome] no sign in step found. ignoring...
2023-06-02T05:47:17.754Z - info: [ui] Opt in reported.
2023-06-02T05:47:22.193Z - info: [ui] [Welcome] advancing to step: SignInToDotComWithBrowser
2023-06-02T05:47:22.194Z - info: [ui] [SignInStore] initializing OAuth flow
2023-06-02T05:47:22.198Z - info: [main] opening in browser: https://github.com/login/oauth/authorize?client_id=3a723b10ac5575cc5bb9&scope=repo%20user%20workflow&state=de843b7e-753d-4395-9a50-a0e9c82f232a
2023-06-02T05:47:22.199Z - info: [ui] [Welcome] current sign in state not found. ignoring...
2023-06-02T05:47:22.675Z - info: [ui] [Welcome] kind Authentication is the same as Authentication. ignoring...
2023-06-02T05:47:27.878Z - info: [ui] [Welcome] kind Authentication is the same as Authentication. ignoring...
2023-06-02T05:47:30.864Z - info: [ui] [Welcome] advancing to step: Start
2023-06-02T05:47:31.966Z - info: [ui] [Welcome] advancing to step: SignInToDotComWithBrowser
2023-06-02T05:47:31.969Z - info: [ui] [SignInStore] initializing OAuth flow
2023-06-02T05:47:31.975Z - info: [main] opening in browser: https://github.com/login/oauth/authorize?client_id=3a723b10ac5575cc5bb9&scope=repo%20user%20workflow&state=7a6f50c9-1e60-477c-9d44-fcb0311b225e
2023-06-02T05:47:31.976Z - info: [ui] [Welcome] kind Authentication is the same as Authentication. ignoring...
2023-06-02T05:47:32.338Z - info: [ui] [Welcome] kind Authentication is the same as Authentication. ignoring...
2023-06-02T05:47:50.827Z - info: [main] Received possible protocol arguments: 3
2023-06-02T05:47:50.827Z - info: [main] Processing protocol url
2023-06-02T05:47:50.846Z - info: [ui] [Dispatcher] requesting authenticated user
2023-06-02T05:47:50.852Z - info: [ui] [Welcome] kind Authentication is the same as Authentication. ignoring...
2023-06-02T05:47:50.864Z - info: [ui] [Welcome] kind Authentication is the same as Authentication. ignoring...
2023-06-02T05:47:51.003Z - info: [main] Received possible protocol arguments: 2
2023-06-02T05:47:51.009Z - info: [main] Processing protocol url
2023-06-02T05:47:52.967Z - info: [ui] [SignInStore] account resolved
2023-06-02T05:47:52.971Z - info: [ui] [AppStore] adding account Debarka-Kundu (Debarka Kundu) to store
2023-06-02T05:47:52.988Z - info: [ui] [Welcome] advancing to step: ConfigureGit
2023-06-02T05:47:53.121Z - info: [ui] [Welcome] no sign in step found. ignoring...
2023-06-02T05:47:53.743Z - info: [ui] [Welcome] no sign in step found. ignoring...
2023-06-02T05:47:54.195Z - info: [ui] Subscribed 'Debarka-Kundu' to Alive channel
2023-06-02T05:49:01.067Z - info: [ui] [AppStore] adding repository at /mnt/data69/hewol/aerOS/iso-profile to store
2023-06-02T05:49:09.457Z - error: [ui] 'git status' emitted 21385842 bytes, which is beyond the supported threshold of 20000000 bytes
2023-06-02T05:49:09.648Z - error: [ui] 'git status' emitted 21385842 bytes, which is beyond the supported threshold of 20000000 bytes
2023-06-02T05:49:09.696Z - error: [ui] 'git status' emitted 21385842 bytes, which is beyond the supported threshold of 20000000 bytes
2023-06-02T05:49:09.740Z - info: [ui] Executing isUsingLFS: git lfs track (took 8.641s)
2023-06-02T05:49:09.924Z - info: [ui] [BranchPruner] Last prune took place 8 seconds ago - skipping
2023-06-02T05:49:11.447Z - info: [ui] Executing fetch: git -c credential.helper= fetch --progress --prune --recurse-submodules=on-demand origin (took 1.600s)
2023-06-02T05:49:12.535Z - info: [ui] Executing updateRemoteHEAD: git -c credential.helper= remote set-head -a origin (took 1.085s)
2023-06-02T05:49:17.384Z - error: [ui] 'git status' emitted 21385842 bytes, which is beyond the supported threshold of 20000000 bytes
2023-06-02T05:49:17.434Z - error: [ui] 'git status' emitted 21385842 bytes, which is beyond the supported threshold of 20000000 bytes
2023-06-02T05:49:18.318Z - error: [ui] 'git status' emitted 21385842 bytes, which is beyond the supported threshold of 20000000 bytes
2023-06-02T05:49:19.910Z - error: [ui] 'git status' emitted 21385842 bytes, which is beyond the supported threshold of 20000000 bytes
2023-06-02T05:49:22.606Z - info: [ui] [RepositoryIndicatorUpdater]: Refreshing sidebar indicators for 1 repositories took 0.0s of which 0.0s paused, total 0.0s
2023-06-02T05:49:35.645Z - error: [ui] 'git status' emitted 21385842 bytes, which is beyond the supported threshold of 20000000 bytes
2023-06-02T05:49:37.946Z - error: [ui] 'git status' emitted 21385842 bytes, which is beyond the supported threshold of 20000000 bytes
2023-06-02T05:49:39.980Z - error: [ui] 'git status' emitted 21385842 bytes, which is beyond the supported threshold of 20000000 bytes
2023-06-02T05:49:41.885Z - error: [ui] 'git status' emitted 21385842 bytes, which is beyond the supported threshold of 20000000 bytes
2023-06-02T05:49:42.789Z - error: [ui] 'git status' emitted 21385842 bytes, which is beyond the supported threshold of 20000000 bytes
2023-06-02T05:49:42.829Z - error: [ui] 'git status' emitted 21385842 bytes, which is beyond the supported threshold of 20000000 bytes
2023-06-02T05:49:42.868Z - error: [ui] 'git status' emitted 21385842 bytes, which is beyond the supported threshold of 20000000 bytes
2023-06-02T05:49:42.903Z - error: [ui] 'git status' emitted 21385842 bytes, which is beyond the supported threshold of 20000000 bytes
2023-06-02T05:49:49.997Z - info: [ui] [BranchPruner] Last prune took place 1 minute ago - skipping
2023-06-02T05:49:53.430Z - error: [ui] 'git status' emitted 21385842 bytes, which is beyond the supported threshold of 20000000 bytes
2023-06-02T05:49:53.441Z - error: [ui] 'git status' emitted 21385842 bytes, which is beyond the supported threshold of 20000000 bytes
2023-06-02T05:49:55.285Z - error: [ui] 'git status' emitted 21385842 bytes, which is beyond the supported threshold of 20000000 bytes
2023-06-02T05:50:09.716Z - info: [ui] [BranchPruner] Last prune took place 1 minute ago - skipping
2023-06-02T05:50:11.935Z - error: [ui] 'git status' emitted 21385842 bytes, which is beyond the supported threshold of 20000000 bytes
2023-06-02T05:50:12.000Z - error: [ui] 'git status' emitted 21385842 bytes, which is beyond the supported threshold of 20000000 bytes
2023-06-02T05:50:13.954Z - error: [ui] 'git status' emitted 21385842 bytes, which is beyond the supported threshold of 20000000 bytes
2023-06-02T05:50:17.057Z - error: [ui] 'git status' emitted 21385842 bytes, which is beyond the supported threshold of 20000000 bytes
2023-06-02T05:50:18.163Z - error: [ui] 'git status' emitted 21385842 bytes, which is beyond the supported threshold of 20000000 bytes
2023-06-02T05:50:18.375Z - error: [ui] 'git status' emitted 21385842 bytes, which is beyond the supported threshold of 20000000 bytes
2023-06-02T05:50:18.405Z - error: [ui] 'git status' emitted 21385842 bytes, which is beyond the supported threshold of 20000000 bytes
2023-06-02T05:50:31.892Z - error: [ui] 'git status' emitted 21385842 bytes, which is beyond the supported threshold of 20000000 bytes
2023-06-02T05:51:37.662Z - error: [ui] 'git status' emitted 21385842 bytes, which is beyond the supported threshold of 20000000 bytes
2023-06-02T05:51:38.910Z - error: [ui] 'git status' emitted 21385842 bytes, which is beyond the supported threshold of 20000000 bytes
2023-06-02T05:51:44.497Z - info: [ui] [BranchPruner] Last prune took place 3 minutes ago - skipping
2023-06-02T05:51:46.671Z - error: [ui] 'git status' emitted 21385842 bytes, which is beyond the supported threshold of 20000000 bytes
2023-06-02T05:51:46.680Z - error: [ui] 'git status' emitted 21385842 bytes, which is beyond the supported threshold of 20000000 bytes
2023-06-02T05:51:48.518Z - error: [ui] 'git status' emitted 21385842 bytes, which is beyond the supported threshold of 20000000 bytes
2023-06-02T05:59:10.205Z - info: [ui] [BranchPruner] Last prune took place 10 minutes ago - skipping
2023-06-02T05:59:47.813Z - info: [ui] [Timing] Action 'create commit' for 'hewol/aerOS' took 0.221s
2023-06-02T06:00:02.952Z - info: [ui] [Timing] Action 'create commit' for 'hewol/aerOS' took 0.137s
2023-06-02T06:00:19.885Z - info: [ui] [AppStore.withAuthenticatingUser] account found for repository: aerOS - Debarka-Kundu (has token)
2023-06-02T06:00:21.240Z - info: [ui] Executing pull: git -c credential.helper= -c rebase.backend=merge pull --ff --recurse-submodules --progress origin (took 1.266s)
2023-06-02T06:00:22.271Z - info: [ui] Executing updateRemoteHEAD: git -c credential.helper= remote set-head -a origin (took 1.030s)
2023-06-02T06:00:28.740Z - info: [ui] [AppStore.withAuthenticatingUser] account found for repository: aerOS - Debarka-Kundu (has token)
2023-06-02T06:00:30.672Z - info: [ui] Executing push: git -c credential.helper= push origin main:main --progress (took 1.916s)
2023-06-02T06:00:31.795Z - info: [ui] Executing fetch: git -c credential.helper= fetch --progress --prune --recurse-submodules=on-demand origin (took 1.110s)
2023-06-02T06:04:21.629Z - warn: [ui] getFetchPollInterval: failed for hewol/aerOS
TypeError: Failed to fetch
    at _t (/home/debarka/webpack:/app/src/lib/http.ts:152:10)
    at vn.request (/home/debarka/webpack:/app/src/lib/api.ts:1603:28)
    at vn.getFetchPollInterval (/home/debarka/webpack:/app/src/lib/api.ts:1641:35)
    at _o.getFetchInterval (/home/debarka/webpack:/app/src/lib/stores/helpers/background-fetcher.ts:136:38)
    at _o.performAndScheduleFetch (/home/debarka/webpack:/app/src/lib/stores/helpers/background-fetcher.ts:117:33)
2023-06-02T06:08:22.339Z - warn: [ui] failed fetching open PRs for repository hewol/aerOS
TypeError: Failed to fetch
    at _t (/home/debarka/webpack:/app/src/lib/http.ts:152:10)
    at vn.request (/home/debarka/webpack:/app/src/lib/api.ts:1603:28)
    at vn.fetchAll (/home/debarka/webpack:/app/src/lib/api.ts:1573:45)
    at vn.fetchAllOpenPullRequests (/home/debarka/webpack:/app/src/lib/api.ts:1054:25)
    at qF.constructor.fetchAndStoreOpenPullRequests (/home/debarka/webpack:/app/src/lib/stores/pull-request-store.ts:110:28)
    at qF.constructor.fetchAndStorePullRequests (/home/debarka/webpack:/app/src/lib/stores/pull-request-store.ts:99:19)
    at Object.refreshPullRequests (/home/debarka/webpack:/app/src/lib/stores/pull-request-coordinator.ts:160:45)
2023-06-02T06:08:22.342Z - error: [ui] Error refreshing pull requests for 'hewol/aerOS'
TypeError: Failed to fetch
    at _t (/home/debarka/webpack:/app/src/lib/http.ts:152:10)
    at vn.request (/home/debarka/webpack:/app/src/lib/api.ts:1603:28)
    at vn.fetchAll (/home/debarka/webpack:/app/src/lib/api.ts:1573:45)
    at vn.fetchAllOpenPullRequests (/home/debarka/webpack:/app/src/lib/api.ts:1054:25)
    at qF.constructor.fetchAndStoreOpenPullRequests (/home/debarka/webpack:/app/src/lib/stores/pull-request-store.ts:110:28)
    at qF.constructor.fetchAndStorePullRequests (/home/debarka/webpack:/app/src/lib/stores/pull-request-store.ts:99:19)
    at Object.refreshPullRequests (/home/debarka/webpack:/app/src/lib/stores/pull-request-coordinator.ts:160:45)
2023-06-02T06:48:18.791Z - warn: [ui] Alive web socket request failed: TypeError: Failed to fetch
2023-06-02T06:48:19.409Z - error: [ui] Could not get Alive web socket URL for 'Debarka-Kundu'
TypeError: Failed to fetch
    at _t (/home/debarka/webpack:/app/src/lib/http.ts:152:10)
    at vn.request (/home/debarka/webpack:/app/src/lib/api.ts:1603:28)
    at vn.getAliveWebSocketURL (/home/debarka/webpack:/app/src/lib/api.ts:750:30)
    at Object.createSessionForAccount (/home/debarka/webpack:/app/src/lib/stores/alive-store.ts:170:32)
    at Object.subscribeToAccount (/home/debarka/webpack:/app/src/lib/stores/alive-store.ts:227:40)
    at Object._subscribeToAccounts (/home/debarka/webpack:/app/src/lib/stores/alive-store.ts:147:20)
    at subscribeToAccounts (/home/debarka/webpack:/app/src/lib/stores/alive-store.ts:126:44)
2023-06-02T06:48:19.415Z - warn: [ui] Alive channel request failed: TypeError: Failed to fetch
2023-06-02T06:48:19.417Z - info: [ui] [AppStore] loading 1 repositories from store
2023-06-02T06:48:19.417Z - info: [ui] [AppStore] found account: Debarka-Kundu (Debarka Kundu)
2023-06-02T06:48:19.426Z - warn: [ui] Alive web socket request failed: TypeError: Failed to fetch
2023-06-02T06:48:19.427Z - error: [ui] Could not get Alive web socket URL for 'Debarka-Kundu'
TypeError: Failed to fetch
    at _t (/home/debarka/webpack:/app/src/lib/http.ts:152:10)
    at vn.request (/home/debarka/webpack:/app/src/lib/api.ts:1603:28)
    at vn.getAliveWebSocketURL (/home/debarka/webpack:/app/src/lib/api.ts:750:30)
    at Object.createSessionForAccount (/home/debarka/webpack:/app/src/lib/stores/alive-store.ts:170:32)
    at Object.subscribeToAccount (/home/debarka/webpack:/app/src/lib/stores/alive-store.ts:227:40)
    at Object._subscribeToAccounts (/home/debarka/webpack:/app/src/lib/stores/alive-store.ts:147:20)
    at Object.subscribeToAccounts (/home/debarka/webpack:/app/src/lib/stores/alive-store.ts:126:44)
2023-06-02T06:48:19.445Z - info: [ui] [fetchProtectedBranches] unable to list protected branches
TypeError: Failed to fetch
    at _t (/home/debarka/webpack:/app/src/lib/http.ts:152:10)
    at vn.request (/home/debarka/webpack:/app/src/lib/api.ts:1603:28)
    at vn.fetchProtectedBranches (/home/debarka/webpack:/app/src/lib/api.ts:1547:35)
    at Zn.updateBranchProtectionsFromAPI (/home/debarka/webpack:/app/src/lib/stores/app-store.ts:3969:32)
    at Zn._selectRepository (/home/debarka/webpack:/app/src/lib/stores/app-store.ts:1742:10)
2023-06-02T06:48:19.454Z - warn: [ui] Alive channel request failed: TypeError: Failed to fetch
2023-06-02T06:48:19.457Z - warn: [ui] fetchRepository: an error occurred for 'hewol/aerOS'
TypeError: Failed to fetch
    at _t (/home/debarka/webpack:/app/src/lib/http.ts:152:10)
    at vn.request (/home/debarka/webpack:/app/src/lib/api.ts:1603:28)
    at vn.fetchRepository (/home/debarka/webpack:/app/src/lib/api.ts:841:35)
    at Zn.repositoryWithRefreshedGitHubRepository (/home/debarka/webpack:/app/src/lib/stores/app-store.ts:3925:31)
2023-06-02T06:48:19.477Z - info: [ui] [BranchPruner] Last prune took place 1 hour ago - skipping
2023-06-02T06:48:19.515Z - warn: [ui] fetchIssues: failed for repository hewol/aerOS
TypeError: Failed to fetch
    at _t (/home/debarka/webpack:/app/src/lib/http.ts:152:10)
    at vn.request (/home/debarka/webpack:/app/src/lib/api.ts:1603:28)
    at vn.fetchAll (/home/debarka/webpack:/app/src/lib/api.ts:1573:45)
    at vn.fetchIssues (/home/debarka/webpack:/app/src/lib/api.ts:1038:33)
    at HF.constructor.refreshIssues (/home/debarka/webpack:/app/src/lib/stores/issues-store.ts:81:30)
    at Zn._refreshIssues (/home/debarka/webpack:/app/src/lib/stores/app-store.ts:1857:5)
2023-06-02T06:48:19.516Z - warn: [ui] Unable to fetch issues for hewol/aerOS
TypeError: Failed to fetch
    at _t (/home/debarka/webpack:/app/src/lib/http.ts:152:10)
    at vn.request (/home/debarka/webpack:/app/src/lib/api.ts:1603:28)
    at vn.fetchAll (/home/debarka/webpack:/app/src/lib/api.ts:1573:45)
    at vn.fetchIssues (/home/debarka/webpack:/app/src/lib/api.ts:1038:33)
    at HF.constructor.refreshIssues (/home/debarka/webpack:/app/src/lib/stores/issues-store.ts:81:30)
    at Zn._refreshIssues (/home/debarka/webpack:/app/src/lib/stores/app-store.ts:1857:5)
2023-06-02T06:48:19.517Z - warn: [ui] fetchMentionables: failed for hewol/aerOS
TypeError: Failed to fetch
    at _t (/home/debarka/webpack:/app/src/lib/http.ts:152:10)
    at vn.request (/home/debarka/webpack:/app/src/lib/api.ts:1603:28)
    at vn.fetchMentionables (/home/debarka/webpack:/app/src/lib/api.ts:1671:35)
    at FF.constructor.updateMentionables (/home/debarka/webpack:/app/src/lib/stores/github-user-store.ts:90:32)
2023-06-02T06:48:19.748Z - warn: [ui] fetchAccount: failed with endpoint https://api.github.com
TypeError: Failed to fetch
    at _t (/home/debarka/webpack:/app/src/lib/http.ts:152:10)
    at vn.request (/home/debarka/webpack:/app/src/lib/api.ts:1603:28)
    at vn.fetchAccount (/home/debarka/webpack:/app/src/lib/api.ts:934:35)
    at wn (/home/debarka/webpack:/app/src/lib/api.ts:1859:28)
    at /home/debarka/webpack:/app/src/lib/stores/accounts-store.ts:219:10
    at Zn.tryUpdateAccount (/home/debarka/webpack:/app/src/lib/stores/accounts-store.ts:134:20)
    at /home/debarka/webpack:/app/src/lib/stores/accounts-store.ts:114:37
    at Array.map (<anonymous>)
    at Zn.refresh (/home/debarka/webpack:/app/src/lib/stores/accounts-store.ts:114:21)
    at Zn.loadInitialState (/home/debarka/webpack:/app/src/lib/stores/app-store.ts:2118:24)
2023-06-02T06:48:19.749Z - warn: [ui] fetchUser: failed with endpoint https://api.github.com
TypeError: Failed to fetch
    at _t (/home/debarka/webpack:/app/src/lib/http.ts:152:10)
    at vn.request (/home/debarka/webpack:/app/src/lib/api.ts:1603:28)
    at vn.fetchAccount (/home/debarka/webpack:/app/src/lib/api.ts:934:35)
    at wn (/home/debarka/webpack:/app/src/lib/api.ts:1859:28)
    at /home/debarka/webpack:/app/src/lib/stores/accounts-store.ts:219:10
    at Zn.tryUpdateAccount (/home/debarka/webpack:/app/src/lib/stores/accounts-store.ts:134:20)
    at /home/debarka/webpack:/app/src/lib/stores/accounts-store.ts:114:37
    at Array.map (<anonymous>)
    at Zn.refresh (/home/debarka/webpack:/app/src/lib/stores/accounts-store.ts:114:21)
    at Zn.loadInitialState (/home/debarka/webpack:/app/src/lib/stores/app-store.ts:2118:24)
2023-06-02T06:48:19.750Z - warn: [ui] Error refreshing account 'Debarka-Kundu'
TypeError: Failed to fetch
    at _t (/home/debarka/webpack:/app/src/lib/http.ts:152:10)
    at vn.request (/home/debarka/webpack:/app/src/lib/api.ts:1603:28)
    at vn.fetchAccount (/home/debarka/webpack:/app/src/lib/api.ts:934:35)
    at wn (/home/debarka/webpack:/app/src/lib/api.ts:1859:28)
    at /home/debarka/webpack:/app/src/lib/stores/accounts-store.ts:219:10
    at Zn.tryUpdateAccount (/home/debarka/webpack:/app/src/lib/stores/accounts-store.ts:134:20)
    at /home/debarka/webpack:/app/src/lib/stores/accounts-store.ts:114:37
    at Array.map (<anonymous>)
    at Zn.refresh (/home/debarka/webpack:/app/src/lib/stores/accounts-store.ts:114:21)
    at Zn.loadInitialState (/home/debarka/webpack:/app/src/lib/stores/app-store.ts:2118:24)
2023-06-02T06:48:19.776Z - warn: [ui] Alive web socket request failed: TypeError: Failed to fetch
2023-06-02T06:48:19.777Z - error: [ui] Could not get Alive web socket URL for 'Debarka-Kundu'
TypeError: Failed to fetch
    at _t (/home/debarka/webpack:/app/src/lib/http.ts:152:10)
    at vn.request (/home/debarka/webpack:/app/src/lib/api.ts:1603:28)
    at vn.getAliveWebSocketURL (/home/debarka/webpack:/app/src/lib/api.ts:750:30)
    at Object.createSessionForAccount (/home/debarka/webpack:/app/src/lib/stores/alive-store.ts:170:32)
    at Object.subscribeToAccount (/home/debarka/webpack:/app/src/lib/stores/alive-store.ts:227:40)
    at Object._subscribeToAccounts (/home/debarka/webpack:/app/src/lib/stores/alive-store.ts:147:20)
    at subscribeToAccounts (/home/debarka/webpack:/app/src/lib/stores/alive-store.ts:126:44)
2023-06-02T06:48:19.781Z - warn: [ui] Alive web socket request failed: TypeError: Failed to fetch
2023-06-02T06:48:19.782Z - error: [ui] Could not get Alive web socket URL for 'Debarka-Kundu'
TypeError: Failed to fetch
    at _t (/home/debarka/webpack:/app/src/lib/http.ts:152:10)
    at vn.request (/home/debarka/webpack:/app/src/lib/api.ts:1603:28)
    at vn.getAliveWebSocketURL (/home/debarka/webpack:/app/src/lib/api.ts:750:30)
    at Object.createSessionForAccount (/home/debarka/webpack:/app/src/lib/stores/alive-store.ts:170:32)
    at Object.subscribeToAccount (/home/debarka/webpack:/app/src/lib/stores/alive-store.ts:227:40)
    at Object._subscribeToAccounts (/home/debarka/webpack:/app/src/lib/stores/alive-store.ts:147:20)
    at subscribeToAccounts (/home/debarka/webpack:/app/src/lib/stores/alive-store.ts:126:44)
2023-06-02T06:48:19.786Z - warn: [ui] Alive channel request failed: TypeError: Failed to fetch
2023-06-02T06:48:19.786Z - warn: [ui] Alive channel request failed: TypeError: Failed to fetch
2023-06-02T06:48:19.821Z - info: [ui] launching: 3.2.1-linux1 (Linux 6.3.5-zen1-1-zen)
2023-06-02T06:48:19.823Z - info: [ui] execPath: '/opt/github-desktop/github-desktop'
2023-06-02T06:48:19.896Z - warn: [ui] failed fetching open PRs for repository hewol/aerOS
TypeError: Failed to fetch
    at _t (/home/debarka/webpack:/app/src/lib/http.ts:152:10)
    at vn.request (/home/debarka/webpack:/app/src/lib/api.ts:1603:28)
    at vn.fetchAll (/home/debarka/webpack:/app/src/lib/api.ts:1573:45)
    at vn.fetchAllOpenPullRequests (/home/debarka/webpack:/app/src/lib/api.ts:1054:25)
    at qF.constructor.fetchAndStoreOpenPullRequests (/home/debarka/webpack:/app/src/lib/stores/pull-request-store.ts:110:28)
    at qF.constructor.fetchAndStorePullRequests (/home/debarka/webpack:/app/src/lib/stores/pull-request-store.ts:99:19)
    at Object.refreshPullRequests (/home/debarka/webpack:/app/src/lib/stores/pull-request-coordinator.ts:160:45)
2023-06-02T06:48:19.896Z - error: [ui] Error refreshing pull requests for 'hewol/aerOS'
TypeError: Failed to fetch
    at _t (/home/debarka/webpack:/app/src/lib/http.ts:152:10)
    at vn.request (/home/debarka/webpack:/app/src/lib/api.ts:1603:28)
    at vn.fetchAll (/home/debarka/webpack:/app/src/lib/api.ts:1573:45)
    at vn.fetchAllOpenPullRequests (/home/debarka/webpack:/app/src/lib/api.ts:1054:25)
    at qF.constructor.fetchAndStoreOpenPullRequests (/home/debarka/webpack:/app/src/lib/stores/pull-request-store.ts:110:28)
    at qF.constructor.fetchAndStorePullRequests (/home/debarka/webpack:/app/src/lib/stores/pull-request-store.ts:99:19)
    at Object.refreshPullRequests (/home/debarka/webpack:/app/src/lib/stores/pull-request-coordinator.ts:160:45)
2023-06-02T06:48:19.902Z - error: [ui] Error reporting stats:
TypeError: Failed to fetch
    at UF.constructor.post (/home/debarka/webpack:/app/src/lib/stats/stats-store.ts:1989:12)
    at UF.constructor.reportStats (/home/debarka/webpack:/app/src/lib/stats/stats-store.ts:490:35)
2023-06-02T06:48:43.767Z - info: [ui] [Timing] Action 'create commit' for 'hewol/aerOS' took 0.137s
2023-06-02T06:48:45.863Z - info: [ui] [AppStore.withAuthenticatingUser] account found for repository: aerOS - Debarka-Kundu (has token)
2023-06-02T06:48:48.042Z - info: [ui] Executing push: git -c credential.helper= push origin main:main --progress (took 2.169s)
2023-06-02T06:48:49.294Z - info: [ui] Executing fetch: git -c credential.helper= fetch --progress --prune --recurse-submodules=on-demand origin (took 1.232s)
2023-06-02T06:48:50.498Z - info: [ui] Executing updateRemoteHEAD: git -c credential.helper= remote set-head -a origin (took 1.201s)
2023-06-02T06:48:53.650Z - info: [ui] [AppStore.withAuthenticatingUser] account found for repository: aerOS - Debarka-Kundu (has token)
2023-06-02T06:48:54.796Z - info: [ui] Executing fetch: git -c credential.helper= fetch --progress --prune --recurse-submodules=on-demand origin (took 1.135s)
2023-06-02T07:06:04.250Z - info: [ui] [Timing] Action 'create commit' for 'hewol/aerOS' took 0.227s
2023-06-02T07:06:15.263Z - info: [ui] [AppStore.withAuthenticatingUser] account found for repository: aerOS - Debarka-Kundu (has token)
2023-06-02T07:06:18.294Z - info: [ui] Executing push: git -c credential.helper= push origin main:main --progress (took 2.961s)
2023-06-02T07:06:19.318Z - info: [ui] Executing fetch: git -c credential.helper= fetch --progress --prune --recurse-submodules=on-demand origin (took 1.002s)
2023-06-02T07:06:20.460Z - info: [ui] Executing updateRemoteHEAD: git -c credential.helper= remote set-head -a origin (took 1.140s)
2023-06-02T07:07:32.460Z - info: [ui] [AppStore.withAuthenticatingUser] account found for repository: aerOS - Debarka-Kundu (has token)
2023-06-02T07:07:32.637Z - info: [ui] [Timing] Action 'create branch' for 'hewol/aerOS' took 0.275s
2023-06-02T07:07:39.705Z - info: [ui] [AppStore.withAuthenticatingUser] account found for repository: aerOS - Debarka-Kundu (has token)
2023-06-02T07:07:41.973Z - info: [ui] Executing push: git -c credential.helper= push origin calamares-installer --set-upstream --progress (took 2.254s)
2023-06-02T07:07:43.137Z - info: [ui] Executing fetch: git -c credential.helper= fetch --progress --prune --recurse-submodules=on-demand origin (took 1.152s)
2023-06-02T07:07:44.244Z - info: [ui] Executing updateRemoteHEAD: git -c credential.helper= remote set-head -a origin (took 1.101s)
2023-06-02T07:09:20.234Z - info: [ui] [AppStore.withAuthenticatingUser] account found for repository: aerOS - Debarka-Kundu (has token)
2023-06-02T07:09:20.443Z - info: [ui] [Timing] Action 'checkout branch from list' for 'hewol/aerOS' took 0.201s
2023-06-02T07:09:22.444Z - info: [ui] [AppStore.withAuthenticatingUser] account found for repository: aerOS - Debarka-Kundu (has token)
2023-06-02T07:09:23.608Z - info: [ui] Executing fetch: git -c credential.helper= fetch --progress --prune --recurse-submodules=on-demand origin (took 1.152s)
2023-06-02T07:09:24.792Z - info: [ui] Executing updateRemoteHEAD: git -c credential.helper= remote set-head -a origin (took 1.179s)
2023-06-02T07:09:27.339Z - info: [ui] [AppStore.withAuthenticatingUser] account found for repository: aerOS - Debarka-Kundu (has token)
2023-06-02T07:09:27.553Z - info: [ui] [Timing] Action 'checkout branch from list' for 'hewol/aerOS' took 0.201s
2023-06-02T07:09:36.366Z - info: [ui] [AppStore.withAuthenticatingUser] account found for repository: aerOS - Debarka-Kundu (has token)
2023-06-02T07:09:37.673Z - info: [ui] [Timing] Action 'checkout branch from list' for 'hewol/aerOS' took 0.000s
2023-06-02T07:17:44.048Z - info: [ui] [Timing] Action 'create commit' for 'hewol/aerOS' took 0.133s
2023-06-02T07:17:46.078Z - info: [ui] [AppStore.withAuthenticatingUser] account found for repository: aerOS - Debarka-Kundu (has token)
2023-06-02T07:17:48.533Z - info: [ui] Executing push: git -c credential.helper= push origin main:main --progress (took 2.450s)
2023-06-02T07:17:49.676Z - info: [ui] Executing fetch: git -c credential.helper= fetch --progress --prune --recurse-submodules=on-demand origin (took 1.126s)
2023-06-02T07:17:50.983Z - info: [ui] Executing updateRemoteHEAD: git -c credential.helper= remote set-head -a origin (took 1.304s)
2023-06-02T07:34:21.809Z - info: [ui] [AppStore.withAuthenticatingUser] account found for repository: aerOS - Debarka-Kundu (has token)
2023-06-02T07:34:23.038Z - info: [ui] Executing fetch: git -c credential.helper= fetch --progress --prune --recurse-submodules=on-demand origin (took 1.180s)
2023-06-02T07:34:24.262Z - info: [ui] Executing updateRemoteHEAD: git -c credential.helper= remote set-head -a origin (took 1.221s)
2023-06-02T08:05:30.880Z - info: [ui] Executing fetch: git -c credential.helper= fetch --progress --prune --recurse-submodules=on-demand origin (took 1.058s)
2023-06-02T08:05:32.005Z - info: [ui] Executing updateRemoteHEAD: git -c credential.helper= remote set-head -a origin (took 1.121s)
2023-06-02T08:38:36.557Z - info: [ui] Executing fetch: git -c credential.helper= fetch --progress --prune --recurse-submodules=on-demand origin (took 5.609s)
2023-06-02T08:38:37.610Z - info: [ui] Executing updateRemoteHEAD: git -c credential.helper= remote set-head -a origin (took 1.035s)
2023-06-02T09:11:33.714Z - info: [ui] Executing fetch: git -c credential.helper= fetch --progress --prune --recurse-submodules=on-demand origin (took 1.126s)
2023-06-02T09:11:34.820Z - info: [ui] Executing updateRemoteHEAD: git -c credential.helper= remote set-head -a origin (took 1.079s)
2023-06-02T15:23:05.138Z - info: [main] Received possible protocol arguments: 2
2023-06-02T15:23:05.789Z - info: [ui] [AppStore] loading 1 repositories from store
2023-06-02T15:23:05.790Z - info: [ui] [AppStore] found account: Debarka-Kundu (Debarka Kundu)
2023-06-02T15:23:05.861Z - info: [ui] [BranchPruner] Last prune took place 10 hours ago - skipping
2023-06-02T15:23:06.173Z - info: [ui] launching: 3.2.1-linux1 (Linux 6.3.5-zen1-1-zen)
2023-06-02T15:23:06.174Z - info: [ui] execPath: '/opt/github-desktop/github-desktop'
2023-06-02T15:23:07.683Z - info: [ui] [AppStore.withAuthenticatingUser] account found for repository: aerOS - Debarka-Kundu (has token)
2023-06-02T15:23:10.683Z - info: [ui] Subscribed 'Debarka-Kundu' to Alive channel
2023-06-02T15:23:13.416Z - info: [ui] Executing fetch: git -c credential.helper= fetch --progress --prune --recurse-submodules=on-demand origin (took 5.721s)
2023-06-02T15:23:14.846Z - info: [ui] Executing updateRemoteHEAD: git -c credential.helper= remote set-head -a origin (took 1.425s)
2023-06-02T15:23:19.031Z - info: [ui] Stats reported.
2023-06-02T15:42:55.236Z - info: [ui] [AppStore.withAuthenticatingUser] account found for repository: aerOS - Debarka-Kundu (has token)
2023-06-02T15:42:59.757Z - info: [ui] Executing fetch: git -c credential.helper= fetch --progress --prune --recurse-submodules=on-demand origin (took 4.449s)
2023-06-02T15:43:01.425Z - info: [ui] Executing updateRemoteHEAD: git -c credential.helper= remote set-head -a origin (took 1.667s)
2023-06-02T15:43:25.043Z - info: [ui] [Timing] Action 'create commit' for 'hewol/aerOS' took 0.159s
2023-06-02T15:43:26.656Z - info: [ui] [AppStore.withAuthenticatingUser] account found for repository: aerOS - Debarka-Kundu (has token)
2023-06-02T15:43:29.894Z - info: [ui] Executing push: git -c credential.helper= push origin main:main --progress (took 3.234s)
2023-06-02T15:43:31.634Z - info: [ui] Executing fetch: git -c credential.helper= fetch --progress --prune --recurse-submodules=on-demand origin (took 1.722s)
2023-06-02T15:43:35.154Z - info: [ui] Executing updateRemoteHEAD: git -c credential.helper= remote set-head -a origin (took 3.519s)
2023-06-02T15:53:16.593Z - info: [ui] [AppStore.getAccountForRemoteURL] account found for remote: https://github.com/hewol/archscripts.git - Debarka-Kundu (has token)
2023-06-02T15:53:19.221Z - info: [ui] Executing clone: git -c credential.helper= -c init.defaultBranch=main clone --recursive --progress -- https://github.com/hewol/archscripts.git /mnt/data69/hewol/archscripts/archscripts (took 2.567s)
2023-06-02T15:53:23.565Z - info: [ui] [BranchPruner] No branches to prune.
