2023-06-03T06:30:55.355Z - info: [ui] [AppStore] loading 2 repositories from store
2023-06-03T06:30:55.365Z - info: [ui] [AppStore] found account: Debarka-Kundu (Debarka Kundu)
2023-06-03T06:30:55.406Z - info: [ui] [BranchPruner] Last prune took place 15 hours ago - skipping
2023-06-03T06:30:55.615Z - info: [ui] launching: 3.2.1-linux1 (Linux 6.3.5-zen1-1-zen)
2023-06-03T06:30:55.617Z - info: [ui] execPath: '/opt/github-desktop/github-desktop'
2023-06-03T06:30:56.420Z - info: [ui] Subscribed 'Debarka-Kundu' to Alive channel
2023-06-03T06:31:02.414Z - info: [ui] [BranchPruner] No branches to prune.
2023-06-03T06:31:05.517Z - info: [ui] [AppStore.withAuthenticatingUser] account found for repository: archscripts - Debarka-Kundu (has token)
2023-06-03T06:31:06.611Z - info: [ui] Executing fetch: git -c credential.helper= fetch --progress --prune --recurse-submodules=on-demand origin (took 1.085s)
2023-06-03T06:31:07.615Z - info: [ui] [RepositoryIndicatorUpdater]: Refreshing sidebar indicators for 1 repositories took 2.1s of which 0.0s paused, total 2.1s
2023-06-03T06:31:41.274Z - info: [ui] [AppStore.getAccountForRemoteURL] account found for remote: https://github.com/hewol/hewol.github.io.git - Debarka-Kundu (has token)
2023-06-03T06:31:45.292Z - info: [ui] Executing clone: git -c credential.helper= -c init.defaultBranch=main clone --recursive --progress -- https://github.com/hewol/hewol.github.io.git /mnt/data69/hewol/hewol-web/hewol.github.io (took 3.966s)
2023-06-03T06:31:50.277Z - info: [ui] [BranchPruner] No branches to prune.
2023-06-03T06:32:03.748Z - info: [ui] [BranchPruner] Last prune took place 1 minute ago - skipping
2023-06-03T06:32:05.693Z - info: [ui] Executing updateRemoteHEAD: git -c credential.helper= remote set-head -a origin (took 1.040s)
2023-06-03T09:00:00.758Z - info: [ui] [AppStore] loading 3 repositories from store
2023-06-03T09:00:00.766Z - info: [ui] [AppStore] found account: Debarka-Kundu (Debarka Kundu)
2023-06-03T09:00:00.810Z - info: [ui] [BranchPruner] Last prune took place 2 hours ago - skipping
2023-06-03T09:00:01.039Z - info: [ui] launching: 3.2.1-linux1 (Linux 6.3.5-zen1-1-zen)
2023-06-03T09:00:01.040Z - info: [ui] execPath: '/opt/github-desktop/github-desktop'
2023-06-03T09:00:01.949Z - info: [ui] Subscribed 'Debarka-Kundu' to Alive channel
2023-06-03T09:00:08.065Z - info: [ui] Executing fetch: git -c credential.helper= fetch --progress --prune --recurse-submodules=on-demand origin (took 1.281s)
2023-06-03T09:03:31.301Z - info: [ui] [AppStore] loading 3 repositories from store
2023-06-03T09:03:31.309Z - info: [ui] [AppStore] found account: Debarka-Kundu (Debarka Kundu)
2023-06-03T09:03:31.343Z - info: [ui] [BranchPruner] Last prune took place 3 hours ago - skipping
2023-06-03T09:03:31.584Z - info: [ui] launching: 3.2.1-linux1 (Linux 6.3.5-zen1-1-zen)
2023-06-03T09:03:31.585Z - info: [ui] execPath: '/opt/github-desktop/github-desktop'
2023-06-03T09:03:32.575Z - info: [ui] Subscribed 'Debarka-Kundu' to Alive channel
2023-06-03T09:13:38.864Z - info: [ui] [AppStore.withAuthenticatingUser] account found for repository: hewol.github.io - Debarka-Kundu (has token)
2023-06-03T09:13:40.100Z - info: [ui] Executing fetch: git -c credential.helper= fetch --progress --prune --recurse-submodules=on-demand origin (took 1.219s)
2023-06-03T09:13:41.326Z - info: [ui] Executing updateRemoteHEAD: git -c credential.helper= remote set-head -a origin (took 1.224s)
2023-06-03T09:13:41.344Z - info: [ui] [RepositoryIndicatorUpdater]: Refreshing sidebar indicators for 2 repositories took 4.0s of which 0.0s paused, total 4.0s
2023-06-03T09:34:47.353Z - info: [ui] Executing fetch: git -c credential.helper= fetch --progress --prune --recurse-submodules=on-demand origin (took 1.517s)
2023-06-03T09:34:48.547Z - info: [ui] Executing updateRemoteHEAD: git -c credential.helper= remote set-head -a origin (took 1.185s)
2023-06-03T10:05:56.282Z - info: [ui] Executing fetch: git -c credential.helper= fetch --progress --prune --recurse-submodules=on-demand origin (took 1.423s)
2023-06-03T10:05:57.583Z - info: [ui] Executing updateRemoteHEAD: git -c credential.helper= remote set-head -a origin (took 1.210s)
2023-06-03T11:35:56.674Z - info: [ui] [AppStore] loading 3 repositories from store
2023-06-03T11:35:56.682Z - info: [ui] [AppStore] found account: Debarka-Kundu (Debarka Kundu)
2023-06-03T11:35:56.724Z - info: [ui] [BranchPruner] Last prune took place 5 hours ago - skipping
2023-06-03T11:35:57.101Z - info: [ui] launching: 3.2.1-linux1 (Linux 6.3.5-zen1-1-zen)
2023-06-03T11:35:57.102Z - info: [ui] execPath: '/opt/github-desktop/github-desktop'
2023-06-03T11:35:57.943Z - info: [ui] Subscribed 'Debarka-Kundu' to Alive channel
2023-06-03T11:36:11.492Z - info: [ui] [Timing] Action 'create commit' for 'hewol/aerOS' took 0.146s
2023-06-03T11:36:12.910Z - info: [ui] [AppStore.withAuthenticatingUser] account found for repository: aerOS - Debarka-Kundu (has token)
2023-06-03T11:36:15.267Z - info: [ui] Executing push: git -c credential.helper= push origin main:main --progress (took 2.324s)
2023-06-03T11:36:16.550Z - info: [ui] Executing fetch: git -c credential.helper= fetch --progress --prune --recurse-submodules=on-demand origin (took 1.264s)
2023-06-03T11:36:17.617Z - info: [ui] Executing updateRemoteHEAD: git -c credential.helper= remote set-head -a origin (took 1.065s)
2023-06-03T11:36:28.769Z - info: [ui] Subscribed 'Debarka-Kundu' to Alive channel
2023-06-03T11:36:28.778Z - info: [ui] [AppStore] loading 3 repositories from store
2023-06-03T11:36:28.778Z - info: [ui] [AppStore] found account: Debarka-Kundu (Debarka Kundu)
2023-06-03T11:36:28.820Z - info: [ui] [BranchPruner] Last prune took place 5 hours ago - skipping
2023-06-03T11:36:29.045Z - info: [ui] launching: 3.2.1-linux1 (Linux 6.3.5-zen1-1-zen)
2023-06-03T11:36:29.048Z - info: [ui] execPath: '/opt/github-desktop/github-desktop'
2023-06-03T11:36:35.334Z - error: [ui] 'git status' emitted 22380497 bytes, which is beyond the supported threshold of 20000000 bytes
2023-06-03T11:36:36.325Z - error: [ui] 'git status' emitted 22387170 bytes, which is beyond the supported threshold of 20000000 bytes
2023-06-03T11:36:39.794Z - error: [ui] 'git status' emitted 22506701 bytes, which is beyond the supported threshold of 20000000 bytes
2023-06-03T11:36:42.927Z - error: [ui] 'git status' emitted 22443921 bytes, which is beyond the supported threshold of 20000000 bytes
2023-06-03T11:36:46.921Z - info: [ui] Subscribed 'Debarka-Kundu' to Alive channel
2023-06-03T11:36:46.929Z - info: [ui] [AppStore] loading 3 repositories from store
2023-06-03T11:36:46.929Z - info: [ui] [AppStore] found account: Debarka-Kundu (Debarka Kundu)
2023-06-03T11:36:47.037Z - info: [ui] launching: 3.2.1-linux1 (Linux 6.3.5-zen1-1-zen)
2023-06-03T11:36:47.039Z - info: [ui] execPath: '/opt/github-desktop/github-desktop'
2023-06-03T11:38:05.113Z - info: [ui] [AppStore] loading 3 repositories from store
2023-06-03T11:38:05.116Z - info: [ui] [AppStore] found account: Debarka-Kundu (Debarka Kundu)
2023-06-03T11:38:05.226Z - info: [ui] launching: 3.2.1-linux1 (Linux 6.3.5-zen1-1-zen)
2023-06-03T11:38:05.227Z - info: [ui] execPath: '/opt/github-desktop/github-desktop'
2023-06-03T11:38:05.802Z - info: [ui] [BranchPruner] Last prune took place 5 hours ago - skipping
2023-06-03T11:38:06.348Z - info: [ui] Subscribed 'Debarka-Kundu' to Alive channel
2023-06-03T11:38:16.820Z - info: [ui] [Timing] Action 'create commit' for 'hewol/aerOS' took 0.145s
2023-06-03T11:38:18.567Z - info: [ui] [AppStore.withAuthenticatingUser] account found for repository: aerOS - Debarka-Kundu (has token)
2023-06-03T11:38:20.568Z - info: [ui] Executing push: git -c credential.helper= push origin main:main --progress (took 1.972s)
2023-06-03T11:38:21.936Z - info: [ui] Executing fetch: git -c credential.helper= fetch --progress --prune --recurse-submodules=on-demand origin (took 1.341s)
2023-06-03T11:38:23.054Z - info: [ui] Executing updateRemoteHEAD: git -c credential.helper= remote set-head -a origin (took 1.116s)
2023-06-03T11:39:58.719Z - info: [ui] [AppStore] loading 3 repositories from store
2023-06-03T11:39:58.726Z - info: [ui] [AppStore] found account: Debarka-Kundu (Debarka Kundu)
2023-06-03T11:39:58.764Z - info: [ui] [BranchPruner] Last prune took place 5 hours ago - skipping
2023-06-03T11:39:59.387Z - info: [ui] launching: 3.2.1-linux1 (Linux 6.3.5-zen1-1-zen)
2023-06-03T11:39:59.388Z - info: [ui] execPath: '/opt/github-desktop/github-desktop'
2023-06-03T11:39:59.923Z - info: [ui] Subscribed 'Debarka-Kundu' to Alive channel
2023-06-03T11:40:01.596Z - info: [ui] [Timing] Action 'create commit' for 'hewol/aerOS' took 0.094s
2023-06-03T11:40:03.447Z - info: [ui] [AppStore.withAuthenticatingUser] account found for repository: aerOS - Debarka-Kundu (has token)
2023-06-03T11:40:05.551Z - info: [ui] Executing push: git -c credential.helper= push origin main:main --progress (took 2.077s)
2023-06-03T11:40:07.710Z - info: [ui] Executing updateRemoteHEAD: git -c credential.helper= remote set-head -a origin (took 1.183s)
2023-06-03T11:40:51.118Z - info: [ui] [Timing] Action 'create commit' for 'hewol/aerOS' took 0.179s
2023-06-03T11:40:52.360Z - info: [ui] [AppStore.withAuthenticatingUser] account found for repository: aerOS - Debarka-Kundu (has token)
2023-06-03T11:40:54.481Z - info: [ui] Executing push: git -c credential.helper= push origin main:main --progress (took 2.115s)
2023-06-03T11:40:55.758Z - info: [ui] Executing fetch: git -c credential.helper= fetch --progress --prune --recurse-submodules=on-demand origin (took 1.265s)
2023-06-03T11:40:56.880Z - info: [ui] Executing updateRemoteHEAD: git -c credential.helper= remote set-head -a origin (took 1.119s)
