2023-08-03T12:41:45.731Z - info: [ui] [AppStore] loading 6 repositories from store
2023-08-03T12:41:45.740Z - info: [ui] [AppStore] found account: debarkak (Debarka Kundu)
2023-08-03T12:41:46.102Z - info: [ui] launching: 3.2.5-linux1 (Linux 6.4.7-zen1-1-zen)
2023-08-03T12:41:46.148Z - info: [ui] execPath: '/opt/github-desktop/github-desktop'
2023-08-03T12:41:46.611Z - info: [ui] Subscribed 'debarkak' to Alive channel
2023-08-03T12:41:47.368Z - info: [ui] Stats reported.
2023-08-03T12:41:48.352Z - error: [ui] Could not load new contents for syntax highlighting
Error: EISDIR: illegal operation on a directory, read
2023-08-03T12:41:50.160Z - info: [ui] Executing fetch: git -c credential.helper= fetch --progress --prune --recurse-submodules=on-demand origin (took 1.476s)
2023-08-03T12:42:09.196Z - info: [ui] [AppStore.withAuthenticatingUser] account found for repository: aerOS-se - debarkak (has token)
2023-08-03T12:42:10.578Z - info: [ui] Executing fetch: git -c credential.helper= fetch --progress --prune --recurse-submodules=on-demand origin (took 1.371s)
2023-08-03T12:42:12.059Z - info: [ui] [RepositoryIndicatorUpdater]: Refreshing sidebar indicators for 5 repositories took 5.3s of which 0.0s paused, total 5.3s
2023-08-03T12:42:12.732Z - info: [ui] [AppStore.getAccountForRemoteURL] account found for remote: https://github.com/hewol/aerOS-refresh.git - debarkak (has token)
2023-08-03T12:42:14.275Z - info: [ui] Executing clone: git -c credential.helper= -c init.defaultBranch=main clone --recursive --progress -- https://github.com/hewol/aerOS-refresh.git /mnt/data69/hewol/aerOS/aerOS-refresh (took 1.535s)
2023-08-03T12:42:16.797Z - info: [ui] [BranchPruner] No branches to prune.
2023-08-03T12:42:24.641Z - error: [ui] Could not load new contents for syntax highlighting
Error: EISDIR: illegal operation on a directory, read
2023-08-03T12:42:24.683Z - info: [ui] [BranchPruner] Last prune took place 39 seconds ago - skipping
2023-08-03T12:42:55.403Z - info: [ui] Executing updateIndex: git update-index --add --remove --replace -z --stdin (took 20.543s)
2023-08-03T12:43:14.818Z - info: [ui] Executing createCommit: git commit -F - (took 19.274s)
2023-08-03T12:43:18.242Z - info: [ui] [Timing] Action 'create commit' for 'debarkak/.config-arch' took 44.815s
2023-08-03T12:43:30.816Z - info: [ui] [AppStore.withAuthenticatingUser] account found for repository: .config-arch - debarkak (has token)
2023-08-03T12:44:56.000Z - info: [ui] Executing push: git -c credential.helper= push origin main:main --force-with-lease --progress (took 85.154s)
2023-08-03T12:48:08.318Z - info: [ui] [AppStore.withAuthenticatingUser] account found for repository: aerOS-se - debarkak (has token)
2023-08-03T12:48:09.424Z - info: [ui] Executing pull: git -c credential.helper= -c rebase.backend=merge pull --ff --recurse-submodules --progress origin (took 1.049s)
2023-08-03T12:48:19.328Z - info: [ui] Executing fetch: git -c credential.helper= fetch --progress --prune --recurse-submodules=on-demand upstream (took 1.872s)
2023-08-03T12:48:22.762Z - info: [ui] [BranchPruner] Last prune took place 6 minutes ago - skipping
2023-08-03T12:48:35.575Z - info: [ui] [Timing] Action 'create commit' for 'hewol/aerOS-refresh' took 0.141s
2023-08-03T12:48:36.668Z - info: [ui] [AppStore.withAuthenticatingUser] account found for repository: aerOS-refresh - debarkak (has token)
2023-08-03T12:48:38.491Z - info: [ui] Executing push: git -c credential.helper= push origin main:main --progress (took 1.794s)
2023-08-03T12:50:29.983Z - info: [ui] [Timing] Action 'create commit' for 'hewol/aerOS-refresh' took 0.148s
2023-08-03T12:50:31.909Z - info: [ui] [AppStore.withAuthenticatingUser] account found for repository: aerOS-refresh - debarkak (has token)
2023-08-03T12:50:38.803Z - info: [ui] Executing push: git -c credential.helper= push origin main:main --progress (took 6.856s)
2023-08-03T13:02:21.161Z - info: [ui] [RepositoryIndicatorUpdater]: Refreshing sidebar indicators for 6 repositories took 5.8s of which 1.1s paused, total 6.9s
2023-08-03T13:23:57.179Z - warn: [ui] getFetchPollInterval: failed for hewol/aerOS-refresh
TypeError: Failed to fetch
    at xt (/home/debarka/webpack:/app/src/lib/http.ts:152:10)
    at gn.request (/home/debarka/webpack:/app/src/lib/api.ts:1603:28)
    at gn.getFetchPollInterval (/home/debarka/webpack:/app/src/lib/api.ts:1641:35)
    at Eo.getFetchInterval (/home/debarka/webpack:/app/src/lib/stores/helpers/background-fetcher.ts:136:38)
    at Eo.performAndScheduleFetch (/home/debarka/webpack:/app/src/lib/stores/helpers/background-fetcher.ts:117:33)
2023-08-03T13:39:11.389Z - info: [ui] [RepositoryIndicatorUpdater]: Refreshing sidebar indicators for 6 repositories took 5.2s of which 353.7s paused, total 358.9s
2023-08-03T13:39:19.666Z - info: [ui] [Timing] Action 'create commit' for 'hewol/aerOS-refresh' took 0.255s
2023-08-03T13:39:21.803Z - info: [ui] [AppStore.withAuthenticatingUser] account found for repository: aerOS-refresh - debarkak (has token)
2023-08-03T13:39:23.955Z - info: [ui] Executing push: git -c credential.helper= push origin main:main --progress (took 2.117s)
