2023-07-22 11:29:17.406 [info] Log level: Info
2023-07-22 11:29:17.406 [info] Validating found git in: "git"
2023-07-22 11:29:17.406 [info] Using git "2.41.0" from "git"
2023-07-22 11:29:17.406 [info] > git rev-parse --show-toplevel [30ms]
2023-07-22 11:29:17.406 [info] fatal: not a git repository (or any parent up to mount point /mnt)
Stopping at filesystem boundary (GIT_DISCOVERY_ACROSS_FILESYSTEM not set).
2023-07-22 11:29:17.406 [info] > git rev-parse --show-toplevel [58ms]
2023-07-22 11:29:17.406 [info] fatal: not a git repository (or any parent up to mount point /mnt)
Stopping at filesystem boundary (GIT_DISCOVERY_ACROSS_FILESYSTEM not set).
2023-07-22 11:29:17.406 [info] > git rev-parse --show-toplevel [20ms]
2023-07-22 11:29:17.407 [info] fatal: not a git repository (or any parent up to mount point /mnt)
Stopping at filesystem boundary (GIT_DISCOVERY_ACROSS_FILESYSTEM not set).
2023-07-22 11:29:17.494 [info] > git rev-parse --show-toplevel [8ms]
2023-07-22 11:29:17.494 [info] fatal: not a git repository (or any parent up to mount point /mnt)
Stopping at filesystem boundary (GIT_DISCOVERY_ACROSS_FILESYSTEM not set).
2023-07-22 11:29:18.276 [info] > git rev-parse --show-toplevel [13ms]
2023-07-22 11:29:18.276 [info] fatal: not a git repository (or any parent up to mount point /mnt)
Stopping at filesystem boundary (GIT_DISCOVERY_ACROSS_FILESYSTEM not set).
2023-07-22 11:29:18.557 [info] > git rev-parse --show-toplevel [32ms]
2023-07-22 11:29:18.557 [info] fatal: not a git repository (or any parent up to mount point /mnt)
Stopping at filesystem boundary (GIT_DISCOVERY_ACROSS_FILESYSTEM not set).
2023-07-22 11:29:19.316 [info] > git rev-parse --show-toplevel [4ms]
2023-07-22 11:29:19.316 [info] fatal: not a git repository (or any parent up to mount point /mnt)
Stopping at filesystem boundary (GIT_DISCOVERY_ACROSS_FILESYSTEM not set).
2023-07-22 11:30:18.465 [info] > git rev-parse --show-toplevel [4ms]
2023-07-22 11:30:18.465 [info] fatal: not a git repository (or any parent up to mount point /mnt)
Stopping at filesystem boundary (GIT_DISCOVERY_ACROSS_FILESYSTEM not set).
2023-07-22 11:30:27.034 [info] > git rev-parse --show-toplevel [2ms]
2023-07-22 11:30:27.034 [info] fatal: not a git repository (or any parent up to mount point /mnt)
Stopping at filesystem boundary (GIT_DISCOVERY_ACROSS_FILESYSTEM not set).
2023-07-22 11:31:03.217 [info] > git rev-parse --show-toplevel [1ms]
2023-07-22 11:31:03.217 [info] fatal: not a git repository (or any parent up to mount point /mnt)
Stopping at filesystem boundary (GIT_DISCOVERY_ACROSS_FILESYSTEM not set).
2023-07-22 11:31:04.327 [info] > git rev-parse --show-toplevel [3ms]
2023-07-22 11:31:04.328 [info] fatal: not a git repository (or any parent up to mount point /mnt)
Stopping at filesystem boundary (GIT_DISCOVERY_ACROSS_FILESYSTEM not set).
2023-07-22 11:44:49.942 [info] > git rev-parse --show-toplevel [1ms]
2023-07-22 11:44:49.942 [info] fatal: not a git repository (or any parent up to mount point /mnt)
Stopping at filesystem boundary (GIT_DISCOVERY_ACROSS_FILESYSTEM not set).
2023-07-22 11:44:51.896 [info] > git rev-parse --show-toplevel [2ms]
2023-07-22 11:44:51.896 [info] fatal: not a git repository (or any parent up to mount point /mnt)
Stopping at filesystem boundary (GIT_DISCOVERY_ACROSS_FILESYSTEM not set).
2023-07-22 11:45:18.934 [info] > git rev-parse --show-toplevel [1ms]
2023-07-22 11:45:18.934 [info] fatal: not a git repository (or any parent up to mount point /mnt)
Stopping at filesystem boundary (GIT_DISCOVERY_ACROSS_FILESYSTEM not set).
2023-07-22 11:45:23.634 [info] > git rev-parse --show-toplevel [2ms]
2023-07-22 11:45:23.634 [info] fatal: not a git repository (or any parent up to mount point /mnt)
Stopping at filesystem boundary (GIT_DISCOVERY_ACROSS_FILESYSTEM not set).
2023-07-22 11:46:40.480 [info] > git rev-parse --show-toplevel [10ms]
2023-07-22 11:46:40.480 [info] fatal: not a git repository (or any parent up to mount point /mnt)
Stopping at filesystem boundary (GIT_DISCOVERY_ACROSS_FILESYSTEM not set).
2023-07-22 11:46:52.715 [info] > git rev-parse --show-toplevel [2ms]
2023-07-22 11:46:52.715 [info] fatal: not a git repository (or any parent up to mount point /mnt)
Stopping at filesystem boundary (GIT_DISCOVERY_ACROSS_FILESYSTEM not set).
2023-07-22 11:46:57.094 [info] > git rev-parse --show-toplevel [18ms]
2023-07-22 11:46:57.094 [info] fatal: not a git repository (or any parent up to mount point /mnt)
Stopping at filesystem boundary (GIT_DISCOVERY_ACROSS_FILESYSTEM not set).
2023-07-22 11:48:58.846 [info] > git rev-parse --show-toplevel [3ms]
2023-07-22 11:48:58.846 [info] fatal: not a git repository (or any parent up to mount point /mnt)
Stopping at filesystem boundary (GIT_DISCOVERY_ACROSS_FILESYSTEM not set).
2023-07-22 11:49:46.104 [info] > git rev-parse --show-toplevel [1ms]
2023-07-22 11:49:46.104 [info] fatal: not a git repository (or any parent up to mount point /mnt)
Stopping at filesystem boundary (GIT_DISCOVERY_ACROSS_FILESYSTEM not set).
2023-07-22 11:50:03.509 [info] > git rev-parse --show-toplevel [2ms]
2023-07-22 11:50:03.509 [info] fatal: not a git repository (or any parent up to mount point /mnt)
Stopping at filesystem boundary (GIT_DISCOVERY_ACROSS_FILESYSTEM not set).
2023-07-22 11:50:13.632 [info] > git rev-parse --show-toplevel [2ms]
2023-07-22 11:50:13.632 [info] fatal: not a git repository (or any parent up to mount point /mnt)
Stopping at filesystem boundary (GIT_DISCOVERY_ACROSS_FILESYSTEM not set).
2023-07-22 11:50:24.435 [info] > git rev-parse --show-toplevel [3ms]
2023-07-22 11:50:24.435 [info] fatal: not a git repository (or any parent up to mount point /mnt)
Stopping at filesystem boundary (GIT_DISCOVERY_ACROSS_FILESYSTEM not set).
2023-07-22 11:50:27.962 [info] > git rev-parse --show-toplevel [3ms]
2023-07-22 11:50:27.962 [info] fatal: not a git repository (or any parent up to mount point /mnt)
Stopping at filesystem boundary (GIT_DISCOVERY_ACROSS_FILESYSTEM not set).
2023-07-22 11:50:33.677 [info] > git rev-parse --show-toplevel [4ms]
2023-07-22 11:50:33.677 [info] fatal: not a git repository (or any parent up to mount point /mnt)
Stopping at filesystem boundary (GIT_DISCOVERY_ACROSS_FILESYSTEM not set).
2023-07-22 11:50:36.643 [info] > git rev-parse --show-toplevel [2ms]
2023-07-22 11:50:36.643 [info] fatal: not a git repository (or any parent up to mount point /mnt)
Stopping at filesystem boundary (GIT_DISCOVERY_ACROSS_FILESYSTEM not set).
2023-07-22 11:52:34.297 [info] > git rev-parse --show-toplevel [3ms]
2023-07-22 11:52:34.297 [info] fatal: not a git repository (or any parent up to mount point /mnt)
Stopping at filesystem boundary (GIT_DISCOVERY_ACROSS_FILESYSTEM not set).
2023-07-22 11:53:07.312 [info] > git rev-parse --show-toplevel [1ms]
2023-07-22 11:53:07.312 [info] fatal: not a git repository (or any parent up to mount point /mnt)
Stopping at filesystem boundary (GIT_DISCOVERY_ACROSS_FILESYSTEM not set).
2023-07-22 11:53:09.910 [info] > git rev-parse --show-toplevel [3ms]
2023-07-22 11:53:09.910 [info] fatal: not a git repository (or any parent up to mount point /mnt)
Stopping at filesystem boundary (GIT_DISCOVERY_ACROSS_FILESYSTEM not set).
2023-07-22 11:53:13.072 [info] > git rev-parse --show-toplevel [2ms]
2023-07-22 11:53:13.072 [info] fatal: not a git repository (or any parent up to mount point /mnt)
Stopping at filesystem boundary (GIT_DISCOVERY_ACROSS_FILESYSTEM not set).
2023-07-22 11:53:14.672 [info] > git rev-parse --show-toplevel [1ms]
2023-07-22 11:53:14.672 [info] fatal: not a git repository (or any parent up to mount point /mnt)
Stopping at filesystem boundary (GIT_DISCOVERY_ACROSS_FILESYSTEM not set).
2023-07-22 11:53:20.200 [info] > git rev-parse --show-toplevel [4ms]
2023-07-22 11:53:20.200 [info] fatal: not a git repository (or any parent up to mount point /mnt)
Stopping at filesystem boundary (GIT_DISCOVERY_ACROSS_FILESYSTEM not set).
2023-07-22 11:53:21.927 [info] > git rev-parse --show-toplevel [2ms]
2023-07-22 11:53:21.927 [info] fatal: not a git repository (or any parent up to mount point /mnt)
Stopping at filesystem boundary (GIT_DISCOVERY_ACROSS_FILESYSTEM not set).
2023-07-22 11:54:29.004 [info] > git rev-parse --show-toplevel [3ms]
2023-07-22 11:54:29.004 [info] fatal: not a git repository (or any parent up to mount point /mnt)
Stopping at filesystem boundary (GIT_DISCOVERY_ACROSS_FILESYSTEM not set).
2023-07-22 11:54:47.232 [info] > git rev-parse --show-toplevel [2ms]
2023-07-22 11:54:47.232 [info] fatal: not a git repository (or any parent up to mount point /mnt)
Stopping at filesystem boundary (GIT_DISCOVERY_ACROSS_FILESYSTEM not set).
2023-07-22 11:55:37.190 [info] > git rev-parse --show-toplevel [1ms]
2023-07-22 11:55:37.190 [info] fatal: not a git repository (or any parent up to mount point /mnt)
Stopping at filesystem boundary (GIT_DISCOVERY_ACROSS_FILESYSTEM not set).
2023-07-22 11:56:23.084 [info] > git rev-parse --show-toplevel [1ms]
2023-07-22 11:56:23.084 [info] fatal: not a git repository (or any parent up to mount point /mnt)
Stopping at filesystem boundary (GIT_DISCOVERY_ACROSS_FILESYSTEM not set).
2023-07-22 11:56:48.573 [info] > git rev-parse --show-toplevel [2ms]
2023-07-22 11:56:48.574 [info] fatal: not a git repository (or any parent up to mount point /mnt)
Stopping at filesystem boundary (GIT_DISCOVERY_ACROSS_FILESYSTEM not set).
2023-07-22 12:07:10.182 [info] > git rev-parse --show-toplevel [11ms]
2023-07-22 12:07:10.182 [info] fatal: not a git repository (or any parent up to mount point /mnt)
Stopping at filesystem boundary (GIT_DISCOVERY_ACROSS_FILESYSTEM not set).
2023-07-22 12:07:15.866 [info] > git rev-parse --show-toplevel [12ms]
2023-07-22 12:07:15.866 [info] fatal: not a git repository (or any parent up to mount point /mnt)
Stopping at filesystem boundary (GIT_DISCOVERY_ACROSS_FILESYSTEM not set).
2023-07-22 12:07:18.112 [info] > git rev-parse --show-toplevel [2ms]
2023-07-22 12:07:18.112 [info] fatal: not a git repository (or any parent up to mount point /mnt)
Stopping at filesystem boundary (GIT_DISCOVERY_ACROSS_FILESYSTEM not set).
2023-07-22 12:07:29.576 [info] > git rev-parse --show-toplevel [3ms]
2023-07-22 12:07:29.576 [info] fatal: not a git repository (or any parent up to mount point /mnt)
Stopping at filesystem boundary (GIT_DISCOVERY_ACROSS_FILESYSTEM not set).
2023-07-22 12:08:41.564 [info] > git rev-parse --show-toplevel [2ms]
2023-07-22 12:08:41.564 [info] fatal: not a git repository (or any parent up to mount point /mnt)
Stopping at filesystem boundary (GIT_DISCOVERY_ACROSS_FILESYSTEM not set).
2023-07-22 12:08:42.084 [info] > git rev-parse --show-toplevel [3ms]
2023-07-22 12:08:42.084 [info] fatal: not a git repository (or any parent up to mount point /mnt)
Stopping at filesystem boundary (GIT_DISCOVERY_ACROSS_FILESYSTEM not set).
2023-07-22 12:08:46.326 [info] > git rev-parse --show-toplevel [4ms]
2023-07-22 12:08:46.326 [info] fatal: not a git repository (or any parent up to mount point /mnt)
Stopping at filesystem boundary (GIT_DISCOVERY_ACROSS_FILESYSTEM not set).
2023-07-22 12:09:08.189 [info] > git rev-parse --show-toplevel [6ms]
2023-07-22 12:09:08.189 [info] fatal: not a git repository (or any parent up to mount point /mnt)
Stopping at filesystem boundary (GIT_DISCOVERY_ACROSS_FILESYSTEM not set).
2023-07-22 12:09:56.094 [info] > git rev-parse --show-toplevel [2ms]
2023-07-22 12:09:56.094 [info] fatal: not a git repository (or any parent up to mount point /mnt)
Stopping at filesystem boundary (GIT_DISCOVERY_ACROSS_FILESYSTEM not set).
2023-07-22 12:20:41.888 [info] > git rev-parse --show-toplevel [2ms]
2023-07-22 12:20:41.888 [info] fatal: not a git repository (or any parent up to mount point /mnt)
Stopping at filesystem boundary (GIT_DISCOVERY_ACROSS_FILESYSTEM not set).
2023-07-22 12:40:18.227 [info] > git rev-parse --show-toplevel [17ms]
2023-07-22 12:40:18.228 [info] fatal: not a git repository (or any parent up to mount point /mnt)
Stopping at filesystem boundary (GIT_DISCOVERY_ACROSS_FILESYSTEM not set).
