2023-08-03 18:24:09.866 [info] Log level: Info
2023-08-03 18:24:09.866 [info] Validating found git in: "git"
2023-08-03 18:24:09.866 [info] Using git "2.41.0" from "git"
2023-08-03 18:24:09.866 [info] > git rev-parse --show-toplevel [42ms]
2023-08-03 18:24:09.869 [info] > git rev-parse --git-dir --git-common-dir [10ms]
2023-08-03 18:24:09.891 [info] Open repository: /mnt/data69/hewol/aerOS/aerOS-refresh
2023-08-03 18:24:10.332 [info] > git for-each-ref --format=%(refname)%00%(upstream:short)%00%(objectname)%00%(upstream:track)%00%(upstream:remotename)%00%(upstream:remoteref) refs/heads/main refs/remotes/main [321ms]
2023-08-03 18:24:10.333 [info] > git config --get commit.template [354ms]
2023-08-03 18:24:10.413 [info] > git status -z -uall [56ms]
2023-08-03 18:24:10.485 [info] > git config --get commit.template [25ms]
2023-08-03 18:24:10.530 [info] > git for-each-ref --format=%(refname)%00%(upstream:short)%00%(objectname)%00%(upstream:track)%00%(upstream:remotename)%00%(upstream:remoteref) refs/heads/main refs/remotes/main [29ms]
2023-08-03 18:24:10.550 [info] > git show --textconv :README.md [34ms]
2023-08-03 18:24:10.550 [info] > git status -z -uall [12ms]
2023-08-03 18:24:10.556 [info] > git ls-files --stage -- /mnt/data69/hewol/aerOS/aerOS-refresh/README.md [28ms]
2023-08-03 18:24:10.616 [info] > git cat-file -s 53594ab44b9182b3c42d6fdad9ff219532465cc3 [48ms]
2023-08-03 18:24:10.967 [info] > git check-ignore -v -z --stdin [12ms]
2023-08-03 18:24:28.351 [info] > git fetch [894ms]
2023-08-03 18:24:28.365 [info] > git config --get commit.template [7ms]
2023-08-03 18:24:28.367 [info] > git for-each-ref --format=%(refname)%00%(upstream:short)%00%(objectname)%00%(upstream:track)%00%(upstream:remotename)%00%(upstream:remoteref) refs/heads/main refs/remotes/main [3ms]
2023-08-03 18:24:28.377 [info] > git status -z -uall [3ms]
2023-08-03 18:24:29.459 [info] > git config --get commit.template [17ms]
2023-08-03 18:24:29.464 [info] > git for-each-ref --format=%(refname)%00%(upstream:short)%00%(objectname)%00%(upstream:track)%00%(upstream:remotename)%00%(upstream:remoteref) refs/heads/main refs/remotes/main [8ms]
2023-08-03 18:24:29.474 [info] > git status -z -uall [3ms]
2023-08-03 18:24:29.537 [info] > git ls-files --stage -- /mnt/data69/hewol/aerOS/aerOS-refresh/README.md [3ms]
2023-08-03 18:24:29.553 [info] > git cat-file -s 53594ab44b9182b3c42d6fdad9ff219532465cc3 [5ms]
2023-08-03 18:24:29.570 [info] > git show --textconv :README.md [5ms]
2023-08-03 18:26:36.533 [info] > git show --textconv :aerOS-refresh-for-normal.sh [21ms]
2023-08-03 18:26:36.540 [info] > git ls-files --stage -- /mnt/data69/hewol/aerOS/aerOS-refresh/aerOS-refresh-for-normal.sh [9ms]
2023-08-03 18:26:36.749 [info] > git check-ignore -v -z --stdin [5ms]
2023-08-03 18:26:37.357 [info] > git config --get commit.template [10ms]
2023-08-03 18:26:37.360 [info] > git for-each-ref --format=%(refname)%00%(upstream:short)%00%(objectname)%00%(upstream:track)%00%(upstream:remotename)%00%(upstream:remoteref) refs/heads/main refs/remotes/main [5ms]
2023-08-03 18:26:37.368 [info] > git status -z -uall [3ms]
2023-08-03 18:27:29.287 [info] > git fetch [886ms]
2023-08-03 18:27:29.299 [info] > git config --get commit.template [5ms]
2023-08-03 18:27:29.300 [info] > git for-each-ref --format=%(refname)%00%(upstream:short)%00%(objectname)%00%(upstream:track)%00%(upstream:remotename)%00%(upstream:remoteref) refs/heads/main refs/remotes/main [2ms]
2023-08-03 18:27:29.311 [info] > git status -z -uall [6ms]
2023-08-03 18:27:30.400 [info] > git config --get commit.template [20ms]
2023-08-03 18:27:30.406 [info] > git for-each-ref --format=%(refname)%00%(upstream:short)%00%(objectname)%00%(upstream:track)%00%(upstream:remotename)%00%(upstream:remoteref) refs/heads/main refs/remotes/main [10ms]
2023-08-03 18:27:30.414 [info] > git status -z -uall [3ms]
2023-08-03 18:27:30.479 [info] > git ls-files --stage -- /mnt/data69/hewol/aerOS/aerOS-refresh/README.md [9ms]
2023-08-03 18:27:30.487 [info] > git ls-files --stage -- /mnt/data69/hewol/aerOS/aerOS-refresh/aerOS-refresh-for-normal.sh [9ms]
2023-08-03 18:27:30.498 [info] > git cat-file -s 53594ab44b9182b3c42d6fdad9ff219532465cc3 [12ms]
2023-08-03 18:27:30.511 [info] > git show --textconv :aerOS-refresh-for-normal.sh [14ms]
2023-08-03 18:27:30.513 [info] > git show --textconv :README.md [6ms]
2023-08-03 18:30:32.407 [info] > git config --get commit.template [4ms]
2023-08-03 18:30:32.420 [info] > git for-each-ref --format=%(refname)%00%(upstream:short)%00%(objectname)%00%(upstream:track)%00%(upstream:remotename)%00%(upstream:remoteref) refs/heads/main refs/remotes/main [4ms]
2023-08-03 18:30:32.429 [info] > git status -z -uall [5ms]
2023-08-03 18:30:33.651 [info] > git ls-files --stage -- /mnt/data69/hewol/aerOS/aerOS-refresh/README.md [22ms]
2023-08-03 18:30:33.669 [info] > git ls-files --stage -- /mnt/data69/hewol/aerOS/aerOS-refresh/aerOS-refresh-for-normal.sh [21ms]
2023-08-03 18:30:33.691 [info] > git cat-file -s 53594ab44b9182b3c42d6fdad9ff219532465cc3 [24ms]
2023-08-03 18:30:33.710 [info] > git show --textconv :aerOS-refresh-for-normal.sh [21ms]
2023-08-03 18:30:33.723 [info] > git show --textconv :README.md [15ms]
2023-08-03 18:30:33.825 [info] > git fetch [1436ms]
2023-08-03 18:30:33.835 [info] > git config --get commit.template [4ms]
2023-08-03 18:30:33.837 [info] > git for-each-ref --format=%(refname)%00%(upstream:short)%00%(objectname)%00%(upstream:track)%00%(upstream:remotename)%00%(upstream:remoteref) refs/heads/main refs/remotes/main [3ms]
2023-08-03 18:30:33.844 [info] > git status -z -uall [3ms]
2023-08-03 18:30:35.038 [info] > git ls-files --stage -- /mnt/data69/hewol/aerOS/aerOS-refresh/README.md [15ms]
2023-08-03 18:30:35.048 [info] > git ls-files --stage -- /mnt/data69/hewol/aerOS/aerOS-refresh/aerOS-refresh-for-normal.sh [11ms]
2023-08-03 18:30:35.049 [info] > git cat-file -s 53594ab44b9182b3c42d6fdad9ff219532465cc3 [5ms]
2023-08-03 18:30:35.061 [info] > git show --textconv :aerOS-refresh-for-normal.sh [7ms]
2023-08-03 18:30:35.063 [info] > git show --textconv :README.md [3ms]
2023-08-03 18:30:37.474 [info] > git config --get commit.template [18ms]
2023-08-03 18:30:37.481 [info] > git for-each-ref --format=%(refname)%00%(upstream:short)%00%(objectname)%00%(upstream:track)%00%(upstream:remotename)%00%(upstream:remoteref) refs/heads/main refs/remotes/main [9ms]
2023-08-03 18:30:37.491 [info] > git status -z -uall [4ms]
2023-08-03 18:30:42.552 [info] > git config --get commit.template [31ms]
2023-08-03 18:30:42.560 [info] > git for-each-ref --format=%(refname)%00%(upstream:short)%00%(objectname)%00%(upstream:track)%00%(upstream:remotename)%00%(upstream:remoteref) refs/heads/main refs/remotes/main [11ms]
2023-08-03 18:30:42.584 [info] > git status -z -uall [10ms]
2023-08-03 18:31:13.309 [info] > git config --get commit.template [11ms]
2023-08-03 18:31:13.329 [info] > git for-each-ref --format=%(refname)%00%(upstream:short)%00%(objectname)%00%(upstream:track)%00%(upstream:remotename)%00%(upstream:remoteref) refs/heads/main refs/remotes/main [3ms]
2023-08-03 18:31:13.339 [info] > git status -z -uall [5ms]
2023-08-03 18:34:04.115 [info] > git ls-files --stage -- /mnt/data69/hewol/aerOS/aerOS-refresh/aerOS-refresh-for-normal.sh [5ms]
2023-08-03 18:34:04.117 [info] > git ls-files --stage -- /mnt/data69/hewol/aerOS/aerOS-refresh/README.md [18ms]
2023-08-03 18:34:04.130 [info] > git cat-file -s 53594ab44b9182b3c42d6fdad9ff219532465cc3 [7ms]
2023-08-03 18:34:04.177 [info] > git show --textconv :aerOS-refresh-for-normal.sh [23ms]
2023-08-03 18:34:04.186 [info] > git show --textconv :README.md [10ms]
2023-08-03 18:34:04.443 [info] > git fetch [1560ms]
2023-08-03 18:34:04.470 [info] > git config --get commit.template [12ms]
2023-08-03 18:34:04.475 [info] > git for-each-ref --format=%(refname)%00%(upstream:short)%00%(objectname)%00%(upstream:track)%00%(upstream:remotename)%00%(upstream:remoteref) refs/heads/main refs/remotes/main [6ms]
2023-08-03 18:34:04.489 [info] > git status -z -uall [8ms]
2023-08-03 18:34:05.543 [info] > git config --get commit.template [25ms]
2023-08-03 18:34:05.554 [info] > git for-each-ref --format=%(refname)%00%(upstream:short)%00%(objectname)%00%(upstream:track)%00%(upstream:remotename)%00%(upstream:remoteref) refs/heads/main refs/remotes/main [15ms]
2023-08-03 18:34:05.587 [info] > git status -z -uall [16ms]
2023-08-03 18:34:05.668 [info] > git ls-files --stage -- /mnt/data69/hewol/aerOS/aerOS-refresh/README.md [17ms]
2023-08-03 18:34:05.678 [info] > git ls-files --stage -- /mnt/data69/hewol/aerOS/aerOS-refresh/aerOS-refresh-for-normal.sh [11ms]
2023-08-03 18:34:05.680 [info] > git cat-file -s 53594ab44b9182b3c42d6fdad9ff219532465cc3 [6ms]
2023-08-03 18:34:05.693 [info] > git show --textconv :aerOS-refresh-for-normal.sh [7ms]
2023-08-03 18:34:05.695 [info] > git show --textconv :README.md [3ms]
2023-08-03 18:34:39.647 [info] > git config --get commit.template [22ms]
2023-08-03 18:34:39.651 [info] > git for-each-ref --format=%(refname)%00%(upstream:short)%00%(objectname)%00%(upstream:track)%00%(upstream:remotename)%00%(upstream:remoteref) refs/heads/main refs/remotes/main [6ms]
2023-08-03 18:34:39.668 [info] > git status -z -uall [11ms]
2023-08-03 18:37:05.528 [info] > git fetch [978ms]
2023-08-03 18:37:05.544 [info] > git config --get commit.template [6ms]
2023-08-03 18:37:05.545 [info] > git for-each-ref --format=%(refname)%00%(upstream:short)%00%(objectname)%00%(upstream:track)%00%(upstream:remotename)%00%(upstream:remoteref) refs/heads/main refs/remotes/main [2ms]
2023-08-03 18:37:05.552 [info] > git status -z -uall [3ms]
2023-08-03 18:37:06.639 [info] > git config --get commit.template [18ms]
2023-08-03 18:37:06.645 [info] > git for-each-ref --format=%(refname)%00%(upstream:short)%00%(objectname)%00%(upstream:track)%00%(upstream:remotename)%00%(upstream:remoteref) refs/heads/main refs/remotes/main [7ms]
2023-08-03 18:37:06.652 [info] > git status -z -uall [3ms]
2023-08-03 18:37:06.715 [info] > git ls-files --stage -- /mnt/data69/hewol/aerOS/aerOS-refresh/README.md [9ms]
2023-08-03 18:37:06.726 [info] > git cat-file -s 53594ab44b9182b3c42d6fdad9ff219532465cc3 [1ms]
2023-08-03 18:37:06.727 [info] > git ls-files --stage -- /mnt/data69/hewol/aerOS/aerOS-refresh/aerOS-refresh-for-normal.sh [14ms]
2023-08-03 18:37:06.743 [info] > git show --textconv :README.md [9ms]
2023-08-03 18:37:06.744 [info] > git show --textconv :aerOS-refresh-for-normal.sh [2ms]
2023-08-03 18:43:00.812 [info] > git fetch [108ms]
2023-08-03 18:43:00.815 [info] fatal: unable to access 'https://github.com/hewol/aerOS-refresh.git/': Could not resolve host: github.com
2023-08-03 18:43:00.841 [info] > git config --get commit.template [8ms]
2023-08-03 18:43:00.871 [info] > git for-each-ref --format=%(refname)%00%(upstream:short)%00%(objectname)%00%(upstream:track)%00%(upstream:remotename)%00%(upstream:remoteref) refs/heads/main refs/remotes/main [5ms]
2023-08-03 18:43:00.899 [info] > git status -z -uall [15ms]
2023-08-03 18:43:02.012 [info] > git ls-files --stage -- /mnt/data69/hewol/aerOS/aerOS-refresh/README.md [21ms]
2023-08-03 18:43:02.027 [info] > git ls-files --stage -- /mnt/data69/hewol/aerOS/aerOS-refresh/aerOS-refresh-for-normal.sh [18ms]
2023-08-03 18:43:02.046 [info] > git cat-file -s 53594ab44b9182b3c42d6fdad9ff219532465cc3 [19ms]
2023-08-03 18:43:02.065 [info] > git show --textconv :aerOS-refresh-for-normal.sh [20ms]
2023-08-03 18:43:02.072 [info] > git show --textconv :README.md [11ms]
2023-08-03 18:46:51.739 [info] > git rev-parse --show-toplevel [6ms]
2023-08-03 18:46:51.747 [info] > git rev-parse --git-dir --git-common-dir [1ms]
2023-08-03 18:46:51.758 [info] Open repository: /mnt/data69/hewol/aerOS/iso-profile
2023-08-03 18:46:51.779 [info] > git config --get commit.template [14ms]
2023-08-03 18:46:51.790 [info] > git for-each-ref --format=%(refname)%00%(upstream:short)%00%(objectname)%00%(upstream:track)%00%(upstream:remotename)%00%(upstream:remoteref) refs/heads/master refs/remotes/master [11ms]
2023-08-03 18:46:52.130 [info] > git show --textconv :archlive/packages.x86_64 [11ms]
2023-08-03 18:46:52.139 [info] > git ls-files --stage -- /mnt/data69/hewol/aerOS/iso-profile/archlive/packages.x86_64 [9ms]
2023-08-03 18:46:52.152 [info] > git cat-file -s 939f23b69e6c70f2844de0b3a6a6f4ae37a68368 [2ms]
2023-08-03 18:46:52.264 [info] > git status -z -uall [461ms]
2023-08-03 18:46:52.277 [info] > git config --get commit.template [3ms]
2023-08-03 18:46:52.285 [info] > git for-each-ref --format=%(refname)%00%(upstream:short)%00%(objectname)%00%(upstream:track)%00%(upstream:remotename)%00%(upstream:remoteref) refs/heads/master refs/remotes/master [4ms]
2023-08-03 18:46:52.430 [info] > git check-ignore -v -z --stdin [7ms]
2023-08-03 18:46:52.431 [info] > git check-ignore -v -z --stdin [2ms]
2023-08-03 18:46:52.478 [info] > git status -z -uall [181ms]
2023-08-03 18:46:53.052 [info] > git ls-files --stage -- /mnt/data69/hewol/aerOS/aerOS-refresh/README.md [31ms]
2023-08-03 18:46:53.070 [info] > git ls-files --stage -- /mnt/data69/hewol/aerOS/aerOS-refresh/aerOS-refresh-for-normal.sh [19ms]
2023-08-03 18:46:53.087 [info] > git cat-file -s 53594ab44b9182b3c42d6fdad9ff219532465cc3 [19ms]
2023-08-03 18:46:53.088 [info] > git show --textconv :aerOS-refresh-for-normal.sh [3ms]
2023-08-03 18:46:53.116 [info] > git show --textconv :README.md [11ms]
2023-08-03 18:46:55.969 [info] > git fetch [4212ms]
2023-08-03 18:46:55.984 [info] > git config --get commit.template [5ms]
2023-08-03 18:46:55.988 [info] > git for-each-ref --format=%(refname)%00%(upstream:short)%00%(objectname)%00%(upstream:track)%00%(upstream:remotename)%00%(upstream:remoteref) refs/heads/master refs/remotes/master [4ms]
2023-08-03 18:46:56.028 [info] > git fetch [4339ms]
2023-08-03 18:46:56.039 [info] > git config --get commit.template [5ms]
2023-08-03 18:46:56.042 [info] > git for-each-ref --format=%(refname)%00%(upstream:short)%00%(objectname)%00%(upstream:track)%00%(upstream:remotename)%00%(upstream:remoteref) refs/heads/main refs/remotes/main [3ms]
2023-08-03 18:46:56.048 [info] > git status -z -uall [3ms]
2023-08-03 18:46:56.186 [info] > git status -z -uall [194ms]
2023-08-03 18:46:57.200 [info] > git config --get commit.template [13ms]
2023-08-03 18:46:57.205 [info] > git for-each-ref --format=%(refname)%00%(upstream:short)%00%(objectname)%00%(upstream:track)%00%(upstream:remotename)%00%(upstream:remoteref) refs/heads/main refs/remotes/main [5ms]
2023-08-03 18:46:57.214 [info] > git status -z -uall [4ms]
2023-08-03 18:46:57.267 [info] > git ls-files --stage -- /mnt/data69/hewol/aerOS/aerOS-refresh/README.md [5ms]
2023-08-03 18:46:57.277 [info] > git cat-file -s 53594ab44b9182b3c42d6fdad9ff219532465cc3 [6ms]
2023-08-03 18:46:57.278 [info] > git ls-files --stage -- /mnt/data69/hewol/aerOS/aerOS-refresh/aerOS-refresh-for-normal.sh [12ms]
2023-08-03 18:46:57.279 [info] > git ls-files --stage -- /mnt/data69/hewol/aerOS/iso-profile/archlive/packages.x86_64 [2ms]
2023-08-03 18:46:57.295 [info] > git show --textconv :README.md [6ms]
2023-08-03 18:46:57.296 [info] > git cat-file -s 939f23b69e6c70f2844de0b3a6a6f4ae37a68368 [12ms]
2023-08-03 18:46:57.302 [info] > git show --textconv :aerOS-refresh-for-normal.sh [8ms]
2023-08-03 18:46:57.305 [info] > git show --textconv :archlive/packages.x86_64 [4ms]
2023-08-03 18:51:27.537 [info] > git config --get commit.template [10ms]
2023-08-03 18:51:27.552 [info] > git for-each-ref --format=%(refname)%00%(upstream:short)%00%(objectname)%00%(upstream:track)%00%(upstream:remotename)%00%(upstream:remoteref) refs/heads/master refs/remotes/master [23ms]
2023-08-03 18:51:27.565 [info] > git fetch [83ms]
2023-08-03 18:51:27.565 [info] fatal: unable to access 'https://github.com/hewol/aerOS.git/': Could not resolve host: github.com
2023-08-03 18:51:27.571 [info] > git fetch [109ms]
2023-08-03 18:51:27.571 [info] fatal: unable to access 'https://github.com/hewol/aerOS-refresh.git/': Could not resolve host: github.com
2023-08-03 18:51:27.593 [info] > git status -z -uall [29ms] (cancelled)
2023-08-03 18:51:27.596 [info] > git config --get commit.template [14ms]
2023-08-03 18:51:27.636 [info] > git for-each-ref --format=%(refname)%00%(upstream:short)%00%(objectname)%00%(upstream:track)%00%(upstream:remotename)%00%(upstream:remoteref) refs/heads/main refs/remotes/main [14ms]
2023-08-03 18:51:27.637 [info] > git for-each-ref --format=%(refname)%00%(upstream:short)%00%(objectname)%00%(upstream:track)%00%(upstream:remotename)%00%(upstream:remoteref) refs/heads/master refs/remotes/master [35ms]
2023-08-03 18:51:27.650 [info] > git config --get commit.template [58ms]
2023-08-03 18:51:27.673 [info] > git status -z -uall [15ms]
2023-08-03 18:51:28.019 [info] > git status -z -uall [372ms]
2023-08-03 18:51:28.777 [info] > git ls-files --stage -- /mnt/data69/hewol/aerOS/aerOS-refresh/README.md [7ms]
2023-08-03 18:51:28.784 [info] > git ls-files --stage -- /mnt/data69/hewol/aerOS/aerOS-refresh/aerOS-refresh-for-normal.sh [8ms]
2023-08-03 18:51:28.800 [info] > git show --textconv :aerOS-refresh-for-normal.sh [6ms]
2023-08-03 18:51:28.800 [info] > git cat-file -s 53594ab44b9182b3c42d6fdad9ff219532465cc3 [17ms]
2023-08-03 18:51:28.812 [info] > git show --textconv :README.md [3ms]
2023-08-03 18:51:32.611 [info] > git config --get commit.template [18ms]
2023-08-03 18:51:32.632 [info] > git for-each-ref --format=%(refname)%00%(upstream:short)%00%(objectname)%00%(upstream:track)%00%(upstream:remotename)%00%(upstream:remoteref) refs/heads/master refs/remotes/master [24ms]
2023-08-03 18:51:32.824 [info] > git status -z -uall [188ms]
2023-08-03 18:54:29.336 [info] > git ls-files --stage -- /mnt/data69/hewol/aerOS/aerOS-refresh/README.md [22ms]
2023-08-03 18:54:29.354 [info] > git ls-files --stage -- /mnt/data69/hewol/aerOS/aerOS-refresh/aerOS-refresh-for-normal.sh [23ms]
2023-08-03 18:54:29.380 [info] > git cat-file -s 53594ab44b9182b3c42d6fdad9ff219532465cc3 [28ms]
2023-08-03 18:54:29.401 [info] > git show --textconv :aerOS-refresh-for-normal.sh [23ms]
2023-08-03 18:54:29.411 [info] > git show --textconv :README.md [11ms]
2023-08-03 18:54:31.718 [info] > git fetch [3674ms]
2023-08-03 18:54:31.718 [info] fatal: unable to access 'https://github.com/hewol/aerOS.git/': Could not resolve host: github.com
2023-08-03 18:54:31.733 [info] > git fetch [4015ms]
2023-08-03 18:54:31.733 [info] fatal: unable to access 'https://github.com/hewol/aerOS-refresh.git/': Could not resolve host: github.com
2023-08-03 18:54:31.766 [info] > git config --get commit.template [15ms]
2023-08-03 18:54:31.801 [info] > git config --get commit.template [37ms]
2023-08-03 18:54:31.804 [info] > git for-each-ref --format=%(refname)%00%(upstream:short)%00%(objectname)%00%(upstream:track)%00%(upstream:remotename)%00%(upstream:remoteref) refs/heads/master refs/remotes/master [21ms]
2023-08-03 18:54:31.818 [info] > git for-each-ref --format=%(refname)%00%(upstream:short)%00%(objectname)%00%(upstream:track)%00%(upstream:remotename)%00%(upstream:remoteref) refs/heads/main refs/remotes/main [17ms]
2023-08-03 18:54:31.842 [info] > git status -z -uall [13ms]
2023-08-03 18:54:32.150 [info] > git status -z -uall [333ms]
2023-08-03 18:57:32.899 [info] > git fetch [1010ms]
2023-08-03 18:57:32.916 [info] > git config --get commit.template [8ms]
2023-08-03 18:57:32.918 [info] > git for-each-ref --format=%(refname)%00%(upstream:short)%00%(objectname)%00%(upstream:track)%00%(upstream:remotename)%00%(upstream:remoteref) refs/heads/main refs/remotes/main [4ms]
2023-08-03 18:57:32.926 [info] > git status -z -uall [3ms]
2023-08-03 18:57:33.125 [info] > git fetch [965ms]
2023-08-03 18:57:33.136 [info] > git config --get commit.template [5ms]
2023-08-03 18:57:33.139 [info] > git for-each-ref --format=%(refname)%00%(upstream:short)%00%(objectname)%00%(upstream:track)%00%(upstream:remotename)%00%(upstream:remoteref) refs/heads/master refs/remotes/master [3ms]
2023-08-03 18:57:33.385 [info] > git status -z -uall [242ms]
2023-08-03 18:57:33.987 [info] > git config --get commit.template [16ms]
2023-08-03 18:57:33.994 [info] > git for-each-ref --format=%(refname)%00%(upstream:short)%00%(objectname)%00%(upstream:track)%00%(upstream:remotename)%00%(upstream:remoteref) refs/heads/main refs/remotes/main [8ms]
2023-08-03 18:57:34.002 [info] > git status -z -uall [4ms]
2023-08-03 18:57:34.360 [info] > git ls-files --stage -- /mnt/data69/hewol/aerOS/aerOS-refresh/README.md [6ms]
2023-08-03 18:57:34.367 [info] > git ls-files --stage -- /mnt/data69/hewol/aerOS/aerOS-refresh/aerOS-refresh-for-normal.sh [7ms]
2023-08-03 18:57:34.371 [info] > git cat-file -s 53594ab44b9182b3c42d6fdad9ff219532465cc3 [5ms]
2023-08-03 18:57:34.392 [info] > git show --textconv :aerOS-refresh-for-normal.sh [7ms]
2023-08-03 18:57:34.395 [info] > git show --textconv :README.md [3ms]
2023-08-03 19:01:00.201 [info] > git fetch [1002ms]
2023-08-03 19:01:00.216 [info] > git fetch [1008ms]
2023-08-03 19:01:00.228 [info] > git config --get commit.template [13ms]
2023-08-03 19:01:00.229 [info] > git config --get commit.template [8ms]
2023-08-03 19:01:00.234 [info] > git for-each-ref --format=%(refname)%00%(upstream:short)%00%(objectname)%00%(upstream:track)%00%(upstream:remotename)%00%(upstream:remoteref) refs/heads/main refs/remotes/main [8ms]
2023-08-03 19:01:00.239 [info] > git for-each-ref --format=%(refname)%00%(upstream:short)%00%(objectname)%00%(upstream:track)%00%(upstream:remotename)%00%(upstream:remoteref) refs/heads/master refs/remotes/master [6ms]
2023-08-03 19:01:00.246 [info] > git status -z -uall [7ms]
2023-08-03 19:01:00.496 [info] > git status -z -uall [252ms]
2023-08-03 19:01:01.444 [info] > git ls-files --stage -- /mnt/data69/hewol/aerOS/aerOS-refresh/README.md [5ms]
2023-08-03 19:01:01.449 [info] > git ls-files --stage -- /mnt/data69/hewol/aerOS/aerOS-refresh/aerOS-refresh-for-normal.sh [5ms]
2023-08-03 19:01:01.455 [info] > git cat-file -s 53594ab44b9182b3c42d6fdad9ff219532465cc3 [7ms]
2023-08-03 19:01:01.460 [info] > git show --textconv :aerOS-refresh-for-normal.sh [6ms]
2023-08-03 19:01:01.464 [info] > git show --textconv :README.md [4ms]
2023-08-03 19:02:46.352 [info] > git config --get commit.template [28ms]
2023-08-03 19:02:46.362 [info] > git for-each-ref --format=%(refname)%00%(upstream:short)%00%(objectname)%00%(upstream:track)%00%(upstream:remotename)%00%(upstream:remoteref) refs/heads/main refs/remotes/main [27ms]
2023-08-03 19:02:46.392 [info] > git status -z -uall [14ms]
2023-08-03 19:03:44.116 [info] > git show --textconv :aerOS-refresh-for-se.sh [25ms]
2023-08-03 19:03:44.127 [info] > git ls-files --stage -- /mnt/data69/hewol/aerOS/aerOS-refresh/aerOS-refresh-for-se.sh [16ms]
2023-08-03 19:03:44.334 [info] > git check-ignore -v -z --stdin [2ms]
2023-08-03 19:03:44.930 [info] > git config --get commit.template [16ms]
2023-08-03 19:03:44.936 [info] > git for-each-ref --format=%(refname)%00%(upstream:short)%00%(objectname)%00%(upstream:track)%00%(upstream:remotename)%00%(upstream:remoteref) refs/heads/main refs/remotes/main [8ms]
2023-08-03 19:03:44.944 [info] > git status -z -uall [4ms]
2023-08-03 19:04:01.172 [info] > git fetch [908ms]
2023-08-03 19:04:01.190 [info] > git config --get commit.template [12ms]
2023-08-03 19:04:01.192 [info] > git for-each-ref --format=%(refname)%00%(upstream:short)%00%(objectname)%00%(upstream:track)%00%(upstream:remotename)%00%(upstream:remoteref) refs/heads/main refs/remotes/main [2ms]
2023-08-03 19:04:01.208 [info] > git status -z -uall [6ms]
2023-08-03 19:04:01.352 [info] > git fetch [843ms]
2023-08-03 19:04:01.362 [info] > git config --get commit.template [2ms]
2023-08-03 19:04:01.379 [info] > git for-each-ref --format=%(refname)%00%(upstream:short)%00%(objectname)%00%(upstream:track)%00%(upstream:remotename)%00%(upstream:remoteref) refs/heads/master refs/remotes/master [4ms]
2023-08-03 19:04:01.744 [info] > git status -z -uall [354ms]
2023-08-03 19:04:02.257 [info] > git config --get commit.template [13ms]
2023-08-03 19:04:02.259 [info] > git for-each-ref --format=%(refname)%00%(upstream:short)%00%(objectname)%00%(upstream:track)%00%(upstream:remotename)%00%(upstream:remoteref) refs/heads/main refs/remotes/main [3ms]
2023-08-03 19:04:02.273 [info] > git status -z -uall [9ms]
2023-08-03 19:04:02.646 [info] > git ls-files --stage -- /mnt/data69/hewol/aerOS/aerOS-refresh/aerOS-refresh-for-normal.sh [7ms]
2023-08-03 19:04:02.651 [info] > git ls-files --stage -- /mnt/data69/hewol/aerOS/aerOS-refresh/README.md [25ms]
2023-08-03 19:04:02.660 [info] > git ls-files --stage -- /mnt/data69/hewol/aerOS/aerOS-refresh/aerOS-refresh-for-se.sh [16ms]
2023-08-03 19:04:02.673 [info] > git cat-file -s 53594ab44b9182b3c42d6fdad9ff219532465cc3 [14ms]
2023-08-03 19:04:02.679 [info] > git show --textconv :aerOS-refresh-for-normal.sh [7ms]
2023-08-03 19:04:02.693 [info] > git show --textconv :aerOS-refresh-for-se.sh [14ms]
2023-08-03 19:04:02.695 [info] > git show --textconv :README.md [3ms]
2023-08-03 19:06:46.206 [info] > git config --get commit.template [11ms]
2023-08-03 19:06:46.209 [info] > git for-each-ref --format=%(refname)%00%(upstream:short)%00%(objectname)%00%(upstream:track)%00%(upstream:remotename)%00%(upstream:remoteref) refs/heads/main refs/remotes/main [5ms]
2023-08-03 19:06:46.220 [info] > git status -z -uall [5ms]
2023-08-03 19:07:02.777 [info] > git fetch [1541ms]
2023-08-03 19:07:02.789 [info] > git for-each-ref --format=%(refname)%00%(upstream:short)%00%(objectname)%00%(upstream:track)%00%(upstream:remotename)%00%(upstream:remoteref) refs/heads/main refs/remotes/main [5ms]
2023-08-03 19:07:02.789 [info] > git fetch [1020ms]
2023-08-03 19:07:02.793 [info] > git config --get commit.template [5ms]
2023-08-03 19:07:02.798 [info] > git config --get commit.template [5ms]
2023-08-03 19:07:02.804 [info] > git status -z -uall [6ms]
2023-08-03 19:07:02.813 [info] > git for-each-ref --format=%(refname)%00%(upstream:short)%00%(objectname)%00%(upstream:track)%00%(upstream:remotename)%00%(upstream:remoteref) refs/heads/master refs/remotes/master [10ms]
2023-08-03 19:07:02.819 [info] > git config --get commit.template [6ms]
2023-08-03 19:07:02.828 [info] > git for-each-ref --format=%(refname)%00%(upstream:short)%00%(objectname)%00%(upstream:track)%00%(upstream:remotename)%00%(upstream:remoteref) refs/heads/main refs/remotes/main [5ms]
2023-08-03 19:07:02.839 [info] > git status -z -uall [6ms]
2023-08-03 19:07:03.073 [info] > git status -z -uall [256ms]
2023-08-03 19:07:04.055 [info] > git ls-files --stage -- /mnt/data69/hewol/aerOS/aerOS-refresh/aerOS-refresh-for-normal.sh [8ms]
2023-08-03 19:07:04.056 [info] > git ls-files --stage -- /mnt/data69/hewol/aerOS/aerOS-refresh/README.md [22ms]
2023-08-03 19:07:04.062 [info] > git ls-files --stage -- /mnt/data69/hewol/aerOS/aerOS-refresh/aerOS-refresh-for-se.sh [7ms]
2023-08-03 19:07:04.069 [info] > git cat-file -s 53594ab44b9182b3c42d6fdad9ff219532465cc3 [7ms]
2023-08-03 19:07:04.076 [info] > git show --textconv :aerOS-refresh-for-normal.sh [6ms]
2023-08-03 19:07:04.083 [info] > git show --textconv :aerOS-refresh-for-se.sh [8ms]
2023-08-03 19:07:04.086 [info] > git show --textconv :README.md [4ms]
2023-08-03 19:07:07.875 [info] > git config --get commit.template [16ms]
2023-08-03 19:07:07.882 [info] > git for-each-ref --format=%(refname)%00%(upstream:short)%00%(objectname)%00%(upstream:track)%00%(upstream:remotename)%00%(upstream:remoteref) refs/heads/main refs/remotes/main [9ms]
2023-08-03 19:07:07.894 [info] > git status -z -uall [5ms]
2023-08-03 19:08:50.678 [info] > git config --get commit.template [23ms]
2023-08-03 19:08:50.692 [info] > git for-each-ref --format=%(refname)%00%(upstream:short)%00%(objectname)%00%(upstream:track)%00%(upstream:remotename)%00%(upstream:remoteref) refs/heads/main refs/remotes/main [16ms]
2023-08-03 19:08:50.717 [info] > git status -z -uall [9ms]
2023-08-03 19:13:20.904 [info] > git ls-files --stage -- /mnt/data69/hewol/aerOS/aerOS-refresh/aerOS-refresh-for-normal.sh [16ms]
2023-08-03 19:13:20.913 [info] > git ls-files --stage -- /mnt/data69/hewol/aerOS/aerOS-refresh/README.md [42ms]
2023-08-03 19:13:20.920 [info] > git config --get commit.template [67ms]
2023-08-03 19:13:20.929 [info] > git cat-file -s c811bd1ccfa0cf629f0968d8a55af1b28ad3abad [17ms]
2023-08-03 19:13:20.930 [info] > git ls-files --stage -- /mnt/data69/hewol/aerOS/aerOS-refresh/aerOS-refresh-for-se.sh [32ms]
2023-08-03 19:13:20.937 [info] > git for-each-ref --format=%(refname)%00%(upstream:short)%00%(objectname)%00%(upstream:track)%00%(upstream:remotename)%00%(upstream:remoteref) refs/heads/main refs/remotes/main [12ms]
2023-08-03 19:13:20.942 [info] > git cat-file -s 53594ab44b9182b3c42d6fdad9ff219532465cc3 [23ms]
2023-08-03 19:13:20.952 [info] > git status -z -uall [10ms]
2023-08-03 19:13:20.953 [info] > git show --textconv :aerOS-refresh-for-normal.sh [5ms]
2023-08-03 19:13:20.960 [info] > git cat-file -s e89b44567a3d4416f8c9bdf7f589c1abad613f79 [26ms]
2023-08-03 19:13:20.973 [info] > git show --textconv :README.md [6ms]
2023-08-03 19:13:21.086 [info] > git show --textconv :aerOS-refresh-for-se.sh [3ms]
2023-08-03 19:13:21.783 [info] > git fetch [968ms]
2023-08-03 19:13:21.793 [info] > git config --get commit.template [5ms]
2023-08-03 19:13:21.793 [info] > git fetch [970ms]
2023-08-03 19:13:21.799 [info] > git for-each-ref --format=%(refname)%00%(upstream:short)%00%(objectname)%00%(upstream:track)%00%(upstream:remotename)%00%(upstream:remoteref) refs/heads/main refs/remotes/main [7ms]
2023-08-03 19:13:21.807 [info] > git config --get commit.template [10ms]
2023-08-03 19:13:21.808 [info] > git status -z -uall [5ms]
2023-08-03 19:13:21.812 [info] > git for-each-ref --format=%(refname)%00%(upstream:short)%00%(objectname)%00%(upstream:track)%00%(upstream:remotename)%00%(upstream:remoteref) refs/heads/master refs/remotes/master [5ms]
2023-08-03 19:13:22.045 [info] > git status -z -uall [228ms]
2023-08-03 19:13:23.059 [info] > git ls-files --stage -- /mnt/data69/hewol/aerOS/aerOS-refresh/aerOS-refresh-for-normal.sh [15ms]
2023-08-03 19:13:23.069 [info] > git ls-files --stage -- /mnt/data69/hewol/aerOS/aerOS-refresh/README.md [40ms]
2023-08-03 19:13:23.079 [info] > git cat-file -s c811bd1ccfa0cf629f0968d8a55af1b28ad3abad [10ms]
2023-08-03 19:13:23.080 [info] > git ls-files --stage -- /mnt/data69/hewol/aerOS/aerOS-refresh/aerOS-refresh-for-se.sh [23ms]
2023-08-03 19:13:23.088 [info] > git cat-file -s 53594ab44b9182b3c42d6fdad9ff219532465cc3 [11ms]
2023-08-03 19:13:23.094 [info] > git cat-file -s e89b44567a3d4416f8c9bdf7f589c1abad613f79 [8ms]
2023-08-03 19:13:23.101 [info] > git show --textconv :aerOS-refresh-for-normal.sh [7ms]
2023-08-03 19:13:23.107 [info] > git show --textconv :README.md [6ms]
2023-08-03 19:13:23.118 [info] > git show --textconv :aerOS-refresh-for-se.sh [12ms]
2023-08-03 19:13:26.017 [info] > git config --get commit.template [26ms]
2023-08-03 19:13:26.024 [info] > git for-each-ref --format=%(refname)%00%(upstream:short)%00%(objectname)%00%(upstream:track)%00%(upstream:remotename)%00%(upstream:remoteref) refs/heads/main refs/remotes/main [8ms]
2023-08-03 19:13:26.044 [info] > git status -z -uall [7ms]
