2023-08-03 18:12:23.500 [info] Log level: Info
2023-08-03 18:12:23.500 [info] Validating found git in: "git"
2023-08-03 18:12:23.500 [info] Using git "2.41.0" from "git"
2023-08-03 18:12:23.500 [info] > git rev-parse --show-toplevel [37ms]
2023-08-03 18:12:23.500 [info] > git rev-parse --git-dir --git-common-dir [4ms]
2023-08-03 18:12:23.500 [info] Open repository: /mnt/data69/hewol/aerOS/aerOS-refresh
2023-08-03 18:12:23.503 [info] > git config --get commit.template [15ms]
2023-08-03 18:12:23.521 [info] > git for-each-ref --format=%(refname)%00%(upstream:short)%00%(objectname)%00%(upstream:track)%00%(upstream:remotename)%00%(upstream:remoteref) refs/heads/main refs/remotes/main [8ms]
2023-08-03 18:12:23.576 [info] > git status -z -uall [20ms]
2023-08-03 18:12:23.644 [info] > git config --get commit.template [31ms]
2023-08-03 18:12:23.652 [info] > git for-each-ref --format=%(refname)%00%(upstream:short)%00%(objectname)%00%(upstream:track)%00%(upstream:remotename)%00%(upstream:remoteref) refs/heads/main refs/remotes/main [9ms]
2023-08-03 18:12:23.680 [info] > git status -z -uall [18ms]
2023-08-03 18:12:24.012 [info] > git check-ignore -v -z --stdin [6ms]
2023-08-03 18:12:37.423 [info] > git fetch [895ms]
2023-08-03 18:12:37.446 [info] > git config --get commit.template [15ms]
2023-08-03 18:12:37.451 [info] > git for-each-ref --format=%(refname)%00%(upstream:short)%00%(objectname)%00%(upstream:track)%00%(upstream:remotename)%00%(upstream:remoteref) refs/heads/main refs/remotes/main [6ms]
2023-08-03 18:12:37.463 [info] > git status -z -uall [3ms]
2023-08-03 18:12:38.511 [info] > git config --get commit.template [15ms]
2023-08-03 18:12:38.521 [info] > git for-each-ref --format=%(refname)%00%(upstream:short)%00%(objectname)%00%(upstream:track)%00%(upstream:remotename)%00%(upstream:remoteref) refs/heads/main refs/remotes/main [10ms]
2023-08-03 18:12:38.540 [info] > git status -z -uall [11ms]
2023-08-03 18:12:39.738 [info] > git show --textconv :README.md [47ms]
2023-08-03 18:12:39.745 [info] > git ls-files --stage -- /mnt/data69/hewol/aerOS/aerOS-refresh/README.md [8ms]
2023-08-03 18:12:39.805 [info] > git cat-file -s 151c539dbe8b07bbe9f43d28a838ea69e556c84b [23ms]
2023-08-03 18:18:37.927 [info] > git config --get commit.template [65ms]
2023-08-03 18:18:37.956 [info] > git ls-files --stage -- /mnt/data69/hewol/aerOS/aerOS-refresh/README.md [41ms]
2023-08-03 18:18:37.972 [info] > git for-each-ref --format=%(refname)%00%(upstream:short)%00%(objectname)%00%(upstream:track)%00%(upstream:remotename)%00%(upstream:remoteref) refs/heads/main refs/remotes/main [21ms]
2023-08-03 18:18:37.985 [info] > git cat-file -s 91e73352564af64770a522e386feeab49a3229a3 [16ms]
2023-08-03 18:18:37.994 [info] > git status -z -uall [10ms]
2023-08-03 18:18:38.047 [info] > git show --textconv :README.md [13ms]
2023-08-03 18:18:38.887 [info] > git fetch [1084ms]
2023-08-03 18:18:38.933 [info] > git config --get commit.template [22ms]
2023-08-03 18:18:38.944 [info] > git for-each-ref --format=%(refname)%00%(upstream:short)%00%(objectname)%00%(upstream:track)%00%(upstream:remotename)%00%(upstream:remoteref) refs/heads/main refs/remotes/main [14ms]
2023-08-03 18:18:38.972 [info] > git status -z -uall [11ms]
2023-08-03 18:18:40.661 [info] > git ls-files --stage -- /mnt/data69/hewol/aerOS/aerOS-refresh/README.md [1ms]
2023-08-03 18:18:40.670 [info] > git cat-file -s 91e73352564af64770a522e386feeab49a3229a3 [4ms]
2023-08-03 18:18:40.683 [info] > git show --textconv :README.md [3ms]
2023-08-03 18:18:43.034 [info] > git config --get commit.template [18ms]
2023-08-03 18:18:43.042 [info] > git for-each-ref --format=%(refname)%00%(upstream:short)%00%(objectname)%00%(upstream:track)%00%(upstream:remotename)%00%(upstream:remoteref) refs/heads/main refs/remotes/main [10ms]
2023-08-03 18:18:43.050 [info] > git status -z -uall [2ms]
2023-08-03 18:20:38.037 [info] > git config --get commit.template [31ms]
2023-08-03 18:20:38.084 [info] > git ls-files --stage -- /mnt/data69/hewol/aerOS/aerOS-refresh/README.md [50ms]
2023-08-03 18:20:38.106 [info] > git for-each-ref --format=%(refname)%00%(upstream:short)%00%(objectname)%00%(upstream:track)%00%(upstream:remotename)%00%(upstream:remoteref) refs/heads/main refs/remotes/main [23ms]
2023-08-03 18:20:38.155 [info] > git cat-file -s 53594ab44b9182b3c42d6fdad9ff219532465cc3 [49ms]
2023-08-03 18:20:38.171 [info] > git status -z -uall [21ms]
2023-08-03 18:20:38.220 [info] > git show --textconv :README.md [14ms]
2023-08-03 18:20:54.326 [info] > git config --get commit.template [20ms]
2023-08-03 18:20:54.327 [info] > git for-each-ref --format=%(refname)%00%(upstream:short)%00%(objectname)%00%(upstream:track)%00%(upstream:remotename)%00%(upstream:remoteref) refs/heads/main refs/remotes/main [10ms]
2023-08-03 18:20:54.339 [info] > git status -z -uall [4ms]
2023-08-03 18:20:54.383 [info] > git ls-files --stage -- /mnt/data69/hewol/aerOS/aerOS-refresh/README.md [4ms]
2023-08-03 18:20:54.401 [info] > git cat-file -s 53594ab44b9182b3c42d6fdad9ff219532465cc3 [9ms]
2023-08-03 18:20:54.421 [info] > git show --textconv :README.md [3ms]
2023-08-03 18:21:50.439 [info] > git fetch [916ms]
2023-08-03 18:21:50.505 [info] > git config --get commit.template [38ms]
2023-08-03 18:21:50.511 [info] > git for-each-ref --format=%(refname)%00%(upstream:short)%00%(objectname)%00%(upstream:track)%00%(upstream:remotename)%00%(upstream:remoteref) refs/heads/main refs/remotes/main [9ms]
2023-08-03 18:21:50.532 [info] > git status -z -uall [11ms]
2023-08-03 18:22:00.505 [info] > git ls-files --stage -- /mnt/data69/hewol/aerOS/aerOS-refresh/README.md [9ms]
2023-08-03 18:22:00.526 [info] > git cat-file -s 53594ab44b9182b3c42d6fdad9ff219532465cc3 [5ms]
2023-08-03 18:22:00.534 [info] > git show --textconv :README.md [3ms]
