2023-08-03 18:08:22.300 [info] Reading sessions from keychain...
2023-08-03 18:08:22.300 [info] Getting sessions for all scopes...
2023-08-03 18:08:22.300 [info] Got stored sessions!
2023-08-03 18:08:22.300 [info] Got 1 verified sessions.
2023-08-03 18:08:22.300 [info] Got 1 sessions for ...
2023-08-03 18:08:22.300 [info] Getting sessions for all scopes...
2023-08-03 18:08:22.300 [info] Got 1 sessions for ...
2023-08-03 18:08:22.300 [info] Getting sessions for user:email...
2023-08-03 18:08:22.300 [info] Got 0 sessions for user:email...
2023-08-03 18:08:23.110 [info] Getting sessions for all scopes...
2023-08-03 18:08:23.110 [info] Got 1 sessions for ...
2023-08-03 18:08:40.269 [info] Reading sessions from keychain...
2023-08-03 18:08:40.269 [info] Getting sessions for all scopes...
2023-08-03 18:08:40.269 [info] Getting sessions for user:email...
2023-08-03 18:08:40.411 [info] Got stored sessions!
2023-08-03 18:08:40.411 [info] Got 1 verified sessions.
2023-08-03 18:08:40.411 [info] Got 1 sessions for ...
2023-08-03 18:08:40.411 [info] Got 0 sessions for user:email...
2023-08-03 18:08:40.476 [info] Getting sessions for all scopes...
2023-08-03 18:08:40.477 [info] Got 1 sessions for ...
