2023-07-11 17:50:12.648 [info] Added views:workbench.panel.markers.view in workbench.panel.markers
2023-07-11 17:50:12.648 [info] Added views:workbench.panel.output in workbench.panel.output
2023-07-11 17:50:12.648 [info] Added views:terminal in terminal
2023-07-11 17:50:12.648 [info] Added views:outline in workbench.view.explorer
2023-07-11 17:50:12.648 [info] Added views:workbench.scm in workbench.view.scm
2023-07-11 17:50:12.648 [info] Added views:workbench.view.search in workbench.view.search
2023-07-11 17:50:12.648 [info] Added views:timeline in workbench.view.explorer
2023-07-11 17:50:12.648 [info] Added views:workbench.explorer.openEditorsView,workbench.explorer.emptyView in workbench.view.explorer
2023-07-11 17:50:13.160 [info] Added views:liveshare.session in workbench.view.extension.liveshare
2023-07-11 17:50:13.313 [info] Added views:workbench.debug.variablesView,workbench.debug.watchExpressionsView,workbench.debug.callStackView,workbench.debug.breakPointsView in workbench.view.debug
2023-07-11 17:50:13.530 [info] Added views:workbench.panel.repl.view in workbench.panel.repl
2023-07-11 17:50:13.532 [info] Removed views:workbench.debug.breakPointsView,workbench.debug.callStackView,workbench.debug.watchExpressionsView,workbench.debug.variablesView from workbench.view.debug
2023-07-11 17:50:13.533 [info] Added views:workbench.debug.welcome in workbench.view.debug
2023-07-11 17:50:25.942 [info] Added views:workbench.panel.markers.view in workbench.panel.markers
2023-07-11 17:50:25.942 [info] Added views:workbench.panel.output in workbench.panel.output
2023-07-11 17:50:25.942 [info] Added views:terminal in terminal
2023-07-11 17:50:25.942 [info] Added views:outline in workbench.view.explorer
2023-07-11 17:50:25.942 [info] Added views:workbench.scm in workbench.view.scm
2023-07-11 17:50:25.942 [info] Added views:workbench.view.search in workbench.view.search
2023-07-11 17:50:25.942 [info] Added views:timeline in workbench.view.explorer
2023-07-11 17:50:25.942 [info] Added views:workbench.explorer.openEditorsView,workbench.explorer.fileView in workbench.view.explorer
2023-07-11 17:50:26.384 [info] Added views:liveshare.session in workbench.view.extension.liveshare
2023-07-11 17:50:26.541 [info] Added views:workbench.debug.variablesView,workbench.debug.watchExpressionsView,workbench.debug.callStackView,workbench.debug.breakPointsView in workbench.view.debug
2023-07-11 17:50:26.760 [info] Added views:workbench.panel.repl.view in workbench.panel.repl
2023-07-11 17:50:26.763 [info] Removed views:workbench.debug.breakPointsView,workbench.debug.callStackView,workbench.debug.watchExpressionsView,workbench.debug.variablesView from workbench.view.debug
2023-07-11 17:50:26.764 [info] Added views:workbench.debug.welcome in workbench.view.debug
