2023-07-20 17:16:34.039 [info] Log level: Info
2023-07-20 17:16:34.039 [info] Validating found git in: "git"
2023-07-20 17:16:34.039 [info] Using git "2.41.0" from "git"
2023-07-20 17:16:34.039 [info] > git rev-parse --show-toplevel [15ms]
2023-07-20 17:16:34.039 [info] fatal: not a git repository (or any of the parent directories): .git
2023-07-20 17:16:34.039 [info] > git rev-parse --show-toplevel [37ms]
2023-07-20 17:16:34.039 [info] fatal: not a git repository (or any of the parent directories): .git
2023-07-20 17:16:34.039 [info] > git rev-parse --show-toplevel [12ms]
2023-07-20 17:16:34.039 [info] fatal: not a git repository (or any of the parent directories): .git
2023-07-20 17:16:34.053 [info] > git rev-parse --show-toplevel [13ms]
2023-07-20 17:16:34.053 [info] fatal: not a git repository (or any of the parent directories): .git
2023-07-20 17:16:34.095 [info] > git rev-parse --show-toplevel [18ms]
2023-07-20 17:16:34.096 [info] fatal: not a git repository (or any of the parent directories): .git
2023-07-20 17:16:34.141 [info] > git rev-parse --show-toplevel [18ms]
2023-07-20 17:16:34.141 [info] fatal: not a git repository (or any of the parent directories): .git
2023-07-20 17:16:34.174 [info] > git rev-parse --show-toplevel [2ms]
2023-07-20 17:16:34.174 [info] fatal: not a git repository (or any of the parent directories): .git
2023-07-20 17:16:34.245 [info] > git rev-parse --show-toplevel [63ms]
2023-07-20 17:16:34.245 [info] fatal: not a git repository (or any of the parent directories): .git
2023-07-20 17:16:34.290 [info] > git rev-parse --show-toplevel [19ms]
2023-07-20 17:16:34.290 [info] fatal: not a git repository (or any of the parent directories): .git
2023-07-20 17:16:34.304 [info] > git rev-parse --show-toplevel [5ms]
2023-07-20 17:16:34.304 [info] fatal: not a git repository (or any of the parent directories): .git
2023-07-20 17:16:34.318 [info] > git rev-parse --show-toplevel [5ms]
2023-07-20 17:16:34.318 [info] fatal: not a git repository (or any of the parent directories): .git
2023-07-20 17:16:34.342 [info] > git rev-parse --show-toplevel [7ms]
2023-07-20 17:16:34.342 [info] fatal: not a git repository (or any of the parent directories): .git
2023-07-20 17:16:34.358 [info] > git rev-parse --show-toplevel [2ms]
2023-07-20 17:16:34.358 [info] fatal: not a git repository (or any of the parent directories): .git
2023-07-20 17:16:34.369 [info] > git rev-parse --show-toplevel [5ms]
2023-07-20 17:16:34.369 [info] fatal: not a git repository (or any of the parent directories): .git
2023-07-20 17:16:34.378 [info] > git rev-parse --show-toplevel [3ms]
2023-07-20 17:16:34.378 [info] fatal: not a git repository (or any of the parent directories): .git
2023-07-20 17:16:34.388 [info] > git rev-parse --show-toplevel [3ms]
2023-07-20 17:16:34.388 [info] fatal: not a git repository (or any of the parent directories): .git
2023-07-20 17:16:34.400 [info] > git rev-parse --show-toplevel [2ms]
2023-07-20 17:16:34.400 [info] fatal: not a git repository (or any of the parent directories): .git
2023-07-20 17:16:34.409 [info] > git rev-parse --show-toplevel [2ms]
2023-07-20 17:16:34.409 [info] fatal: not a git repository (or any of the parent directories): .git
2023-07-20 17:16:34.419 [info] > git rev-parse --show-toplevel [1ms]
2023-07-20 17:16:34.419 [info] fatal: not a git repository (or any of the parent directories): .git
2023-07-20 17:16:34.436 [info] > git rev-parse --show-toplevel [4ms]
2023-07-20 17:16:34.436 [info] fatal: not a git repository (or any of the parent directories): .git
2023-07-20 17:16:34.469 [info] > git rev-parse --show-toplevel [11ms]
2023-07-20 17:16:34.469 [info] fatal: not a git repository (or any of the parent directories): .git
2023-07-20 17:16:34.497 [info] > git rev-parse --show-toplevel [21ms]
2023-07-20 17:16:34.497 [info] fatal: not a git repository (or any of the parent directories): .git
2023-07-20 17:16:34.552 [info] > git rev-parse --show-toplevel [7ms]
2023-07-20 17:16:34.552 [info] fatal: not a git repository (or any of the parent directories): .git
2023-07-20 17:16:34.580 [info] > git rev-parse --show-toplevel [10ms]
2023-07-20 17:16:34.580 [info] fatal: not a git repository (or any of the parent directories): .git
2023-07-20 17:16:34.593 [info] > git rev-parse --show-toplevel [1ms]
2023-07-20 17:16:34.594 [info] fatal: not a git repository (or any of the parent directories): .git
2023-07-20 17:16:34.653 [info] > git rev-parse --show-toplevel [12ms]
2023-07-20 17:16:34.654 [info] fatal: not a git repository (or any of the parent directories): .git
2023-07-20 17:16:34.692 [info] > git rev-parse --show-toplevel [16ms]
2023-07-20 17:16:34.725 [info] > git rev-parse --git-dir --git-common-dir [1ms]
2023-07-20 17:16:34.797 [info] Open repository: /home/debarka/Graphite-gtk-theme
2023-07-20 17:16:34.834 [info] > git rev-parse --show-toplevel [18ms]
2023-07-20 17:16:34.834 [info] fatal: not a git repository (or any of the parent directories): .git
2023-07-20 17:16:34.855 [info] > git config --get commit.template [23ms]
2023-07-20 17:16:34.900 [info] > git rev-parse --show-toplevel [48ms]
2023-07-20 17:16:34.900 [info] fatal: not a git repository (or any of the parent directories): .git
2023-07-20 17:16:34.925 [info] > git for-each-ref --format=%(refname)%00%(upstream:short)%00%(objectname)%00%(upstream:track)%00%(upstream:remotename)%00%(upstream:remoteref) refs/heads/main refs/remotes/main [27ms]
2023-07-20 17:16:34.956 [info] > git rev-parse --show-toplevel [34ms]
2023-07-20 17:16:34.956 [info] fatal: not a git repository (or any of the parent directories): .git
2023-07-20 17:16:34.979 [info] > git rev-parse --show-toplevel [12ms]
2023-07-20 17:16:34.980 [info] fatal: not a git repository (or any of the parent directories): .git
2023-07-20 17:16:35.018 [info] > git rev-parse --show-toplevel [1ms]
2023-07-20 17:16:35.018 [info] fatal: not a git repository (or any of the parent directories): .git
2023-07-20 17:16:35.037 [info] > git rev-parse --show-toplevel [1ms]
2023-07-20 17:16:35.037 [info] fatal: not a git repository (or any of the parent directories): .git
2023-07-20 17:16:35.064 [info] > git rev-parse --show-toplevel [2ms]
2023-07-20 17:16:35.064 [info] fatal: not a git repository (or any of the parent directories): .git
2023-07-20 17:16:35.082 [info] > git rev-parse --show-toplevel [6ms]
2023-07-20 17:16:35.113 [info] > git status -z -uall [158ms]
2023-07-20 17:16:35.157 [info] > git rev-parse --git-dir --git-common-dir [42ms]
2023-07-20 17:16:35.165 [info] Open repository: /home/debarka/aerOS
2023-07-20 17:16:35.218 [info] > git config --get commit.template [64ms]
2023-07-20 17:16:35.222 [info] > git config --get commit.template [7ms]
2023-07-20 17:16:35.222 [info] > git rev-parse --show-toplevel [24ms]
2023-07-20 17:16:35.265 [info] > git rev-parse --git-dir --git-common-dir [33ms]
2023-07-20 17:16:35.285 [info] Open repository: /home/debarka/arch-linux-gui-gnome
2023-07-20 17:16:35.363 [info] > git for-each-ref --format=%(refname)%00%(upstream:short)%00%(objectname)%00%(upstream:track)%00%(upstream:remotename)%00%(upstream:remoteref) refs/heads/main refs/remotes/main [100ms]
2023-07-20 17:16:35.401 [info] > git config --get commit.template [36ms]
2023-07-20 17:16:35.402 [info] > git for-each-ref --format=%(refname)%00%(upstream:short)%00%(objectname)%00%(upstream:track)%00%(upstream:remotename)%00%(upstream:remoteref) refs/heads/master refs/remotes/master [51ms]
2023-07-20 17:16:35.429 [info] > git rev-parse --show-toplevel [104ms]
2023-07-20 17:16:35.471 [info] > git status -z -uall [92ms]
2023-07-20 17:16:35.471 [info] > git rev-parse --git-dir --git-common-dir [36ms]
2023-07-20 17:16:35.488 [info] Open repository: /home/debarka/arch-linux-gui-plasma
2023-07-20 17:16:35.521 [info] > git status -z -uall [93ms]
2023-07-20 17:16:35.521 [info] > git rev-parse --show-toplevel [18ms]
2023-07-20 17:16:35.521 [info] fatal: not a git repository (or any of the parent directories): .git
2023-07-20 17:16:35.544 [info] > git for-each-ref --format=%(refname)%00%(upstream:short)%00%(objectname)%00%(upstream:track)%00%(upstream:remotename)%00%(upstream:remoteref) refs/heads/master refs/remotes/master [88ms]
2023-07-20 17:16:35.689 [info] > git status -z -uall [91ms]
2023-07-20 17:16:35.724 [info] > git rev-parse --show-toplevel [180ms]
2023-07-20 17:16:35.731 [info] > git config --get commit.template [211ms]
2023-07-20 17:16:35.742 [info] > git config --get commit.template [86ms]
2023-07-20 17:16:35.767 [info] > git rev-parse --git-dir --git-common-dir [35ms]
2023-07-20 17:16:35.775 [info] Open repository: /home/debarka/calamares-manjaro
2023-07-20 17:16:35.893 [info] > git rev-parse --show-toplevel [78ms]
2023-07-20 17:16:35.893 [info] fatal: not a git repository (or any of the parent directories): .git
2023-07-20 17:16:35.908 [info] > git for-each-ref --format=%(refname)%00%(upstream:short)%00%(objectname)%00%(upstream:track)%00%(upstream:remotename)%00%(upstream:remoteref) refs/heads/main refs/remotes/main [142ms]
2023-07-20 17:16:35.922 [info] > git config --get commit.template [181ms]
2023-07-20 17:16:35.941 [info] > git rev-parse --show-toplevel [34ms]
2023-07-20 17:16:35.941 [info] fatal: not a git repository (or any of the parent directories): .git
2023-07-20 17:16:35.959 [info] > git config --get commit.template [67ms]
2023-07-20 17:16:35.959 [info] > git for-each-ref --format=%(refname)%00%(upstream:short)%00%(objectname)%00%(upstream:track)%00%(upstream:remotename)%00%(upstream:remoteref) refs/heads/master refs/remotes/master [83ms]
2023-07-20 17:16:36.066 [info] > git status -z -uall [143ms]
2023-07-20 17:16:36.066 [info] > git status -z -uall [79ms]
2023-07-20 17:16:36.076 [info] > git rev-parse --show-toplevel [117ms]
2023-07-20 17:16:36.076 [info] fatal: not a git repository (or any of the parent directories): .git
2023-07-20 17:16:36.102 [info] > git for-each-ref --format=%(refname)%00%(upstream:short)%00%(objectname)%00%(upstream:track)%00%(upstream:remotename)%00%(upstream:remoteref) refs/heads/master refs/remotes/master [161ms]
2023-07-20 17:16:36.154 [info] > git status -z -uall [45ms]
2023-07-20 17:16:36.154 [info] > git rev-parse --show-toplevel [53ms]
2023-07-20 17:16:36.154 [info] fatal: not a git repository (or any of the parent directories): .git
2023-07-20 17:16:36.183 [info] > git config --get commit.template [30ms]
2023-07-20 17:16:36.184 [info] > git for-each-ref --format=%(refname)%00%(upstream:short)%00%(objectname)%00%(upstream:track)%00%(upstream:remotename)%00%(upstream:remoteref) refs/heads/master refs/remotes/master [57ms]
2023-07-20 17:16:36.218 [info] > git rev-parse --show-toplevel [45ms]
2023-07-20 17:16:36.267 [info] > git rev-parse --git-dir --git-common-dir [27ms]
2023-07-20 17:16:36.294 [info] Open repository: /home/debarka/hewol.github.io
2023-07-20 17:16:36.314 [info] > git status -z -uall [109ms]
2023-07-20 17:16:36.342 [info] > git for-each-ref --format=%(refname)%00%(upstream:short)%00%(objectname)%00%(upstream:track)%00%(upstream:remotename)%00%(upstream:remoteref) refs/heads/main refs/remotes/main [80ms]
2023-07-20 17:16:36.476 [info] > git status -z -uall [104ms]
2023-07-20 17:16:36.484 [info] > git config --get commit.template [171ms]
2023-07-20 17:16:36.485 [info] > git rev-parse --show-toplevel [182ms]
2023-07-20 17:16:36.541 [info] > git config --get commit.template [72ms]
2023-07-20 17:16:36.554 [info] > git rev-parse --git-dir --git-common-dir [29ms]
2023-07-20 17:16:36.561 [info] Open repository: /home/debarka/iso-profile
2023-07-20 17:16:36.644 [info] > git for-each-ref --format=%(refname)%00%(upstream:short)%00%(objectname)%00%(upstream:track)%00%(upstream:remotename)%00%(upstream:remoteref) refs/heads/main refs/remotes/main [89ms]
2023-07-20 17:16:36.672 [info] > git config --get commit.template [34ms]
2023-07-20 17:16:36.673 [info] > git for-each-ref --format=%(refname)%00%(upstream:short)%00%(objectname)%00%(upstream:track)%00%(upstream:remotename)%00%(upstream:remoteref) refs/heads/master refs/remotes/master [60ms]
2023-07-20 17:16:36.705 [info] > git rev-parse --show-toplevel [126ms]
2023-07-20 17:16:36.705 [info] fatal: not a git repository (or any of the parent directories): .git
2023-07-20 17:16:36.785 [info] > git status -z -uall [81ms]
2023-07-20 17:16:36.785 [info] > git check-ignore -v -z --stdin [52ms]
2023-07-20 17:16:36.787 [info] > git rev-parse --show-toplevel [69ms]
2023-07-20 17:16:36.787 [info] fatal: not a git repository (or any of the parent directories): .git
2023-07-20 17:16:36.829 [info] > git check-ignore -v -z --stdin [53ms]
2023-07-20 17:16:36.830 [info] > git rev-parse --show-toplevel [26ms]
2023-07-20 17:16:36.830 [info] fatal: not a git repository (or any of the parent directories): .git
2023-07-20 17:16:36.854 [info] > git for-each-ref --format=%(refname)%00%(upstream:short)%00%(objectname)%00%(upstream:track)%00%(upstream:remotename)%00%(upstream:remoteref) refs/heads/main refs/remotes/main [26ms]
2023-07-20 17:16:36.866 [info] > git rev-parse --show-toplevel [21ms]
2023-07-20 17:16:36.866 [info] fatal: not a git repository (or any of the parent directories): .git
2023-07-20 17:16:36.886 [info] > git rev-parse --show-toplevel [6ms]
2023-07-20 17:16:36.907 [info] > git status -z -uall [42ms]
2023-07-20 17:16:36.920 [info] > git rev-parse --git-dir --git-common-dir [14ms]
2023-07-20 17:16:36.925 [info] Open repository: /home/debarka/yay
2023-07-20 17:16:36.943 [info] > git config --get commit.template [22ms]
2023-07-20 17:16:36.943 [info] > git rev-parse --show-toplevel [10ms]
2023-07-20 17:16:36.943 [info] fatal: not a git repository (or any of the parent directories): .git
2023-07-20 17:16:36.972 [info] > git config --get commit.template [30ms]
2023-07-20 17:16:36.973 [info] > git for-each-ref --format=%(refname)%00%(upstream:short)%00%(objectname)%00%(upstream:track)%00%(upstream:remotename)%00%(upstream:remoteref) refs/heads/main refs/remotes/main [19ms]
2023-07-20 17:16:36.992 [info] > git for-each-ref --format=%(refname)%00%(upstream:short)%00%(objectname)%00%(upstream:track)%00%(upstream:remotename)%00%(upstream:remoteref) refs/heads/master refs/remotes/master [20ms]
2023-07-20 17:16:37.007 [info] > git status -z -uall [16ms]
2023-07-20 17:16:37.020 [info] > git status -z -uall [13ms]
2023-07-20 17:16:37.060 [info] > git config --get commit.template [4ms]
2023-07-20 17:16:37.088 [info] > git status -z -uall [420ms]
2023-07-20 17:16:37.124 [info] > git for-each-ref --format=%(refname)%00%(upstream:short)%00%(objectname)%00%(upstream:track)%00%(upstream:remotename)%00%(upstream:remoteref) refs/heads/master refs/remotes/master [37ms]
2023-07-20 17:16:37.163 [info] > git config --get commit.template [39ms]
2023-07-20 17:16:37.183 [info] > git status -z -uall [22ms]
2023-07-20 17:16:37.187 [info] > git for-each-ref --format=%(refname)%00%(upstream:short)%00%(objectname)%00%(upstream:track)%00%(upstream:remotename)%00%(upstream:remoteref) refs/heads/main refs/remotes/main [4ms]
2023-07-20 17:16:37.401 [info] > git status -z -uall [203ms]
2023-07-20 17:16:37.420 [info] > git check-ignore -v -z --stdin [56ms]
2023-07-20 17:16:37.421 [info] > git check-ignore -v -z --stdin [22ms]
2023-07-20 17:16:38.084 [info] > git check-ignore -v -z --stdin [30ms]
2023-07-20 17:16:38.085 [info] > git check-ignore -v -z --stdin [13ms]
2023-07-20 17:16:40.184 [info] > git fetch [780ms]
2023-07-20 17:16:40.196 [info] > git config --get commit.template [7ms]
2023-07-20 17:16:40.197 [info] > git for-each-ref --format=%(refname)%00%(upstream:short)%00%(objectname)%00%(upstream:track)%00%(upstream:remotename)%00%(upstream:remoteref) refs/heads/master refs/remotes/master [2ms]
2023-07-20 17:16:40.226 [info] > git status -z -uall [24ms]
2023-07-20 17:16:40.242 [info] > git fetch [863ms]
2023-07-20 17:16:40.256 [info] > git config --get commit.template [6ms]
2023-07-20 17:16:40.256 [info] > git for-each-ref --format=%(refname)%00%(upstream:short)%00%(objectname)%00%(upstream:track)%00%(upstream:remotename)%00%(upstream:remoteref) refs/heads/main refs/remotes/main [1ms]
2023-07-20 17:16:40.285 [info] > git fetch [837ms]
2023-07-20 17:16:40.295 [info] > git fetch [808ms]
2023-07-20 17:16:40.314 [info] > git status -z -uall [51ms]
2023-07-20 17:16:40.314 [info] > git fetch [886ms]
2023-07-20 17:16:40.315 [info] > git config --get commit.template [20ms]
2023-07-20 17:16:40.321 [info] > git for-each-ref --format=%(refname)%00%(upstream:short)%00%(objectname)%00%(upstream:track)%00%(upstream:remotename)%00%(upstream:remoteref) refs/heads/master refs/remotes/master [6ms]
2023-07-20 17:16:40.330 [info] > git config --get commit.template [26ms]
2023-07-20 17:16:40.351 [info] > git config --get commit.template [31ms]
2023-07-20 17:16:40.352 [info] > git for-each-ref --format=%(refname)%00%(upstream:short)%00%(objectname)%00%(upstream:track)%00%(upstream:remotename)%00%(upstream:remoteref) refs/heads/main refs/remotes/main [2ms]
2023-07-20 17:16:40.368 [info] > git status -z -uall [38ms]
2023-07-20 17:16:40.372 [info] > git for-each-ref --format=%(refname)%00%(upstream:short)%00%(objectname)%00%(upstream:track)%00%(upstream:remotename)%00%(upstream:remoteref) refs/heads/main refs/remotes/main [7ms]
2023-07-20 17:16:40.397 [info] > git status -z -uall [39ms]
2023-07-20 17:16:40.424 [info] > git status -z -uall [42ms]
2023-07-20 17:16:40.704 [info] > git fetch [1203ms]
2023-07-20 17:16:40.704 [info] From https://aur.archlinux.org/yay
   628f0f6..3b3b0e9  master     -> origin/master
2023-07-20 17:16:40.724 [info] > git config --get commit.template [10ms]
2023-07-20 17:16:40.730 [info] > git for-each-ref --format=%(refname)%00%(upstream:short)%00%(objectname)%00%(upstream:track)%00%(upstream:remotename)%00%(upstream:remoteref) refs/heads/master refs/remotes/master [7ms]
2023-07-20 17:16:40.737 [info] > git status -z -uall [2ms]
