2023-07-23 20:16:53.536 [info] Log level: Info
2023-07-23 20:16:53.536 [info] Validating found git in: "git"
2023-07-23 20:16:53.536 [info] Using git "2.41.0" from "git"
2023-07-23 20:16:53.536 [info] > git rev-parse --show-toplevel [20ms]
2023-07-23 20:16:53.552 [info] > git rev-parse --git-dir --git-common-dir [6ms]
2023-07-23 20:16:53.570 [info] Open repository: /home/debarka/.config/.config-arch
2023-07-23 20:16:53.599 [info] > git config --get commit.template [12ms]
2023-07-23 20:16:53.600 [info] > git rev-parse --show-toplevel [21ms]
2023-07-23 20:16:53.600 [info] fatal: not a git repository (or any parent up to mount point /mnt)
Stopping at filesystem boundary (GIT_DISCOVERY_ACROSS_FILESYSTEM not set).
2023-07-23 20:16:53.642 [info] > git for-each-ref --format=%(refname)%00%(upstream:short)%00%(objectname)%00%(upstream:track)%00%(upstream:remotename)%00%(upstream:remoteref) refs/heads/main refs/remotes/main [5ms]
2023-07-23 20:16:53.651 [info] > git status -z -uall [3ms]
2023-07-23 20:16:53.768 [info] > git config --get commit.template [68ms]
2023-07-23 20:16:53.785 [info] > git for-each-ref --format=%(refname)%00%(upstream:short)%00%(objectname)%00%(upstream:track)%00%(upstream:remotename)%00%(upstream:remoteref) refs/heads/main refs/remotes/main [6ms]
2023-07-23 20:16:53.811 [info] > git status -z -uall [7ms]
2023-07-23 20:16:54.402 [info] > git fetch [833ms]
2023-07-23 20:16:54.413 [info] > git config --get commit.template [6ms]
2023-07-23 20:16:54.413 [info] > git for-each-ref --format=%(refname)%00%(upstream:short)%00%(objectname)%00%(upstream:track)%00%(upstream:remotename)%00%(upstream:remoteref) refs/heads/main refs/remotes/main [1ms]
2023-07-23 20:16:54.419 [info] > git status -z -uall [1ms]
2023-07-23 20:16:55.493 [info] > git config --get commit.template [1ms]
2023-07-23 20:16:55.504 [info] > git for-each-ref --format=%(refname)%00%(upstream:short)%00%(objectname)%00%(upstream:track)%00%(upstream:remotename)%00%(upstream:remoteref) refs/heads/main refs/remotes/main [5ms]
2023-07-23 20:16:55.531 [info] > git status -z -uall [20ms]
2023-07-23 20:20:39.026 [info] > git fetch [793ms]
2023-07-23 20:20:39.041 [info] > git config --get commit.template [7ms]
2023-07-23 20:20:39.042 [info] > git for-each-ref --format=%(refname)%00%(upstream:short)%00%(objectname)%00%(upstream:track)%00%(upstream:remotename)%00%(upstream:remoteref) refs/heads/main refs/remotes/main [2ms]
2023-07-23 20:20:39.051 [info] > git status -z -uall [3ms]
2023-07-23 20:20:40.122 [info] > git config --get commit.template [2ms]
2023-07-23 20:20:40.138 [info] > git for-each-ref --format=%(refname)%00%(upstream:short)%00%(objectname)%00%(upstream:track)%00%(upstream:remotename)%00%(upstream:remoteref) refs/heads/main refs/remotes/main [1ms]
2023-07-23 20:20:40.151 [info] > git status -z -uall [3ms]
