00:00:00.010235 main     VirtualBox XPCOM Server 7.0.8 r156879 linux.amd64 (Apr 18 2023 21:49:14) release log
00:00:00.010239 main     Log opened 2023-06-06T12:38:21.763367000Z
00:00:00.010239 main     Build Type: release
00:00:00.010242 main     OS Product: Linux
00:00:00.010243 main     OS Release: 6.3.5-zen1-1-zen
00:00:00.010243 main     OS Version: #1 ZEN SMP PREEMPT_DYNAMIC Tue, 30 May 2023 13:43:47 +0000
00:00:00.010286 main     DMI Product Name: Vostro 3590
00:00:00.010297 main     DMI Product Version: 
00:00:00.010322 main     Firmware type: UEFI
00:00:00.012396 main     Secure Boot: Disabled
00:00:00.019742 main     Host RAM: 3767MB (3.6GB) total, 1413MB available
00:00:00.019750 main     Executable: /usr/lib/virtualbox/VBoxSVC
00:00:00.019751 main     Process ID: 42002
00:00:00.019752 main     Package type: LINUX_64BITS_GENERIC (OSE)
00:00:00.031657 main     IPC socket path: /tmp/.vbox-debarka-ipc/ipcd
00:00:00.145081 nspr-2   VirtualBox: object creation starts
00:00:00.146849 nspr-2   Home directory: '/home/debarka/.config/VirtualBox'
00:00:00.147713 nspr-2   Loading settings file "/home/debarka/.config/VirtualBox/VirtualBox.xml" with version "1.12-linux"
00:00:00.152339 nspr-2   USB: Unknown USB device detected (idVendor: 0x8087, idProduct: 0x0aaa)
00:00:00.152462 nspr-2   Successfully initialised host USB using sysfs
00:00:00.174489 nspr-2   NetIfAdpCtlOut: VBoxNetAdpCtl: Error while retrieving link speed for wlp0s20f3: VBoxNetAdpCtl: ioctl failed: Operation not supported
00:00:00.197789 nspr-2   NetIfAdpCtlOut: VBoxNetAdpCtl: Error while retrieving link status for vmnet1: VBoxNetAdpCtl: ioctl failed: Operation not supported
00:00:00.217583 nspr-2   NetIfAdpCtlOut: VBoxNetAdpCtl: Error while retrieving link status for vmnet8: VBoxNetAdpCtl: ioctl failed: Operation not supported
00:00:00.219602 nspr-2   HostDnsMonitor: initializing
00:00:00.220035 nspr-2   NAT: resolv.conf: nameserver 192.168.157.157
00:00:00.220049 nspr-2   NAT: resolv.conf: nameserver 2401:4900:3a1b:9531::89
00:00:00.220060 nspr-2   HostDnsMonitor: updating information
00:00:00.220073 nspr-2   HostDnsMonitor: old information
00:00:00.220076 nspr-2     no server entries
00:00:00.220079 nspr-2     no domain set
00:00:00.220082 nspr-2     no search string entries
00:00:00.220084 nspr-2   HostDnsMonitor: new information
00:00:00.220087 nspr-2     server 1: 192.168.157.157
00:00:00.220090 nspr-2     server 2: 2401:4900:3a1b:9531::89
00:00:00.220092 nspr-2     no domain set
00:00:00.220094 nspr-2     no search string entries
00:00:00.227185 nspr-2   VD: VDInit finished with VINF_SUCCESS
00:00:00.260114 nspr-2   ERROR [COM]: aRC=NS_ERROR_FAILURE (0x80004005) aIID={300763af-5d6b-46e6-aa96-273eac15538a} aComponent={MachineWrap} aText={Runtime error opening '/mnt/data69/Virtual Machines/Cent OS 7/Cent OS 7.vbox' for reading VERR_FILE_NOT_FOUND (File not found.).
00:00:00.260122 nspr-2   /build/virtualbox/src/VirtualBox-7.0.8/src/VBox/Main/src-server/MachineImpl.cpp[1011] (nsresult Machine::i_registeredInit())}, preserve=false aResultDetail=0
00:00:00.270758 nspr-2   OCI: Reading profiles from '/home/debarka/.config/VirtualBox/oci_config'
00:00:00.272007 nspr-2   OCI: Successfully parsed 1 profiles
00:00:00.272059 nspr-2   OCI: Reading profiles finished with status NS_OK
00:00:00.272068 nspr-2   ExtPack: Created cloud provider 'OCI' (hrc=NS_OK)
00:00:00.272514 nspr-2   VirtualBox: object created
00:00:00.994904 nspr-3   ERROR [COM]: aRC=NS_ERROR_FAILURE (0x80004005) aIID={300763af-5d6b-46e6-aa96-273eac15538a} aComponent={MachineWrap} aText={Runtime error opening '/mnt/data69/Virtual Machines/Cent OS 7/Cent OS 7.vbox' for reading VERR_FILE_NOT_FOUND (File not found.).
00:00:00.994914 nspr-3   /build/virtualbox/src/VirtualBox-7.0.8/src/VBox/Main/src-server/MachineImpl.cpp[1011] (nsresult Machine::i_registeredInit())}, preserve=false aResultDetail=0
00:00:00.998941 nspr-3   ERROR [COM]: aRC=NS_ERROR_FAILURE (0x80004005) aIID={300763af-5d6b-46e6-aa96-273eac15538a} aComponent={MachineWrap} aText={Runtime error opening '/mnt/data69/Virtual Machines/Cent OS 7/Cent OS 7.vbox' for reading VERR_FILE_NOT_FOUND (File not found.).
00:00:00.998947 nspr-3   /build/virtualbox/src/VirtualBox-7.0.8/src/VBox/Main/src-server/MachineImpl.cpp[1011] (nsresult Machine::i_registeredInit())}, preserve=false aResultDetail=0
00:00:01.008515 nspr-3   ERROR [COM]: aRC=NS_ERROR_FAILURE (0x80004005) aIID={300763af-5d6b-46e6-aa96-273eac15538a} aComponent={MachineWrap} aText={Runtime error opening '/mnt/data69/Virtual Machines/Cent OS 7/Cent OS 7.vbox' for reading VERR_FILE_NOT_FOUND (File not found.).
00:00:01.008527 nspr-3   /build/virtualbox/src/VirtualBox-7.0.8/src/VBox/Main/src-server/MachineImpl.cpp[1011] (nsresult Machine::i_registeredInit())}, preserve=false aResultDetail=0
00:00:01.015438 nspr-3   ERROR [COM]: aRC=NS_ERROR_INVALID_ARG (0x80070057) aIID={c2db178a-7485-11ec-aec4-2fbf90681a84} aComponent={CloudClientWrap} aText={Invalid path for key file: 'Full path and filename of the private key'}, preserve=false aResultDetail=0
00:00:01.233948 nspr-3   ERROR [COM]: aRC=E_ACCESSDENIED (0x80070005) aIID={300763af-5d6b-46e6-aa96-273eac15538a} aComponent={MachineWrap} aText={The object functionality is limited}, preserve=false aResultDetail=0
00:00:01.298690 nspr-3   ERROR [COM]: aRC=NS_ERROR_FAILURE (0x80004005) aIID={300763af-5d6b-46e6-aa96-273eac15538a} aComponent={MachineWrap} aText={Runtime error opening '/mnt/data69/Virtual Machines/Cent OS 7/Cent OS 7.vbox' for reading VERR_FILE_NOT_FOUND (File not found.).
00:00:01.298699 nspr-3   /build/virtualbox/src/VirtualBox-7.0.8/src/VBox/Main/src-server/MachineImpl.cpp[1011] (nsresult Machine::i_registeredInit())}, preserve=false aResultDetail=0
00:00:01.409402 nspr-2   ERROR [COM]: aRC=E_ACCESSDENIED (0x80070005) aIID={300763af-5d6b-46e6-aa96-273eac15538a} aComponent={MachineWrap} aText={The object functionality is limited}, preserve=false aResultDetail=0
00:00:01.441924 nspr-2   ERROR [COM]: aRC=NS_ERROR_FAILURE (0x80004005) aIID={300763af-5d6b-46e6-aa96-273eac15538a} aComponent={MachineWrap} aText={Runtime error opening '/mnt/data69/Virtual Machines/Cent OS 7/Cent OS 7.vbox' for reading VERR_FILE_NOT_FOUND (File not found.).
00:00:01.441933 nspr-2   /build/virtualbox/src/VirtualBox-7.0.8/src/VBox/Main/src-server/MachineImpl.cpp[1011] (nsresult Machine::i_registeredInit())}, preserve=false aResultDetail=0
00:00:01.458508 nspr-2   ERROR [COM]: aRC=NS_ERROR_FAILURE (0x80004005) aIID={300763af-5d6b-46e6-aa96-273eac15538a} aComponent={MachineWrap} aText={Runtime error opening '/mnt/data69/Virtual Machines/Cent OS 7/Cent OS 7.vbox' for reading VERR_FILE_NOT_FOUND (File not found.).
00:00:01.458515 nspr-2   /build/virtualbox/src/VirtualBox-7.0.8/src/VBox/Main/src-server/MachineImpl.cpp[1011] (nsresult Machine::i_registeredInit())}, preserve=false aResultDetail=0
00:00:01.618810 nspr-2   ERROR [COM]: aRC=NS_ERROR_FAILURE (0x80004005) aIID={300763af-5d6b-46e6-aa96-273eac15538a} aComponent={MachineWrap} aText={Runtime error opening '/mnt/data69/Virtual Machines/Cent OS 7/Cent OS 7.vbox' for reading VERR_FILE_NOT_FOUND (File not found.).
00:00:01.618820 nspr-2   /build/virtualbox/src/VirtualBox-7.0.8/src/VBox/Main/src-server/MachineImpl.cpp[1011] (nsresult Machine::i_registeredInit())}, preserve=false aResultDetail=0
00:00:01.619894 nspr-2   ERROR [COM]: aRC=E_ACCESSDENIED (0x80070005) aIID={300763af-5d6b-46e6-aa96-273eac15538a} aComponent={MachineWrap} aText={The object functionality is limited}, preserve=false aResultDetail=0
00:00:01.621453 nspr-2   ERROR [COM]: aRC=E_ACCESSDENIED (0x80070005) aIID={300763af-5d6b-46e6-aa96-273eac15538a} aComponent={MachineWrap} aText={The object functionality is limited}, preserve=false aResultDetail=0
00:00:01.623295 nspr-2   ERROR [COM]: aRC=E_ACCESSDENIED (0x80070005) aIID={300763af-5d6b-46e6-aa96-273eac15538a} aComponent={MachineWrap} aText={The object functionality is limited}, preserve=false aResultDetail=0
00:00:01.624258 nspr-2   ERROR [COM]: aRC=E_ACCESSDENIED (0x80070005) aIID={300763af-5d6b-46e6-aa96-273eac15538a} aComponent={MachineWrap} aText={The object functionality is limited}, preserve=false aResultDetail=0
00:00:01.630607 nspr-2   ERROR [COM]: aRC=NS_ERROR_FAILURE (0x80004005) aIID={300763af-5d6b-46e6-aa96-273eac15538a} aComponent={MachineWrap} aText={Runtime error opening '/mnt/data69/Virtual Machines/Cent OS 7/Cent OS 7.vbox' for reading VERR_FILE_NOT_FOUND (File not found.).
00:00:01.630616 nspr-2   /build/virtualbox/src/VirtualBox-7.0.8/src/VBox/Main/src-server/MachineImpl.cpp[1011] (nsresult Machine::i_registeredInit())}, preserve=false aResultDetail=0
00:00:01.640912 nspr-2   ERROR [COM]: aRC=NS_ERROR_FAILURE (0x80004005) aIID={300763af-5d6b-46e6-aa96-273eac15538a} aComponent={MachineWrap} aText={Runtime error opening '/mnt/data69/Virtual Machines/Cent OS 7/Cent OS 7.vbox' for reading VERR_FILE_NOT_FOUND (File not found.).
00:00:01.640922 nspr-2   /build/virtualbox/src/VirtualBox-7.0.8/src/VBox/Main/src-server/MachineImpl.cpp[1011] (nsresult Machine::i_registeredInit())}, preserve=false aResultDetail=0
00:00:01.650747 nspr-2   ERROR [COM]: aRC=NS_ERROR_FAILURE (0x80004005) aIID={300763af-5d6b-46e6-aa96-273eac15538a} aComponent={MachineWrap} aText={Runtime error opening '/mnt/data69/Virtual Machines/Cent OS 7/Cent OS 7.vbox' for reading VERR_FILE_NOT_FOUND (File not found.).
00:00:01.650755 nspr-2   /build/virtualbox/src/VirtualBox-7.0.8/src/VBox/Main/src-server/MachineImpl.cpp[1011] (nsresult Machine::i_registeredInit())}, preserve=false aResultDetail=0
00:00:01.660868 nspr-2   ERROR [COM]: aRC=NS_ERROR_FAILURE (0x80004005) aIID={300763af-5d6b-46e6-aa96-273eac15538a} aComponent={MachineWrap} aText={Runtime error opening '/mnt/data69/Virtual Machines/Cent OS 7/Cent OS 7.vbox' for reading VERR_FILE_NOT_FOUND (File not found.).
00:00:01.660878 nspr-2   /build/virtualbox/src/VirtualBox-7.0.8/src/VBox/Main/src-server/MachineImpl.cpp[1011] (nsresult Machine::i_registeredInit())}, preserve=false aResultDetail=0
00:00:01.671296 nspr-2   ERROR [COM]: aRC=NS_ERROR_FAILURE (0x80004005) aIID={300763af-5d6b-46e6-aa96-273eac15538a} aComponent={MachineWrap} aText={Runtime error opening '/mnt/data69/Virtual Machines/Cent OS 7/Cent OS 7.vbox' for reading VERR_FILE_NOT_FOUND (File not found.).
00:00:01.671303 nspr-2   /build/virtualbox/src/VirtualBox-7.0.8/src/VBox/Main/src-server/MachineImpl.cpp[1011] (nsresult Machine::i_registeredInit())}, preserve=false aResultDetail=0
00:00:01.681873 nspr-2   ERROR [COM]: aRC=NS_ERROR_FAILURE (0x80004005) aIID={300763af-5d6b-46e6-aa96-273eac15538a} aComponent={MachineWrap} aText={Runtime error opening '/mnt/data69/Virtual Machines/Cent OS 7/Cent OS 7.vbox' for reading VERR_FILE_NOT_FOUND (File not found.).
00:00:01.681882 nspr-2   /build/virtualbox/src/VirtualBox-7.0.8/src/VBox/Main/src-server/MachineImpl.cpp[1011] (nsresult Machine::i_registeredInit())}, preserve=false aResultDetail=0
00:00:01.695235 nspr-2   Saving settings file "/home/debarka/.config/VirtualBox/VirtualBox.xml" with version "1.12-linux"
00:00:01.699748 nspr-2   Finished saving settings file "/home/debarka/.config/VirtualBox/VirtualBox.xml"
00:00:08.718064 main     VirtualBox: object deletion starts
00:00:08.718359 main     HostDnsMonitor: shutting down ...
00:00:08.718456 main     HostDnsMonitor: shut down
00:00:08.729822 Watcher  ERROR [COM]: aRC=E_ACCESSDENIED (0x80070005) aIID={7682d5eb-f00e-44f1-8ca2-99d08b1cd607} aComponent={VirtualBoxWrap} aText={The object is not ready}, preserve=false aResultDetail=0
00:00:08.729929 main     VirtualBox: object deleted
