2023-08-03 18:08:18.257 [info] Added views:workbench.panel.markers.view in workbench.panel.markers
2023-08-03 18:08:18.257 [info] Added views:workbench.panel.output in workbench.panel.output
2023-08-03 18:08:18.257 [info] Added views:terminal in terminal
2023-08-03 18:08:18.257 [info] Added views:outline in workbench.view.explorer
2023-08-03 18:08:18.257 [info] Added views:workbench.scm in workbench.view.scm
2023-08-03 18:08:18.257 [info] Added views:workbench.view.search in workbench.view.search
2023-08-03 18:08:18.257 [info] Added views:timeline in workbench.view.explorer
2023-08-03 18:08:18.257 [info] Added views:workbench.explorer.openEditorsView,workbench.explorer.emptyView in workbench.view.explorer
2023-08-03 18:08:18.574 [info] Added views:workbench.debug.variablesView,workbench.debug.watchExpressionsView,workbench.debug.callStackView,workbench.debug.breakPointsView in workbench.view.debug
2023-08-03 18:08:19.637 [info] Added views:github-actions.empty-view in workbench.view.extension.github-actions
2023-08-03 18:08:19.639 [info] Added views:liveshare.session in workbench.view.extension.liveshare
2023-08-03 18:08:19.960 [info] Added views:workbench.panel.repl.view in workbench.panel.repl
2023-08-03 18:08:19.982 [info] Removed views:workbench.debug.breakPointsView,workbench.debug.callStackView,workbench.debug.watchExpressionsView,workbench.debug.variablesView from workbench.view.debug
2023-08-03 18:08:19.983 [info] Added views:workbench.debug.welcome in workbench.view.debug
2023-08-03 18:08:39.137 [info] Added views:workbench.panel.markers.view in workbench.panel.markers
2023-08-03 18:08:39.137 [info] Added views:workbench.panel.output in workbench.panel.output
2023-08-03 18:08:39.137 [info] Added views:terminal in terminal
2023-08-03 18:08:39.137 [info] Added views:outline in workbench.view.explorer
2023-08-03 18:08:39.137 [info] Added views:workbench.scm in workbench.view.scm
2023-08-03 18:08:39.137 [info] Added views:workbench.view.search in workbench.view.search
2023-08-03 18:08:39.137 [info] Added views:timeline in workbench.view.explorer
2023-08-03 18:08:39.137 [info] Added views:workbench.explorer.openEditorsView,workbench.explorer.fileView in workbench.view.explorer
2023-08-03 18:08:39.519 [info] Added views:github-actions.empty-view in workbench.view.extension.github-actions
2023-08-03 18:08:39.520 [info] Added views:liveshare.session in workbench.view.extension.liveshare
2023-08-03 18:08:39.712 [info] Added views:workbench.debug.variablesView,workbench.debug.watchExpressionsView,workbench.debug.callStackView,workbench.debug.breakPointsView in workbench.view.debug
2023-08-03 18:08:39.965 [info] Added views:workbench.panel.repl.view in workbench.panel.repl
2023-08-03 18:08:39.967 [info] Removed views:workbench.debug.breakPointsView,workbench.debug.callStackView,workbench.debug.watchExpressionsView,workbench.debug.variablesView from workbench.view.debug
2023-08-03 18:08:39.968 [info] Added views:workbench.debug.welcome in workbench.view.debug
