2023-07-23 20:09:51.288 [info] Log level: Info
2023-07-23 20:09:51.288 [info] Validating found git in: "git"
2023-07-23 20:09:51.288 [info] Using git "2.41.0" from "git"
2023-07-23 20:09:51.288 [info] > git rev-parse --show-toplevel [6ms]
2023-07-23 20:09:51.288 [info] > git rev-parse --git-dir --git-common-dir [4ms]
2023-07-23 20:09:51.288 [info] Open repository: /home/debarka/.config/.config-arch
2023-07-23 20:09:51.288 [info] > git rev-parse --show-toplevel [9ms]
2023-07-23 20:09:51.288 [info] fatal: not a git repository (or any parent up to mount point /mnt)
Stopping at filesystem boundary (GIT_DISCOVERY_ACROSS_FILESYSTEM not set).
2023-07-23 20:09:51.288 [info] > git config --get commit.template [8ms]
2023-07-23 20:09:51.310 [info] > git for-each-ref --format=%(refname)%00%(upstream:short)%00%(objectname)%00%(upstream:track)%00%(upstream:remotename)%00%(upstream:remoteref) refs/heads/main refs/remotes/main [15ms]
2023-07-23 20:09:51.332 [info] > git status -z -uall [15ms]
2023-07-23 20:09:51.370 [info] > git for-each-ref --format=%(refname)%00%(upstream:short)%00%(objectname)%00%(upstream:track)%00%(upstream:remotename)%00%(upstream:remoteref) refs/heads/main refs/remotes/main [9ms]
2023-07-23 20:09:51.370 [info] > git config --get commit.template [23ms]
2023-07-23 20:09:51.419 [info] > git status -z -uall [13ms]
2023-07-23 20:09:52.053 [info] > git fetch [789ms]
2023-07-23 20:09:52.072 [info] > git config --get commit.template [1ms]
2023-07-23 20:09:52.081 [info] > git for-each-ref --format=%(refname)%00%(upstream:short)%00%(objectname)%00%(upstream:track)%00%(upstream:remotename)%00%(upstream:remoteref) refs/heads/main refs/remotes/main [3ms]
2023-07-23 20:09:52.090 [info] > git status -z -uall [2ms]
2023-07-23 20:09:53.154 [info] > git config --get commit.template [4ms]
2023-07-23 20:09:53.173 [info] > git for-each-ref --format=%(refname)%00%(upstream:short)%00%(objectname)%00%(upstream:track)%00%(upstream:remotename)%00%(upstream:remoteref) refs/heads/main refs/remotes/main [9ms]
2023-07-23 20:09:53.206 [info] > git status -z -uall [15ms]
